[2020-07-27 20:00:09] [[32minfo[39m] checkStatusOfferLive[{"totalGame":{"from":0,"to":10000},"totalCost":{"from":0,"to":9999999},"numberPay":{"from":0,"to":1000},"lastPaidPack":{"from":0,"to":10000},"age":{"from":0,"to":2592000},"timeLastOnline":{"from":0,"to":2592000},"channelGame":{"from":0,"to":7},"nameObject":"testing 1","offerLive":{"groupOffer":"5f1e96744e331f3094c31e06","groupObject":"5f1e90e43c3e481a40244466","isExpired":true,"timeStart":1595836680,"timeFinish":1595843880,"totalBought":0,"totalShow":0,"totalReceived":0,"_id":"5f1e9750ac6ddc3b90c6591a","__v":0},"totalUser":93,"_id":"5f1e90e43c3e481a40244466","channelPayment":"CARD","__v":0}]
[2020-07-27 20:00:09] [[32minfo[39m] checkStatusOfferLive[{"totalGame":{"from":0,"to":10000},"totalCost":{"from":0,"to":9999999},"numberPay":{"from":0,"to":1000},"lastPaidPack":{"from":0,"to":10000},"age":{"from":0,"to":2592000},"timeLastOnline":{"from":0,"to":2592000},"channelGame":{"from":0,"to":7},"nameObject":"testing 1","offerLive":{"groupOffer":"5f1e96744e331f3094c31e06","groupObject":"5f1e90e43c3e481a40244466","isExpired":true,"timeStart":1595836680,"timeFinish":1595843880,"totalBought":0,"totalShow":0,"totalReceived":0,"_id":"5f1e9750ac6ddc3b90c6591a","__v":0},"totalUser":93,"_id":"5f1e90e43c3e481a40244466","channelPayment":"CARD","__v":0}]
[2020-07-27 20:00:11] [[32minfo[39m] checkStatusOfferLive[{"totalGame":{"from":0,"to":10000},"totalCost":{"from":0,"to":9999999},"numberPay":{"from":0,"to":1000},"lastPaidPack":{"from":0,"to":10000},"age":{"from":0,"to":2592000},"timeLastOnline":{"from":0,"to":2592000},"channelGame":{"from":0,"to":7},"nameObject":"testing 1","offerLive":{"groupOffer":"5f1e96744e331f3094c31e06","groupObject":"5f1e90e43c3e481a40244466","isExpired":true,"timeStart":1595836680,"timeFinish":1595843880,"totalBought":0,"totalShow":0,"totalReceived":0,"_id":"5f1e9750ac6ddc3b90c6591a","__v":0},"totalUser":93,"_id":"5f1e90e43c3e481a40244466","channelPayment":"CARD","__v":0}]
[2020-07-27 20:00:11] [[32minfo[39m] checkStatusOfferLive[{"totalGame":{"from":0,"to":10000},"totalCost":{"from":0,"to":9999999},"numberPay":{"from":0,"to":1000},"lastPaidPack":{"from":0,"to":10000},"age":{"from":0,"to":2592000},"timeLastOnline":{"from":0,"to":2592000},"channelGame":{"from":0,"to":7},"nameObject":"testing 1","offerLive":{"groupOffer":"5f1e96744e331f3094c31e06","groupObject":"5f1e90e43c3e481a40244466","isExpired":true,"timeStart":1595836680,"timeFinish":1595843880,"totalBought":0,"totalShow":0,"totalReceived":0,"_id":"5f1e9750ac6ddc3b90c6591a","__v":0},"totalUser":93,"_id":"5f1e90e43c3e481a40244466","channelPayment":"CARD","__v":0}]
[2020-07-27 20:00:59] [[32minfo[39m] checkStatusOfferLive[{"totalGame":{"from":0,"to":10000},"totalCost":{"from":0,"to":9999999},"numberPay":{"from":0,"to":1000},"lastPaidPack":{"from":0,"to":10000},"age":{"from":0,"to":2592000},"timeLastOnline":{"from":0,"to":2592000},"channelGame":{"from":0,"to":7},"nameObject":"testing 1","offerLive":{"groupOffer":"5f1e96744e331f3094c31e06","groupObject":"5f1e90e43c3e481a40244466","isExpired":true,"timeStart":1595836680,"timeFinish":1595843880,"totalBought":0,"totalShow":0,"totalReceived":0,"_id":"5f1e9750ac6ddc3b90c6591a","__v":0},"totalUser":93,"_id":"5f1e90e43c3e481a40244466","channelPayment":"CARD","__v":0}]
[2020-07-27 20:00:59] [[32minfo[39m] checkStatusOfferLive[{"totalGame":{"from":0,"to":10000},"totalCost":{"from":0,"to":9999999},"numberPay":{"from":0,"to":1000},"lastPaidPack":{"from":0,"to":10000},"age":{"from":0,"to":2592000},"timeLastOnline":{"from":0,"to":2592000},"channelGame":{"from":0,"to":7},"nameObject":"testing 1","offerLive":{"groupOffer":"5f1e96744e331f3094c31e06","groupObject":"5f1e90e43c3e481a40244466","isExpired":true,"timeStart":1595836680,"timeFinish":1595843880,"totalBought":0,"totalShow":0,"totalReceived":0,"_id":"5f1e9750ac6ddc3b90c6591a","__v":0},"totalUser":93,"_id":"5f1e90e43c3e481a40244466","channelPayment":"CARD","__v":0}]
[2020-07-27 20:01:55] [[32minfo[39m] checkStatusOfferLive[{"totalGame":{"from":0,"to":10000},"totalCost":{"from":0,"to":9999999},"numberPay":{"from":0,"to":1000},"lastPaidPack":{"from":0,"to":10000},"age":{"from":0,"to":2592000},"timeLastOnline":{"from":0,"to":2592000},"channelGame":{"from":0,"to":7},"nameObject":"testing 1","offerLive":{"groupOffer":"5f1e96744e331f3094c31e06","groupObject":"5f1e90e43c3e481a40244466","isExpired":true,"timeStart":1595836680,"timeFinish":1595843880,"totalBought":0,"totalShow":0,"totalReceived":0,"_id":"5f1e9750ac6ddc3b90c6591a","__v":0},"totalUser":93,"_id":"5f1e90e43c3e481a40244466","channelPayment":"CARD","__v":0}]
[2020-07-27 20:01:55] [[32minfo[39m] checkStatusOfferLive[{"totalGame":{"from":0,"to":10000},"totalCost":{"from":0,"to":9999999},"numberPay":{"from":0,"to":1000},"lastPaidPack":{"from":0,"to":10000},"age":{"from":0,"to":2592000},"timeLastOnline":{"from":0,"to":2592000},"channelGame":{"from":0,"to":7},"nameObject":"testing 1","offerLive":{"groupOffer":"5f1e96744e331f3094c31e06","groupObject":"5f1e90e43c3e481a40244466","isExpired":true,"timeStart":1595836680,"timeFinish":1595843880,"totalBought":0,"totalShow":0,"totalReceived":0,"_id":"5f1e9750ac6ddc3b90c6591a","__v":0},"totalUser":93,"_id":"5f1e90e43c3e481a40244466","channelPayment":"CARD","__v":0}]
[2020-07-27 20:06:24] [[32minfo[39m] checkStatusOfferLive[{"totalGame":{"from":0,"to":10000},"totalCost":{"from":0,"to":9999999},"numberPay":{"from":0,"to":1000},"lastPaidPack":{"from":0,"to":10000},"age":{"from":0,"to":2592000},"timeLastOnline":{"from":0,"to":2592000},"channelGame":{"from":0,"to":7},"nameObject":"testing 1","offerLive":null,"totalUser":93,"_id":"5f1e90e43c3e481a40244466","channelPayment":"CARD","__v":0}]
[2020-07-27 20:06:24] [[32minfo[39m] checkStatusOfferLive[{"totalGame":{"from":0,"to":10000},"totalCost":{"from":0,"to":9999999},"numberPay":{"from":0,"to":1000},"lastPaidPack":{"from":0,"to":10000},"age":{"from":0,"to":2592000},"timeLastOnline":{"from":0,"to":2592000},"channelGame":{"from":0,"to":7},"nameObject":"testing 1","offerLive":null,"totalUser":93,"_id":"5f1e90e43c3e481a40244466","channelPayment":"CARD","__v":0}]
[2020-07-27 20:08:40] [[32minfo[39m] checkStatusOfferLive[]
[2020-07-27 20:08:40] [[32minfo[39m] checkStatusOfferLive[]
[2020-07-27 20:09:17] [[32minfo[39m] checkStatusOfferLive[{"totalGame":{"from":0,"to":10000},"totalCost":{"from":0,"to":9999999},"numberPay":{"from":0,"to":1000},"lastPaidPack":{"from":0,"to":10000},"age":{"from":0,"to":2592000},"timeLastOnline":{"from":0,"to":2592000},"channelGame":{"from":0,"to":7},"nameObject":"testing 1","offerLive":{"groupOffer":"5f1e96744e331f3094c31e06","groupObject":"5f1e90e43c3e481a40244466","isExpired":false,"timeStart":1595812080,"timeFinish":1595898480,"totalBought":0,"totalShow":0,"totalReceived":0,"_id":"5f1ed1fa8820843768d586db","__v":0},"totalUser":93,"_id":"5f1e90e43c3e481a40244466","channelPayment":"CARD","__v":0}]
[2020-07-27 20:09:17] [[32minfo[39m] offset time client vs server: 0
[2020-07-27 20:09:17] [[32minfo[39m] check status offer "5f1e90e43c3e481a40244466"current time 1595855358| time finish 1595898480
[2020-07-27 20:09:17] [[32minfo[39m] offset time client vs server: 0
[2020-07-27 20:09:17] [[32minfo[39m] checkStatusOfferLive[{"totalGame":{"from":0,"to":10000},"totalCost":{"from":0,"to":9999999},"numberPay":{"from":0,"to":1000},"lastPaidPack":{"from":0,"to":10000},"age":{"from":0,"to":2592000},"timeLastOnline":{"from":0,"to":2592000},"channelGame":{"from":0,"to":7},"nameObject":"testing 1","offerLive":{"groupOffer":"5f1e96744e331f3094c31e06","groupObject":"5f1e90e43c3e481a40244466","isExpired":false,"timeStart":1595812080,"timeFinish":1595898480,"totalBought":0,"totalShow":0,"totalReceived":0,"_id":"5f1ed1fa8820843768d586db","__v":0},"totalUser":93,"_id":"5f1e90e43c3e481a40244466","channelPayment":"CARD","__v":0}]
[2020-07-27 20:09:17] [[32minfo[39m] offset time client vs server: 0
[2020-07-27 20:09:17] [[32minfo[39m] check status offer "5f1e90e43c3e481a40244466"current time 1595855358| time finish 1595898480
[2020-07-27 20:09:17] [[32minfo[39m] offset time client vs server: 0
[2020-07-27 20:09:24] [[32minfo[39m] offset time client vs server: 0
[2020-07-27 20:09:28] [[32minfo[39m] checkStatusOfferLive[{"totalGame":{"from":0,"to":10000},"totalCost":{"from":0,"to":9999999},"numberPay":{"from":0,"to":1000},"lastPaidPack":{"from":0,"to":10000},"age":{"from":0,"to":2592000},"timeLastOnline":{"from":0,"to":2592000},"channelGame":{"from":0,"to":7},"nameObject":"testing 1","offerLive":{"groupOffer":"5f1e96744e331f3094c31e06","groupObject":"5f1e90e43c3e481a40244466","isExpired":false,"timeStart":1595812080,"timeFinish":1595984880,"totalBought":0,"totalShow":0,"totalReceived":0,"_id":"5f1ed1fa8820843768d586db","__v":0},"totalUser":93,"_id":"5f1e90e43c3e481a40244466","channelPayment":"CARD","__v":0}]
[2020-07-27 20:09:28] [[32minfo[39m] offset time client vs server: 0
[2020-07-27 20:09:28] [[32minfo[39m] check status offer "5f1e90e43c3e481a40244466"current time 1595855368| time finish 1595984880
[2020-07-27 20:09:28] [[32minfo[39m] offset time client vs server: 0
[2020-07-27 20:09:28] [[32minfo[39m] checkStatusOfferLive[{"totalGame":{"from":0,"to":10000},"totalCost":{"from":0,"to":9999999},"numberPay":{"from":0,"to":1000},"lastPaidPack":{"from":0,"to":10000},"age":{"from":0,"to":2592000},"timeLastOnline":{"from":0,"to":2592000},"channelGame":{"from":0,"to":7},"nameObject":"testing 1","offerLive":{"groupOffer":"5f1e96744e331f3094c31e06","groupObject":"5f1e90e43c3e481a40244466","isExpired":false,"timeStart":1595812080,"timeFinish":1595984880,"totalBought":0,"totalShow":0,"totalReceived":0,"_id":"5f1ed1fa8820843768d586db","__v":0},"totalUser":93,"_id":"5f1e90e43c3e481a40244466","channelPayment":"CARD","__v":0}]
[2020-07-27 20:09:28] [[32minfo[39m] offset time client vs server: 0
[2020-07-27 20:09:28] [[32minfo[39m] check status offer "5f1e90e43c3e481a40244466"current time 1595855368| time finish 1595984880
[2020-07-27 20:09:28] [[32minfo[39m] offset time client vs server: 0
[2020-07-27 20:10:54] [[32minfo[39m] checkStatusOfferLive[{"totalGame":{"from":0,"to":10000},"totalCost":{"from":0,"to":9999999},"numberPay":{"from":0,"to":1000},"lastPaidPack":{"from":0,"to":10000},"age":{"from":0,"to":2592000},"timeLastOnline":{"from":0,"to":2592000},"channelGame":{"from":0,"to":7},"nameObject":"testing 1","offerLive":{"groupOffer":"5f1e96744e331f3094c31e06","groupObject":"5f1e90e43c3e481a40244466","isExpired":false,"timeStart":1595812080,"timeFinish":1595984880,"totalBought":0,"totalShow":0,"totalReceived":0,"_id":"5f1ed1fa8820843768d586db","__v":0},"totalUser":93,"_id":"5f1e90e43c3e481a40244466","channelPayment":"CARD","__v":0}]
[2020-07-27 20:10:54] [[32minfo[39m] offset time client vs server: 0
[2020-07-27 20:10:54] [[32minfo[39m] check status offer "5f1e90e43c3e481a40244466"current time 1595855454| time finish 1595984880
[2020-07-27 20:10:54] [[32minfo[39m] offset time client vs server: 0
[2020-07-27 20:10:54] [[32minfo[39m] checkStatusOfferLive[{"totalGame":{"from":0,"to":10000},"totalCost":{"from":0,"to":9999999},"numberPay":{"from":0,"to":1000},"lastPaidPack":{"from":0,"to":10000},"age":{"from":0,"to":2592000},"timeLastOnline":{"from":0,"to":2592000},"channelGame":{"from":0,"to":7},"nameObject":"testing 1","offerLive":{"groupOffer":"5f1e96744e331f3094c31e06","groupObject":"5f1e90e43c3e481a40244466","isExpired":false,"timeStart":1595812080,"timeFinish":1595984880,"totalBought":0,"totalShow":0,"totalReceived":0,"_id":"5f1ed1fa8820843768d586db","__v":0},"totalUser":93,"_id":"5f1e90e43c3e481a40244466","channelPayment":"CARD","__v":0}]
[2020-07-27 20:10:54] [[32minfo[39m] offset time client vs server: 0
[2020-07-27 20:10:54] [[32minfo[39m] check status offer "5f1e90e43c3e481a40244466"current time 1595855454| time finish 1595984880
[2020-07-27 20:10:54] [[32minfo[39m] offset time client vs server: 0
[2020-07-27 20:11:01] [[32minfo[39m] checkStatusOfferLive[{"totalGame":{"from":0,"to":10000},"totalCost":{"from":0,"to":9999999},"numberPay":{"from":0,"to":1000},"lastPaidPack":{"from":0,"to":10000},"age":{"from":0,"to":2592000},"timeLastOnline":{"from":0,"to":2592000},"channelGame":{"from":0,"to":7},"nameObject":"testing 1","offerLive":{"groupOffer":"5f1e96744e331f3094c31e06","groupObject":"5f1e90e43c3e481a40244466","isExpired":false,"timeStart":1595812080,"timeFinish":1595984880,"totalBought":0,"totalShow":0,"totalReceived":0,"_id":"5f1ed1fa8820843768d586db","__v":0},"totalUser":93,"_id":"5f1e90e43c3e481a40244466","channelPayment":"CARD","__v":0}]
[2020-07-27 20:11:01] [[32minfo[39m] offset time client vs server: 0
[2020-07-27 20:11:01] [[32minfo[39m] check status offer "5f1e90e43c3e481a40244466"current time 1595855462| time finish 1595984880
[2020-07-27 20:11:01] [[32minfo[39m] offset time client vs server: 0
[2020-07-27 20:11:01] [[32minfo[39m] checkStatusOfferLive[{"totalGame":{"from":0,"to":10000},"totalCost":{"from":0,"to":9999999},"numberPay":{"from":0,"to":1000},"lastPaidPack":{"from":0,"to":10000},"age":{"from":0,"to":2592000},"timeLastOnline":{"from":0,"to":2592000},"channelGame":{"from":0,"to":7},"nameObject":"testing 1","offerLive":{"groupOffer":"5f1e96744e331f3094c31e06","groupObject":"5f1e90e43c3e481a40244466","isExpired":false,"timeStart":1595812080,"timeFinish":1595984880,"totalBought":0,"totalShow":0,"totalReceived":0,"_id":"5f1ed1fa8820843768d586db","__v":0},"totalUser":93,"_id":"5f1e90e43c3e481a40244466","channelPayment":"CARD","__v":0}]
[2020-07-27 20:11:01] [[32minfo[39m] offset time client vs server: 0
[2020-07-27 20:11:01] [[32minfo[39m] check status offer "5f1e90e43c3e481a40244466"current time 1595855462| time finish 1595984880
[2020-07-27 20:11:01] [[32minfo[39m] offset time client vs server: 0
[2020-07-27 20:11:06] [[32minfo[39m] checkStatusOfferLive[{"totalGame":{"from":0,"to":10000},"totalCost":{"from":0,"to":9999999},"numberPay":{"from":0,"to":1000},"lastPaidPack":{"from":0,"to":10000},"age":{"from":0,"to":2592000},"timeLastOnline":{"from":0,"to":2592000},"channelGame":{"from":0,"to":7},"nameObject":"testing 1","offerLive":{"groupOffer":"5f1e96744e331f3094c31e06","groupObject":"5f1e90e43c3e481a40244466","isExpired":false,"timeStart":1595812080,"timeFinish":1595984880,"totalBought":0,"totalShow":0,"totalReceived":0,"_id":"5f1ed1fa8820843768d586db","__v":0},"totalUser":93,"_id":"5f1e90e43c3e481a40244466","channelPayment":"CARD","__v":0}]
[2020-07-27 20:11:06] [[32minfo[39m] offset time client vs server: 0
[2020-07-27 20:11:06] [[32minfo[39m] check status offer "5f1e90e43c3e481a40244466"current time 1595855466| time finish 1595984880
[2020-07-27 20:11:06] [[32minfo[39m] offset time client vs server: 0
[2020-07-27 20:11:06] [[32minfo[39m] checkStatusOfferLive[{"totalGame":{"from":0,"to":10000},"totalCost":{"from":0,"to":9999999},"numberPay":{"from":0,"to":1000},"lastPaidPack":{"from":0,"to":10000},"age":{"from":0,"to":2592000},"timeLastOnline":{"from":0,"to":2592000},"channelGame":{"from":0,"to":7},"nameObject":"testing 1","offerLive":{"groupOffer":"5f1e96744e331f3094c31e06","groupObject":"5f1e90e43c3e481a40244466","isExpired":false,"timeStart":1595812080,"timeFinish":1595984880,"totalBought":0,"totalShow":0,"totalReceived":0,"_id":"5f1ed1fa8820843768d586db","__v":0},"totalUser":93,"_id":"5f1e90e43c3e481a40244466","channelPayment":"CARD","__v":0}]
[2020-07-27 20:11:06] [[32minfo[39m] offset time client vs server: 0
[2020-07-27 20:11:06] [[32minfo[39m] check status offer "5f1e90e43c3e481a40244466"current time 1595855466| time finish 1595984880
[2020-07-27 20:11:06] [[32minfo[39m] offset time client vs server: 0
[2020-07-27 20:11:09] [[32minfo[39m] checkStatusOfferLive[{"totalGame":{"from":0,"to":10000},"totalCost":{"from":0,"to":9999999},"numberPay":{"from":0,"to":1000},"lastPaidPack":{"from":0,"to":10000},"age":{"from":0,"to":2592000},"timeLastOnline":{"from":0,"to":2592000},"channelGame":{"from":0,"to":7},"nameObject":"testing 1","offerLive":{"groupOffer":"5f1e96744e331f3094c31e06","groupObject":"5f1e90e43c3e481a40244466","isExpired":false,"timeStart":1595812080,"timeFinish":1595984880,"totalBought":0,"totalShow":0,"totalReceived":0,"_id":"5f1ed1fa8820843768d586db","__v":0},"totalUser":93,"_id":"5f1e90e43c3e481a40244466","channelPayment":"CARD","__v":0}]
[2020-07-27 20:11:09] [[32minfo[39m] offset time client vs server: 0
[2020-07-27 20:11:09] [[32minfo[39m] check status offer "5f1e90e43c3e481a40244466"current time 1595855470| time finish 1595984880
[2020-07-27 20:11:09] [[32minfo[39m] offset time client vs server: 0
[2020-07-27 20:11:09] [[32minfo[39m] checkStatusOfferLive[{"totalGame":{"from":0,"to":10000},"totalCost":{"from":0,"to":9999999},"numberPay":{"from":0,"to":1000},"lastPaidPack":{"from":0,"to":10000},"age":{"from":0,"to":2592000},"timeLastOnline":{"from":0,"to":2592000},"channelGame":{"from":0,"to":7},"nameObject":"testing 1","offerLive":{"groupOffer":"5f1e96744e331f3094c31e06","groupObject":"5f1e90e43c3e481a40244466","isExpired":false,"timeStart":1595812080,"timeFinish":1595984880,"totalBought":0,"totalShow":0,"totalReceived":0,"_id":"5f1ed1fa8820843768d586db","__v":0},"totalUser":93,"_id":"5f1e90e43c3e481a40244466","channelPayment":"CARD","__v":0}]
[2020-07-27 20:11:09] [[32minfo[39m] offset time client vs server: 0
[2020-07-27 20:11:09] [[32minfo[39m] check status offer "5f1e90e43c3e481a40244466"current time 1595855470| time finish 1595984880
[2020-07-27 20:11:09] [[32minfo[39m] offset time client vs server: 0
[2020-07-27 20:11:24] [[32minfo[39m] checkStatusOfferLive[{"totalGame":{"from":0,"to":10000},"totalCost":{"from":0,"to":9999999},"numberPay":{"from":0,"to":1000},"lastPaidPack":{"from":0,"to":10000},"age":{"from":0,"to":2592000},"timeLastOnline":{"from":0,"to":2592000},"channelGame":{"from":0,"to":7},"nameObject":"testing 1","offerLive":{"groupOffer":"5f1e96744e331f3094c31e06","groupObject":"5f1e90e43c3e481a40244466","isExpired":false,"timeStart":1595812080,"timeFinish":1595984880,"totalBought":0,"totalShow":0,"totalReceived":0,"_id":"5f1ed1fa8820843768d586db","__v":0},"totalUser":93,"_id":"5f1e90e43c3e481a40244466","channelPayment":"CARD","__v":0}]
[2020-07-27 20:11:24] [[32minfo[39m] offset time client vs server: 0
[2020-07-27 20:11:24] [[32minfo[39m] check status offer "5f1e90e43c3e481a40244466"current time 1595855484| time finish 1595984880
[2020-07-27 20:11:24] [[32minfo[39m] offset time client vs server: 0
[2020-07-27 20:11:24] [[32minfo[39m] checkStatusOfferLive[{"totalGame":{"from":0,"to":10000},"totalCost":{"from":0,"to":9999999},"numberPay":{"from":0,"to":1000},"lastPaidPack":{"from":0,"to":10000},"age":{"from":0,"to":2592000},"timeLastOnline":{"from":0,"to":2592000},"channelGame":{"from":0,"to":7},"nameObject":"testing 1","offerLive":{"groupOffer":"5f1e96744e331f3094c31e06","groupObject":"5f1e90e43c3e481a40244466","isExpired":false,"timeStart":1595812080,"timeFinish":1595984880,"totalBought":0,"totalShow":0,"totalReceived":0,"_id":"5f1ed1fa8820843768d586db","__v":0},"totalUser":93,"_id":"5f1e90e43c3e481a40244466","channelPayment":"CARD","__v":0}]
[2020-07-27 20:11:24] [[32minfo[39m] offset time client vs server: 0
[2020-07-27 20:11:24] [[32minfo[39m] check status offer "5f1e90e43c3e481a40244466"current time 1595855484| time finish 1595984880
[2020-07-27 20:11:24] [[32minfo[39m] offset time client vs server: 0
[2020-07-27 20:11:29] [[32minfo[39m] checkStatusOfferLive[{"totalGame":{"from":0,"to":10000},"totalCost":{"from":0,"to":9999999},"numberPay":{"from":0,"to":1000},"lastPaidPack":{"from":0,"to":10000},"age":{"from":0,"to":2592000},"timeLastOnline":{"from":0,"to":2592000},"channelGame":{"from":0,"to":7},"nameObject":"testing 1","offerLive":{"groupOffer":"5f1e96744e331f3094c31e06","groupObject":"5f1e90e43c3e481a40244466","isExpired":false,"timeStart":1595812080,"timeFinish":1595984880,"totalBought":0,"totalShow":0,"totalReceived":0,"_id":"5f1ed1fa8820843768d586db","__v":0},"totalUser":93,"_id":"5f1e90e43c3e481a40244466","channelPayment":"CARD","__v":0}]
[2020-07-27 20:11:29] [[32minfo[39m] offset time client vs server: 0
[2020-07-27 20:11:29] [[32minfo[39m] check status offer "5f1e90e43c3e481a40244466"current time 1595855489| time finish 1595984880
[2020-07-27 20:11:29] [[32minfo[39m] offset time client vs server: 0
[2020-07-27 20:11:29] [[32minfo[39m] checkStatusOfferLive[{"totalGame":{"from":0,"to":10000},"totalCost":{"from":0,"to":9999999},"numberPay":{"from":0,"to":1000},"lastPaidPack":{"from":0,"to":10000},"age":{"from":0,"to":2592000},"timeLastOnline":{"from":0,"to":2592000},"channelGame":{"from":0,"to":7},"nameObject":"testing 1","offerLive":{"groupOffer":"5f1e96744e331f3094c31e06","groupObject":"5f1e90e43c3e481a40244466","isExpired":false,"timeStart":1595812080,"timeFinish":1595984880,"totalBought":0,"totalShow":0,"totalReceived":0,"_id":"5f1ed1fa8820843768d586db","__v":0},"totalUser":93,"_id":"5f1e90e43c3e481a40244466","channelPayment":"CARD","__v":0}]
[2020-07-27 20:11:29] [[32minfo[39m] offset time client vs server: 0
[2020-07-27 20:11:29] [[32minfo[39m] check status offer "5f1e90e43c3e481a40244466"current time 1595855489| time finish 1595984880
[2020-07-27 20:11:29] [[32minfo[39m] offset time client vs server: 0
[2020-07-27 20:11:33] [[32minfo[39m] checkStatusOfferLive[{"totalGame":{"from":0,"to":10000},"totalCost":{"from":0,"to":9999999},"numberPay":{"from":0,"to":1000},"lastPaidPack":{"from":0,"to":10000},"age":{"from":0,"to":2592000},"timeLastOnline":{"from":0,"to":2592000},"channelGame":{"from":0,"to":7},"nameObject":"testing 1","offerLive":{"groupOffer":"5f1e96744e331f3094c31e06","groupObject":"5f1e90e43c3e481a40244466","isExpired":false,"timeStart":1595812080,"timeFinish":1595984880,"totalBought":0,"totalShow":0,"totalReceived":0,"_id":"5f1ed1fa8820843768d586db","__v":0},"totalUser":93,"_id":"5f1e90e43c3e481a40244466","channelPayment":"CARD","__v":0}]
[2020-07-27 20:11:34] [[32minfo[39m] offset time client vs server: 0
[2020-07-27 20:11:34] [[32minfo[39m] check status offer "5f1e90e43c3e481a40244466"current time 1595855494| time finish 1595984880
[2020-07-27 20:11:34] [[32minfo[39m] offset time client vs server: 0
[2020-07-27 20:11:34] [[32minfo[39m] checkStatusOfferLive[{"totalGame":{"from":0,"to":10000},"totalCost":{"from":0,"to":9999999},"numberPay":{"from":0,"to":1000},"lastPaidPack":{"from":0,"to":10000},"age":{"from":0,"to":2592000},"timeLastOnline":{"from":0,"to":2592000},"channelGame":{"from":0,"to":7},"nameObject":"testing 1","offerLive":{"groupOffer":"5f1e96744e331f3094c31e06","groupObject":"5f1e90e43c3e481a40244466","isExpired":false,"timeStart":1595812080,"timeFinish":1595984880,"totalBought":0,"totalShow":0,"totalReceived":0,"_id":"5f1ed1fa8820843768d586db","__v":0},"totalUser":93,"_id":"5f1e90e43c3e481a40244466","channelPayment":"CARD","__v":0}]
[2020-07-27 20:11:34] [[32minfo[39m] offset time client vs server: 0
[2020-07-27 20:11:34] [[32minfo[39m] check status offer "5f1e90e43c3e481a40244466"current time 1595855494| time finish 1595984880
[2020-07-27 20:11:34] [[32minfo[39m] offset time client vs server: 0
[2020-07-27 20:12:14] [[32minfo[39m] checkStatusOfferLive[{"totalGame":{"from":0,"to":10000},"totalCost":{"from":0,"to":9999999},"numberPay":{"from":0,"to":1000},"lastPaidPack":{"from":0,"to":10000},"age":{"from":0,"to":2592000},"timeLastOnline":{"from":0,"to":2592000},"channelGame":{"from":0,"to":7},"nameObject":"testing 1","offerLive":{"groupOffer":"5f1e96744e331f3094c31e06","groupObject":"5f1e90e43c3e481a40244466","isExpired":false,"timeStart":1595812080,"timeFinish":1595984880,"totalBought":0,"totalShow":0,"totalReceived":0,"_id":"5f1ed1fa8820843768d586db","__v":0},"totalUser":93,"_id":"5f1e90e43c3e481a40244466","channelPayment":"CARD","__v":0}]
[2020-07-27 20:12:14] [[32minfo[39m] offset time client vs server: 0
[2020-07-27 20:12:14] [[32minfo[39m] check status offer "5f1e90e43c3e481a40244466"current time 1595855534| time finish 1595984880
[2020-07-27 20:12:14] [[32minfo[39m] offset time client vs server: 0
[2020-07-27 20:12:16] [[32minfo[39m] checkStatusOfferLive[{"totalGame":{"from":0,"to":10000},"totalCost":{"from":0,"to":9999999},"numberPay":{"from":0,"to":1000},"lastPaidPack":{"from":0,"to":10000},"age":{"from":0,"to":2592000},"timeLastOnline":{"from":0,"to":2592000},"channelGame":{"from":0,"to":7},"nameObject":"testing 1","offerLive":{"groupOffer":"5f1e96744e331f3094c31e06","groupObject":"5f1e90e43c3e481a40244466","isExpired":false,"timeStart":1595812080,"timeFinish":1595984880,"totalBought":0,"totalShow":0,"totalReceived":0,"_id":"5f1ed1fa8820843768d586db","__v":0},"totalUser":93,"_id":"5f1e90e43c3e481a40244466","channelPayment":"CARD","__v":0}]
[2020-07-27 20:12:16] [[32minfo[39m] offset time client vs server: 0
[2020-07-27 20:12:16] [[32minfo[39m] check status offer "5f1e90e43c3e481a40244466"current time 1595855536| time finish 1595984880
[2020-07-27 20:12:16] [[32minfo[39m] offset time client vs server: 0
[2020-07-27 20:12:16] [[32minfo[39m] checkStatusOfferLive[{"totalGame":{"from":0,"to":10000},"totalCost":{"from":0,"to":9999999},"numberPay":{"from":0,"to":1000},"lastPaidPack":{"from":0,"to":10000},"age":{"from":0,"to":2592000},"timeLastOnline":{"from":0,"to":2592000},"channelGame":{"from":0,"to":7},"nameObject":"testing 1","offerLive":{"groupOffer":"5f1e96744e331f3094c31e06","groupObject":"5f1e90e43c3e481a40244466","isExpired":false,"timeStart":1595812080,"timeFinish":1595984880,"totalBought":0,"totalShow":0,"totalReceived":0,"_id":"5f1ed1fa8820843768d586db","__v":0},"totalUser":93,"_id":"5f1e90e43c3e481a40244466","channelPayment":"CARD","__v":0}]
[2020-07-27 20:12:16] [[32minfo[39m] offset time client vs server: 0
[2020-07-27 20:12:16] [[32minfo[39m] check status offer "5f1e90e43c3e481a40244466"current time 1595855537| time finish 1595984880
[2020-07-27 20:12:16] [[32minfo[39m] offset time client vs server: 0
[2020-07-27 20:17:25] [[32minfo[39m] checkStatusOfferLive[{"totalGame":{"from":0,"to":10000},"totalCost":{"from":0,"to":9999999},"numberPay":{"from":0,"to":1000},"lastPaidPack":{"from":0,"to":10000},"age":{"from":0,"to":2592000},"timeLastOnline":{"from":0,"to":2592000},"channelGame":{"from":0,"to":7},"nameObject":"testing 1","offerLive":{"groupOffer":"5f1e96744e331f3094c31e06","groupObject":"5f1e90e43c3e481a40244466","isExpired":false,"timeStart":1595812080,"timeFinish":1595984880,"totalBought":0,"totalShow":0,"totalReceived":0,"_id":"5f1ed1fa8820843768d586db","__v":0},"totalUser":93,"_id":"5f1e90e43c3e481a40244466","channelPayment":"CARD","__v":0}]
[2020-07-27 20:17:25] [[32minfo[39m] offset time client vs server: 0
[2020-07-27 20:17:25] [[32minfo[39m] check status offer "5f1e90e43c3e481a40244466"current time 1595855846| time finish 1595984880
[2020-07-27 20:17:25] [[32minfo[39m] offset time client vs server: 0
[2020-07-27 20:17:27] [[32minfo[39m] checkStatusOfferLive[{"totalGame":{"from":0,"to":10000},"totalCost":{"from":0,"to":9999999},"numberPay":{"from":0,"to":1000},"lastPaidPack":{"from":0,"to":10000},"age":{"from":0,"to":2592000},"timeLastOnline":{"from":0,"to":2592000},"channelGame":{"from":0,"to":7},"nameObject":"testing 1","offerLive":{"groupOffer":"5f1e96744e331f3094c31e06","groupObject":"5f1e90e43c3e481a40244466","isExpired":false,"timeStart":1595812080,"timeFinish":1595984880,"totalBought":0,"totalShow":0,"totalReceived":0,"_id":"5f1ed1fa8820843768d586db","__v":0},"totalUser":93,"_id":"5f1e90e43c3e481a40244466","channelPayment":"CARD","__v":0}]
[2020-07-27 20:17:27] [[32minfo[39m] offset time client vs server: 0
[2020-07-27 20:17:27] [[32minfo[39m] check status offer "5f1e90e43c3e481a40244466"current time 1595855847| time finish 1595984880
[2020-07-27 20:17:27] [[32minfo[39m] offset time client vs server: 0
[2020-07-27 20:17:27] [[32minfo[39m] checkStatusOfferLive[{"totalGame":{"from":0,"to":10000},"totalCost":{"from":0,"to":9999999},"numberPay":{"from":0,"to":1000},"lastPaidPack":{"from":0,"to":10000},"age":{"from":0,"to":2592000},"timeLastOnline":{"from":0,"to":2592000},"channelGame":{"from":0,"to":7},"nameObject":"testing 1","offerLive":{"groupOffer":"5f1e96744e331f3094c31e06","groupObject":"5f1e90e43c3e481a40244466","isExpired":false,"timeStart":1595812080,"timeFinish":1595984880,"totalBought":0,"totalShow":0,"totalReceived":0,"_id":"5f1ed1fa8820843768d586db","__v":0},"totalUser":93,"_id":"5f1e90e43c3e481a40244466","channelPayment":"CARD","__v":0}]
[2020-07-27 20:17:27] [[32minfo[39m] offset time client vs server: 0
[2020-07-27 20:17:27] [[32minfo[39m] check status offer "5f1e90e43c3e481a40244466"current time 1595855847| time finish 1595984880
[2020-07-27 20:17:27] [[32minfo[39m] offset time client vs server: 0
[2020-07-27 20:17:28] [[32minfo[39m] checkStatusOfferLive[{"totalGame":{"from":0,"to":10000},"totalCost":{"from":0,"to":9999999},"numberPay":{"from":0,"to":1000},"lastPaidPack":{"from":0,"to":10000},"age":{"from":0,"to":2592000},"timeLastOnline":{"from":0,"to":2592000},"channelGame":{"from":0,"to":7},"nameObject":"testing 1","offerLive":{"groupOffer":"5f1e96744e331f3094c31e06","groupObject":"5f1e90e43c3e481a40244466","isExpired":false,"timeStart":1595812080,"timeFinish":1595984880,"totalBought":0,"totalShow":0,"totalReceived":0,"_id":"5f1ed1fa8820843768d586db","__v":0},"totalUser":93,"_id":"5f1e90e43c3e481a40244466","channelPayment":"CARD","__v":0}]
[2020-07-27 20:17:28] [[32minfo[39m] offset time client vs server: 0
[2020-07-27 20:17:28] [[32minfo[39m] check status offer "5f1e90e43c3e481a40244466"current time 1595855849| time finish 1595984880
[2020-07-27 20:17:28] [[32minfo[39m] offset time client vs server: 0
[2020-07-27 20:17:32] [[32minfo[39m] checkStatusOfferLive[{"totalGame":{"from":0,"to":10000},"totalCost":{"from":0,"to":9999999},"numberPay":{"from":0,"to":1000},"lastPaidPack":{"from":0,"to":10000},"age":{"from":0,"to":2592000},"timeLastOnline":{"from":0,"to":2592000},"channelGame":{"from":0,"to":7},"nameObject":"testing 1","offerLive":{"groupOffer":"5f1e96744e331f3094c31e06","groupObject":"5f1e90e43c3e481a40244466","isExpired":false,"timeStart":1595812080,"timeFinish":1595984880,"totalBought":0,"totalShow":0,"totalReceived":0,"_id":"5f1ed1fa8820843768d586db","__v":0},"totalUser":93,"_id":"5f1e90e43c3e481a40244466","channelPayment":"CARD","__v":0}]
[2020-07-27 20:17:32] [[32minfo[39m] offset time client vs server: 0
[2020-07-27 20:17:32] [[32minfo[39m] check status offer "5f1e90e43c3e481a40244466"current time 1595855852| time finish 1595984880
[2020-07-27 20:17:32] [[32minfo[39m] offset time client vs server: 0
[2020-07-27 20:17:32] [[32minfo[39m] checkStatusOfferLive[{"totalGame":{"from":0,"to":10000},"totalCost":{"from":0,"to":9999999},"numberPay":{"from":0,"to":1000},"lastPaidPack":{"from":0,"to":10000},"age":{"from":0,"to":2592000},"timeLastOnline":{"from":0,"to":2592000},"channelGame":{"from":0,"to":7},"nameObject":"testing 1","offerLive":{"groupOffer":"5f1e96744e331f3094c31e06","groupObject":"5f1e90e43c3e481a40244466","isExpired":false,"timeStart":1595812080,"timeFinish":1595984880,"totalBought":0,"totalShow":0,"totalReceived":0,"_id":"5f1ed1fa8820843768d586db","__v":0},"totalUser":93,"_id":"5f1e90e43c3e481a40244466","channelPayment":"CARD","__v":0}]
[2020-07-27 20:17:32] [[32minfo[39m] offset time client vs server: 0
[2020-07-27 20:17:32] [[32minfo[39m] check status offer "5f1e90e43c3e481a40244466"current time 1595855852| time finish 1595984880
[2020-07-27 20:17:32] [[32minfo[39m] offset time client vs server: 0
[2020-07-27 20:19:26] [[32minfo[39m] checkStatusOfferLive[{"totalGame":{"from":0,"to":10000},"totalCost":{"from":0,"to":9999999},"numberPay":{"from":0,"to":1000},"lastPaidPack":{"from":0,"to":10000},"age":{"from":0,"to":2592000},"timeLastOnline":{"from":0,"to":2592000},"channelGame":{"from":0,"to":7},"nameObject":"testing 1","offerLive":{"groupOffer":"5f1e96744e331f3094c31e06","groupObject":"5f1e90e43c3e481a40244466","isExpired":false,"timeStart":1595812080,"timeFinish":1595984880,"totalBought":0,"totalShow":0,"totalReceived":0,"_id":"5f1ed1fa8820843768d586db","__v":0},"totalUser":93,"_id":"5f1e90e43c3e481a40244466","channelPayment":"CARD","__v":0}]
[2020-07-27 20:19:26] [[32minfo[39m] offset time client vs server: 0
[2020-07-27 20:19:26] [[32minfo[39m] check status offer "5f1e90e43c3e481a40244466"current time 1595855967| time finish 1595984880
[2020-07-27 20:19:26] [[32minfo[39m] offset time client vs server: 0
[2020-07-27 20:19:26] [[32minfo[39m] checkStatusOfferLive[{"totalGame":{"from":0,"to":10000},"totalCost":{"from":0,"to":9999999},"numberPay":{"from":0,"to":1000},"lastPaidPack":{"from":0,"to":10000},"age":{"from":0,"to":2592000},"timeLastOnline":{"from":0,"to":2592000},"channelGame":{"from":0,"to":7},"nameObject":"testing 1","offerLive":{"groupOffer":"5f1e96744e331f3094c31e06","groupObject":"5f1e90e43c3e481a40244466","isExpired":false,"timeStart":1595812080,"timeFinish":1595984880,"totalBought":0,"totalShow":0,"totalReceived":0,"_id":"5f1ed1fa8820843768d586db","__v":0},"totalUser":93,"_id":"5f1e90e43c3e481a40244466","channelPayment":"CARD","__v":0}]
[2020-07-27 20:19:26] [[32minfo[39m] offset time client vs server: 0
[2020-07-27 20:19:26] [[32minfo[39m] check status offer "5f1e90e43c3e481a40244466"current time 1595855967| time finish 1595984880
[2020-07-27 20:19:26] [[32minfo[39m] offset time client vs server: 0
[2020-07-27 20:21:50] [[32minfo[39m] checkStatusOfferLive[{"totalGame":{"from":0,"to":10000},"totalCost":{"from":0,"to":9999999},"numberPay":{"from":0,"to":1000},"lastPaidPack":{"from":0,"to":10000},"age":{"from":0,"to":2592000},"timeLastOnline":{"from":0,"to":2592000},"channelGame":{"from":0,"to":7},"nameObject":"testing 1","offerLive":{"groupOffer":"5f1e96744e331f3094c31e06","groupObject":"5f1e90e43c3e481a40244466","isExpired":false,"timeStart":1595812080,"timeFinish":1595984880,"totalBought":0,"totalShow":0,"totalReceived":0,"_id":"5f1ed1fa8820843768d586db","__v":0},"totalUser":93,"_id":"5f1e90e43c3e481a40244466","channelPayment":"CARD","__v":0}]
[2020-07-27 20:21:50] [[32minfo[39m] offset time client vs server: 0
[2020-07-27 20:21:50] [[32minfo[39m] check status offer "5f1e90e43c3e481a40244466"current time 1595856110| time finish 1595984880
[2020-07-27 20:21:50] [[32minfo[39m] offset time client vs server: 0
[2020-07-27 20:21:51] [[32minfo[39m] checkStatusOfferLive[{"totalGame":{"from":0,"to":10000},"totalCost":{"from":0,"to":9999999},"numberPay":{"from":0,"to":1000},"lastPaidPack":{"from":0,"to":10000},"age":{"from":0,"to":2592000},"timeLastOnline":{"from":0,"to":2592000},"channelGame":{"from":0,"to":7},"nameObject":"testing 1","offerLive":{"groupOffer":"5f1e96744e331f3094c31e06","groupObject":"5f1e90e43c3e481a40244466","isExpired":false,"timeStart":1595812080,"timeFinish":1595984880,"totalBought":0,"totalShow":0,"totalReceived":0,"_id":"5f1ed1fa8820843768d586db","__v":0},"totalUser":93,"_id":"5f1e90e43c3e481a40244466","channelPayment":"CARD","__v":0}]
[2020-07-27 20:21:51] [[32minfo[39m] offset time client vs server: 0
[2020-07-27 20:21:51] [[32minfo[39m] check status offer "5f1e90e43c3e481a40244466"current time 1595856111| time finish 1595984880
[2020-07-27 20:21:51] [[32minfo[39m] offset time client vs server: 0
[2020-07-27 20:21:51] [[32minfo[39m] checkStatusOfferLive[{"totalGame":{"from":0,"to":10000},"totalCost":{"from":0,"to":9999999},"numberPay":{"from":0,"to":1000},"lastPaidPack":{"from":0,"to":10000},"age":{"from":0,"to":2592000},"timeLastOnline":{"from":0,"to":2592000},"channelGame":{"from":0,"to":7},"nameObject":"testing 1","offerLive":{"groupOffer":"5f1e96744e331f3094c31e06","groupObject":"5f1e90e43c3e481a40244466","isExpired":false,"timeStart":1595812080,"timeFinish":1595984880,"totalBought":0,"totalShow":0,"totalReceived":0,"_id":"5f1ed1fa8820843768d586db","__v":0},"totalUser":93,"_id":"5f1e90e43c3e481a40244466","channelPayment":"CARD","__v":0}]
[2020-07-27 20:21:51] [[32minfo[39m] offset time client vs server: 0
[2020-07-27 20:21:51] [[32minfo[39m] check status offer "5f1e90e43c3e481a40244466"current time 1595856112| time finish 1595984880
[2020-07-27 20:21:51] [[32minfo[39m] offset time client vs server: 0
[2020-07-27 20:21:52] [[32minfo[39m] checkStatusOfferLive[{"totalGame":{"from":0,"to":10000},"totalCost":{"from":0,"to":9999999},"numberPay":{"from":0,"to":1000},"lastPaidPack":{"from":0,"to":10000},"age":{"from":0,"to":2592000},"timeLastOnline":{"from":0,"to":2592000},"channelGame":{"from":0,"to":7},"nameObject":"testing 1","offerLive":{"groupOffer":"5f1e96744e331f3094c31e06","groupObject":"5f1e90e43c3e481a40244466","isExpired":false,"timeStart":1595812080,"timeFinish":1595984880,"totalBought":0,"totalShow":0,"totalReceived":0,"_id":"5f1ed1fa8820843768d586db","__v":0},"totalUser":93,"_id":"5f1e90e43c3e481a40244466","channelPayment":"CARD","__v":0}]
[2020-07-27 20:21:52] [[32minfo[39m] offset time client vs server: 0
[2020-07-27 20:21:52] [[32minfo[39m] check status offer "5f1e90e43c3e481a40244466"current time 1595856113| time finish 1595984880
[2020-07-27 20:21:52] [[32minfo[39m] offset time client vs server: 0
[2020-07-27 20:21:53] [[32minfo[39m] checkStatusOfferLive[{"totalGame":{"from":0,"to":10000},"totalCost":{"from":0,"to":9999999},"numberPay":{"from":0,"to":1000},"lastPaidPack":{"from":0,"to":10000},"age":{"from":0,"to":2592000},"timeLastOnline":{"from":0,"to":2592000},"channelGame":{"from":0,"to":7},"nameObject":"testing 1","offerLive":{"groupOffer":"5f1e96744e331f3094c31e06","groupObject":"5f1e90e43c3e481a40244466","isExpired":false,"timeStart":1595812080,"timeFinish":1595984880,"totalBought":0,"totalShow":0,"totalReceived":0,"_id":"5f1ed1fa8820843768d586db","__v":0},"totalUser":93,"_id":"5f1e90e43c3e481a40244466","channelPayment":"CARD","__v":0}]
[2020-07-27 20:21:53] [[32minfo[39m] offset time client vs server: 0
[2020-07-27 20:21:53] [[32minfo[39m] check status offer "5f1e90e43c3e481a40244466"current time 1595856113| time finish 1595984880
[2020-07-27 20:21:53] [[32minfo[39m] offset time client vs server: 0
[2020-07-27 20:21:53] [[32minfo[39m] checkStatusOfferLive[{"totalGame":{"from":0,"to":10000},"totalCost":{"from":0,"to":9999999},"numberPay":{"from":0,"to":1000},"lastPaidPack":{"from":0,"to":10000},"age":{"from":0,"to":2592000},"timeLastOnline":{"from":0,"to":2592000},"channelGame":{"from":0,"to":7},"nameObject":"testing 1","offerLive":{"groupOffer":"5f1e96744e331f3094c31e06","groupObject":"5f1e90e43c3e481a40244466","isExpired":false,"timeStart":1595812080,"timeFinish":1595984880,"totalBought":0,"totalShow":0,"totalReceived":0,"_id":"5f1ed1fa8820843768d586db","__v":0},"totalUser":93,"_id":"5f1e90e43c3e481a40244466","channelPayment":"CARD","__v":0}]
[2020-07-27 20:21:53] [[32minfo[39m] offset time client vs server: 0
[2020-07-27 20:21:53] [[32minfo[39m] check status offer "5f1e90e43c3e481a40244466"current time 1595856113| time finish 1595984880
[2020-07-27 20:21:53] [[32minfo[39m] offset time client vs server: 0
[2020-07-27 20:21:53] [[32minfo[39m] checkStatusOfferLive[{"totalGame":{"from":0,"to":10000},"totalCost":{"from":0,"to":9999999},"numberPay":{"from":0,"to":1000},"lastPaidPack":{"from":0,"to":10000},"age":{"from":0,"to":2592000},"timeLastOnline":{"from":0,"to":2592000},"channelGame":{"from":0,"to":7},"nameObject":"testing 1","offerLive":{"groupOffer":"5f1e96744e331f3094c31e06","groupObject":"5f1e90e43c3e481a40244466","isExpired":false,"timeStart":1595812080,"timeFinish":1595984880,"totalBought":0,"totalShow":0,"totalReceived":0,"_id":"5f1ed1fa8820843768d586db","__v":0},"totalUser":93,"_id":"5f1e90e43c3e481a40244466","channelPayment":"CARD","__v":0}]
[2020-07-27 20:21:53] [[32minfo[39m] offset time client vs server: 0
[2020-07-27 20:21:53] [[32minfo[39m] check status offer "5f1e90e43c3e481a40244466"current time 1595856114| time finish 1595984880
[2020-07-27 20:21:53] [[32minfo[39m] offset time client vs server: 0
[2020-07-27 20:21:54] [[32minfo[39m] checkStatusOfferLive[{"totalGame":{"from":0,"to":10000},"totalCost":{"from":0,"to":9999999},"numberPay":{"from":0,"to":1000},"lastPaidPack":{"from":0,"to":10000},"age":{"from":0,"to":2592000},"timeLastOnline":{"from":0,"to":2592000},"channelGame":{"from":0,"to":7},"nameObject":"testing 1","offerLive":{"groupOffer":"5f1e96744e331f3094c31e06","groupObject":"5f1e90e43c3e481a40244466","isExpired":false,"timeStart":1595812080,"timeFinish":1595984880,"totalBought":0,"totalShow":0,"totalReceived":0,"_id":"5f1ed1fa8820843768d586db","__v":0},"totalUser":93,"_id":"5f1e90e43c3e481a40244466","channelPayment":"CARD","__v":0}]
[2020-07-27 20:21:54] [[32minfo[39m] offset time client vs server: 0
[2020-07-27 20:21:54] [[32minfo[39m] check status offer "5f1e90e43c3e481a40244466"current time 1595856115| time finish 1595984880
[2020-07-27 20:21:54] [[32minfo[39m] offset time client vs server: 0
[2020-07-27 20:21:54] [[32minfo[39m] checkStatusOfferLive[{"totalGame":{"from":0,"to":10000},"totalCost":{"from":0,"to":9999999},"numberPay":{"from":0,"to":1000},"lastPaidPack":{"from":0,"to":10000},"age":{"from":0,"to":2592000},"timeLastOnline":{"from":0,"to":2592000},"channelGame":{"from":0,"to":7},"nameObject":"testing 1","offerLive":{"groupOffer":"5f1e96744e331f3094c31e06","groupObject":"5f1e90e43c3e481a40244466","isExpired":false,"timeStart":1595812080,"timeFinish":1595984880,"totalBought":0,"totalShow":0,"totalReceived":0,"_id":"5f1ed1fa8820843768d586db","__v":0},"totalUser":93,"_id":"5f1e90e43c3e481a40244466","channelPayment":"CARD","__v":0}]
[2020-07-27 20:21:54] [[32minfo[39m] offset time client vs server: 0
[2020-07-27 20:21:54] [[32minfo[39m] check status offer "5f1e90e43c3e481a40244466"current time 1595856115| time finish 1595984880
[2020-07-27 20:21:54] [[32minfo[39m] offset time client vs server: 0
[2020-07-27 20:21:55] [[32minfo[39m] checkStatusOfferLive[{"totalGame":{"from":0,"to":10000},"totalCost":{"from":0,"to":9999999},"numberPay":{"from":0,"to":1000},"lastPaidPack":{"from":0,"to":10000},"age":{"from":0,"to":2592000},"timeLastOnline":{"from":0,"to":2592000},"channelGame":{"from":0,"to":7},"nameObject":"testing 1","offerLive":{"groupOffer":"5f1e96744e331f3094c31e06","groupObject":"5f1e90e43c3e481a40244466","isExpired":false,"timeStart":1595812080,"timeFinish":1595984880,"totalBought":0,"totalShow":0,"totalReceived":0,"_id":"5f1ed1fa8820843768d586db","__v":0},"totalUser":93,"_id":"5f1e90e43c3e481a40244466","channelPayment":"CARD","__v":0}]
[2020-07-27 20:21:55] [[32minfo[39m] offset time client vs server: 0
[2020-07-27 20:21:55] [[32minfo[39m] check status offer "5f1e90e43c3e481a40244466"current time 1595856115| time finish 1595984880
[2020-07-27 20:21:55] [[32minfo[39m] offset time client vs server: 0
[2020-07-27 20:21:55] [[32minfo[39m] checkStatusOfferLive[{"totalGame":{"from":0,"to":10000},"totalCost":{"from":0,"to":9999999},"numberPay":{"from":0,"to":1000},"lastPaidPack":{"from":0,"to":10000},"age":{"from":0,"to":2592000},"timeLastOnline":{"from":0,"to":2592000},"channelGame":{"from":0,"to":7},"nameObject":"testing 1","offerLive":{"groupOffer":"5f1e96744e331f3094c31e06","groupObject":"5f1e90e43c3e481a40244466","isExpired":false,"timeStart":1595812080,"timeFinish":1595984880,"totalBought":0,"totalShow":0,"totalReceived":0,"_id":"5f1ed1fa8820843768d586db","__v":0},"totalUser":93,"_id":"5f1e90e43c3e481a40244466","channelPayment":"CARD","__v":0}]
[2020-07-27 20:21:55] [[32minfo[39m] offset time client vs server: 0
[2020-07-27 20:21:55] [[32minfo[39m] check status offer "5f1e90e43c3e481a40244466"current time 1595856116| time finish 1595984880
[2020-07-27 20:21:55] [[32minfo[39m] offset time client vs server: 0
[2020-07-27 20:21:55] [[32minfo[39m] checkStatusOfferLive[{"totalGame":{"from":0,"to":10000},"totalCost":{"from":0,"to":9999999},"numberPay":{"from":0,"to":1000},"lastPaidPack":{"from":0,"to":10000},"age":{"from":0,"to":2592000},"timeLastOnline":{"from":0,"to":2592000},"channelGame":{"from":0,"to":7},"nameObject":"testing 1","offerLive":{"groupOffer":"5f1e96744e331f3094c31e06","groupObject":"5f1e90e43c3e481a40244466","isExpired":false,"timeStart":1595812080,"timeFinish":1595984880,"totalBought":0,"totalShow":0,"totalReceived":0,"_id":"5f1ed1fa8820843768d586db","__v":0},"totalUser":93,"_id":"5f1e90e43c3e481a40244466","channelPayment":"CARD","__v":0}]
[2020-07-27 20:21:55] [[32minfo[39m] offset time client vs server: 0
[2020-07-27 20:21:55] [[32minfo[39m] check status offer "5f1e90e43c3e481a40244466"current time 1595856116| time finish 1595984880
[2020-07-27 20:21:55] [[32minfo[39m] offset time client vs server: 0
[2020-07-27 20:22:03] [[32minfo[39m] checkStatusOfferLive[{"totalGame":{"from":0,"to":10000},"totalCost":{"from":0,"to":9999999},"numberPay":{"from":0,"to":1000},"lastPaidPack":{"from":0,"to":10000},"age":{"from":0,"to":2592000},"timeLastOnline":{"from":0,"to":2592000},"channelGame":{"from":0,"to":7},"nameObject":"testing 1","offerLive":{"groupOffer":"5f1e96744e331f3094c31e06","groupObject":"5f1e90e43c3e481a40244466","isExpired":false,"timeStart":1595812080,"timeFinish":1595984880,"totalBought":0,"totalShow":0,"totalReceived":0,"_id":"5f1ed1fa8820843768d586db","__v":0},"totalUser":93,"_id":"5f1e90e43c3e481a40244466","channelPayment":"CARD","__v":0}]
[2020-07-27 20:22:03] [[32minfo[39m] offset time client vs server: 0
[2020-07-27 20:22:03] [[32minfo[39m] check status offer "5f1e90e43c3e481a40244466"current time 1595856124| time finish 1595984880
[2020-07-27 20:22:03] [[32minfo[39m] offset time client vs server: 0
[2020-07-27 20:22:06] [[32minfo[39m] checkStatusOfferLive[{"totalGame":{"from":0,"to":10000},"totalCost":{"from":0,"to":9999999},"numberPay":{"from":0,"to":1000},"lastPaidPack":{"from":0,"to":10000},"age":{"from":0,"to":2592000},"timeLastOnline":{"from":0,"to":2592000},"channelGame":{"from":0,"to":7},"nameObject":"testing 1","offerLive":{"groupOffer":"5f1e96744e331f3094c31e06","groupObject":"5f1e90e43c3e481a40244466","isExpired":false,"timeStart":1595812080,"timeFinish":1595984880,"totalBought":0,"totalShow":0,"totalReceived":0,"_id":"5f1ed1fa8820843768d586db","__v":0},"totalUser":93,"_id":"5f1e90e43c3e481a40244466","channelPayment":"CARD","__v":0}]
[2020-07-27 20:22:06] [[32minfo[39m] offset time client vs server: 0
[2020-07-27 20:22:06] [[32minfo[39m] check status offer "5f1e90e43c3e481a40244466"current time 1595856126| time finish 1595984880
[2020-07-27 20:22:06] [[32minfo[39m] offset time client vs server: 0
[2020-07-27 20:22:06] [[32minfo[39m] checkStatusOfferLive[{"totalGame":{"from":0,"to":10000},"totalCost":{"from":0,"to":9999999},"numberPay":{"from":0,"to":1000},"lastPaidPack":{"from":0,"to":10000},"age":{"from":0,"to":2592000},"timeLastOnline":{"from":0,"to":2592000},"channelGame":{"from":0,"to":7},"nameObject":"testing 1","offerLive":{"groupOffer":"5f1e96744e331f3094c31e06","groupObject":"5f1e90e43c3e481a40244466","isExpired":false,"timeStart":1595812080,"timeFinish":1595984880,"totalBought":0,"totalShow":0,"totalReceived":0,"_id":"5f1ed1fa8820843768d586db","__v":0},"totalUser":93,"_id":"5f1e90e43c3e481a40244466","channelPayment":"CARD","__v":0}]
[2020-07-27 20:22:06] [[32minfo[39m] offset time client vs server: 0
[2020-07-27 20:22:06] [[32minfo[39m] check status offer "5f1e90e43c3e481a40244466"current time 1595856126| time finish 1595984880
[2020-07-27 20:22:06] [[32minfo[39m] offset time client vs server: 0
[2020-07-27 20:22:07] [[32minfo[39m] checkStatusOfferLive[{"totalGame":{"from":0,"to":10000},"totalCost":{"from":0,"to":9999999},"numberPay":{"from":0,"to":1000},"lastPaidPack":{"from":0,"to":10000},"age":{"from":0,"to":2592000},"timeLastOnline":{"from":0,"to":2592000},"channelGame":{"from":0,"to":7},"nameObject":"testing 1","offerLive":{"groupOffer":"5f1e96744e331f3094c31e06","groupObject":"5f1e90e43c3e481a40244466","isExpired":false,"timeStart":1595812080,"timeFinish":1595984880,"totalBought":0,"totalShow":0,"totalReceived":0,"_id":"5f1ed1fa8820843768d586db","__v":0},"totalUser":93,"_id":"5f1e90e43c3e481a40244466","channelPayment":"CARD","__v":0}]
[2020-07-27 20:22:07] [[32minfo[39m] offset time client vs server: 0
[2020-07-27 20:22:07] [[32minfo[39m] check status offer "5f1e90e43c3e481a40244466"current time 1595856127| time finish 1595984880
[2020-07-27 20:22:07] [[32minfo[39m] offset time client vs server: 0
[2020-07-27 20:22:27] [[32minfo[39m] checkStatusOfferLive[{"totalGame":{"from":0,"to":10000},"totalCost":{"from":0,"to":9999999},"numberPay":{"from":0,"to":1000},"lastPaidPack":{"from":0,"to":10000},"age":{"from":0,"to":2592000},"timeLastOnline":{"from":0,"to":2592000},"channelGame":{"from":0,"to":7},"nameObject":"testing 1","offerLive":{"groupOffer":"5f1e96744e331f3094c31e06","groupObject":"5f1e90e43c3e481a40244466","isExpired":false,"timeStart":1595812080,"timeFinish":1595984880,"totalBought":0,"totalShow":0,"totalReceived":0,"_id":"5f1ed1fa8820843768d586db","__v":0},"totalUser":93,"_id":"5f1e90e43c3e481a40244466","channelPayment":"CARD","__v":0}]
[2020-07-27 20:22:27] [[32minfo[39m] offset time client vs server: 0
[2020-07-27 20:22:27] [[32minfo[39m] check status offer "5f1e90e43c3e481a40244466"current time 1595856148| time finish 1595984880
[2020-07-27 20:22:27] [[32minfo[39m] offset time client vs server: 0
[2020-07-27 20:22:27] [[32minfo[39m] checkStatusOfferLive[{"totalGame":{"from":0,"to":10000},"totalCost":{"from":0,"to":9999999},"numberPay":{"from":0,"to":1000},"lastPaidPack":{"from":0,"to":10000},"age":{"from":0,"to":2592000},"timeLastOnline":{"from":0,"to":2592000},"channelGame":{"from":0,"to":7},"nameObject":"testing 1","offerLive":{"groupOffer":"5f1e96744e331f3094c31e06","groupObject":"5f1e90e43c3e481a40244466","isExpired":false,"timeStart":1595812080,"timeFinish":1595984880,"totalBought":0,"totalShow":0,"totalReceived":0,"_id":"5f1ed1fa8820843768d586db","__v":0},"totalUser":93,"_id":"5f1e90e43c3e481a40244466","channelPayment":"CARD","__v":0}]
[2020-07-27 20:22:27] [[32minfo[39m] offset time client vs server: 0
[2020-07-27 20:22:27] [[32minfo[39m] check status offer "5f1e90e43c3e481a40244466"current time 1595856148| time finish 1595984880
[2020-07-27 20:22:27] [[32minfo[39m] offset time client vs server: 0
