[2020-07-29 14:11:40] [[32minfo[39m] checkStatusOfferLive[]
[2020-07-29 14:13:02] [[32minfo[39m] checkStatusOfferLive[]
[2020-07-29 14:13:04] [[32minfo[39m] checkStatusOfferLive[]
[2020-07-29 14:13:08] [[32minfo[39m] checkStatusOfferLive[]
[2020-07-29 14:22:22] [[32minfo[39m] create offer error ValidationError: durationLive: Cast to Number failed for value "NaN" at path "durationLive"
[2020-07-29 14:25:34] [[32minfo[39m] checkStatusOfferLive[]
[2020-07-29 14:25:34] [[32minfo[39m] checkStatusOfferLive[]
[2020-07-29 14:25:34] [[32minfo[39m] checkStatusOfferLive[]
[2020-07-29 14:25:59] [[32minfo[39m] checkStatusOfferLive[]
[2020-07-29 14:25:59] [[32minfo[39m] checkStatusOfferLive[]
[2020-07-29 14:26:13] [[32minfo[39m] checkStatusOfferLive[{"totalGame":{"from":0,"to":100},"totalCost":{"from":0,"to":1000},"numberPay":{"from":0,"to":10},"lastPaidPack":{"from":0,"to":100},"age":{"from":0,"to":7464960000},"timeLastOnline":{"from":0,"to":7464960000},"channelGame":{"from":0,"to":7},"nameObject":"testing 11","offerLive":{"groupOffer":"5f212419efcfe129385e101c","groupObject":"5f211a876afcc93a8c5b57f3","isExpired":false,"timeStart":1595964300,"timeFinish":1596050700,"totalBought":0,"totalShow":0,"totalReceived":0,"_id":"5f212490efcfe129385e101d","__v":0},"totalUser":10,"_id":"5f211a876afcc93a8c5b57f3","channelPayment":"IAP","__v":0}]
[2020-07-29 14:26:13] [[32minfo[39m] offset time client vs server: 0
[2020-07-29 14:26:13] [[32minfo[39m] check status offer "5f211a876afcc93a8c5b57f3"current time 1596007573| time finish 1596050700
[2020-07-29 14:26:13] [[32minfo[39m] offset time client vs server: 0
[2020-07-29 14:26:14] [[32minfo[39m] checkStatusOfferLive[{"totalGame":{"from":0,"to":100},"totalCost":{"from":0,"to":1000},"numberPay":{"from":0,"to":10},"lastPaidPack":{"from":0,"to":100},"age":{"from":0,"to":7464960000},"timeLastOnline":{"from":0,"to":7464960000},"channelGame":{"from":0,"to":7},"nameObject":"testing 11","offerLive":{"groupOffer":"5f212419efcfe129385e101c","groupObject":"5f211a876afcc93a8c5b57f3","isExpired":false,"timeStart":1595964300,"timeFinish":1596050700,"totalBought":0,"totalShow":0,"totalReceived":0,"_id":"5f212490efcfe129385e101d","__v":0},"totalUser":10,"_id":"5f211a876afcc93a8c5b57f3","channelPayment":"IAP","__v":0}]
[2020-07-29 14:26:14] [[32minfo[39m] offset time client vs server: 0
[2020-07-29 14:26:14] [[32minfo[39m] check status offer "5f211a876afcc93a8c5b57f3"current time 1596007574| time finish 1596050700
[2020-07-29 14:26:14] [[32minfo[39m] offset time client vs server: 0
[2020-07-29 14:26:14] [[32minfo[39m] checkStatusOfferLive[{"totalGame":{"from":0,"to":100},"totalCost":{"from":0,"to":1000},"numberPay":{"from":0,"to":10},"lastPaidPack":{"from":0,"to":100},"age":{"from":0,"to":7464960000},"timeLastOnline":{"from":0,"to":7464960000},"channelGame":{"from":0,"to":7},"nameObject":"testing 11","offerLive":{"groupOffer":"5f212419efcfe129385e101c","groupObject":"5f211a876afcc93a8c5b57f3","isExpired":false,"timeStart":1595964300,"timeFinish":1596050700,"totalBought":0,"totalShow":0,"totalReceived":0,"_id":"5f212490efcfe129385e101d","__v":0},"totalUser":10,"_id":"5f211a876afcc93a8c5b57f3","channelPayment":"IAP","__v":0}]
[2020-07-29 14:26:14] [[32minfo[39m] offset time client vs server: 0
[2020-07-29 14:26:14] [[32minfo[39m] check status offer "5f211a876afcc93a8c5b57f3"current time 1596007574| time finish 1596050700
[2020-07-29 14:26:14] [[32minfo[39m] offset time client vs server: 0
[2020-07-29 14:26:15] [[32minfo[39m] checkStatusOfferLive[{"totalGame":{"from":0,"to":100},"totalCost":{"from":0,"to":1000},"numberPay":{"from":0,"to":10},"lastPaidPack":{"from":0,"to":100},"age":{"from":0,"to":7464960000},"timeLastOnline":{"from":0,"to":7464960000},"channelGame":{"from":0,"to":7},"nameObject":"testing 11","offerLive":{"groupOffer":"5f212419efcfe129385e101c","groupObject":"5f211a876afcc93a8c5b57f3","isExpired":false,"timeStart":1595964300,"timeFinish":1596050700,"totalBought":0,"totalShow":0,"totalReceived":0,"_id":"5f212490efcfe129385e101d","__v":0},"totalUser":10,"_id":"5f211a876afcc93a8c5b57f3","channelPayment":"IAP","__v":0}]
[2020-07-29 14:26:15] [[32minfo[39m] offset time client vs server: 0
[2020-07-29 14:26:15] [[32minfo[39m] check status offer "5f211a876afcc93a8c5b57f3"current time 1596007575| time finish 1596050700
[2020-07-29 14:26:15] [[32minfo[39m] offset time client vs server: 0
[2020-07-29 14:26:20] [[32minfo[39m] checkStatusOfferLive[{"totalGame":{"from":0,"to":100},"totalCost":{"from":0,"to":1000},"numberPay":{"from":0,"to":10},"lastPaidPack":{"from":0,"to":100},"age":{"from":0,"to":7464960000},"timeLastOnline":{"from":0,"to":7464960000},"channelGame":{"from":0,"to":7},"nameObject":"testing 11","offerLive":{"groupOffer":"5f212419efcfe129385e101c","groupObject":"5f211a876afcc93a8c5b57f3","isExpired":false,"timeStart":1595964300,"timeFinish":1596050700,"totalBought":0,"totalShow":0,"totalReceived":0,"_id":"5f212490efcfe129385e101d","__v":0},"totalUser":10,"_id":"5f211a876afcc93a8c5b57f3","channelPayment":"IAP","__v":0}]
[2020-07-29 14:26:20] [[32minfo[39m] offset time client vs server: 0
[2020-07-29 14:26:20] [[32minfo[39m] check status offer "5f211a876afcc93a8c5b57f3"current time 1596007580| time finish 1596050700
[2020-07-29 14:26:20] [[32minfo[39m] offset time client vs server: 0
[2020-07-29 14:26:20] [[32minfo[39m] checkStatusOfferLive[{"totalGame":{"from":0,"to":100},"totalCost":{"from":0,"to":1000},"numberPay":{"from":0,"to":10},"lastPaidPack":{"from":0,"to":100},"age":{"from":0,"to":7464960000},"timeLastOnline":{"from":0,"to":7464960000},"channelGame":{"from":0,"to":7},"nameObject":"testing 11","offerLive":{"groupOffer":"5f212419efcfe129385e101c","groupObject":"5f211a876afcc93a8c5b57f3","isExpired":false,"timeStart":1595964300,"timeFinish":1596050700,"totalBought":0,"totalShow":0,"totalReceived":0,"_id":"5f212490efcfe129385e101d","__v":0},"totalUser":10,"_id":"5f211a876afcc93a8c5b57f3","channelPayment":"IAP","__v":0}]
[2020-07-29 14:26:20] [[32minfo[39m] offset time client vs server: 0
[2020-07-29 14:26:20] [[32minfo[39m] check status offer "5f211a876afcc93a8c5b57f3"current time 1596007580| time finish 1596050700
[2020-07-29 14:26:20] [[32minfo[39m] offset time client vs server: 0
[2020-07-29 14:26:21] [[32minfo[39m] checkStatusOfferLive[{"totalGame":{"from":0,"to":100},"totalCost":{"from":0,"to":1000},"numberPay":{"from":0,"to":10},"lastPaidPack":{"from":0,"to":100},"age":{"from":0,"to":7464960000},"timeLastOnline":{"from":0,"to":7464960000},"channelGame":{"from":0,"to":7},"nameObject":"testing 11","offerLive":{"groupOffer":"5f212419efcfe129385e101c","groupObject":"5f211a876afcc93a8c5b57f3","isExpired":false,"timeStart":1595964300,"timeFinish":1596050700,"totalBought":0,"totalShow":0,"totalReceived":0,"_id":"5f212490efcfe129385e101d","__v":0},"totalUser":10,"_id":"5f211a876afcc93a8c5b57f3","channelPayment":"IAP","__v":0}]
[2020-07-29 14:26:21] [[32minfo[39m] offset time client vs server: 0
[2020-07-29 14:26:21] [[32minfo[39m] check status offer "5f211a876afcc93a8c5b57f3"current time 1596007582| time finish 1596050700
[2020-07-29 14:26:21] [[32minfo[39m] offset time client vs server: 0
[2020-07-29 14:26:21] [[32minfo[39m] checkStatusOfferLive[{"totalGame":{"from":0,"to":100},"totalCost":{"from":0,"to":1000},"numberPay":{"from":0,"to":10},"lastPaidPack":{"from":0,"to":100},"age":{"from":0,"to":7464960000},"timeLastOnline":{"from":0,"to":7464960000},"channelGame":{"from":0,"to":7},"nameObject":"testing 11","offerLive":{"groupOffer":"5f212419efcfe129385e101c","groupObject":"5f211a876afcc93a8c5b57f3","isExpired":false,"timeStart":1595964300,"timeFinish":1596050700,"totalBought":0,"totalShow":0,"totalReceived":0,"_id":"5f212490efcfe129385e101d","__v":0},"totalUser":10,"_id":"5f211a876afcc93a8c5b57f3","channelPayment":"IAP","__v":0}]
[2020-07-29 14:26:21] [[32minfo[39m] offset time client vs server: 0
[2020-07-29 14:26:21] [[32minfo[39m] check status offer "5f211a876afcc93a8c5b57f3"current time 1596007582| time finish 1596050700
[2020-07-29 14:26:21] [[32minfo[39m] offset time client vs server: 0
