[2020-07-31 09:28:14] [[32minfo[39m] offset time client vs server: 0
[2020-07-31 09:28:14] [[32minfo[39m] offset time client vs server: 0
[2020-07-31 09:28:14] [[32minfo[39m] offset time client vs server: 0
[2020-07-31 09:28:14] [[32minfo[39m] offset time client vs server: 0
[2020-07-31 09:28:15] [[32minfo[39m] offset time client vs server: 0
[2020-07-31 09:29:02] [[32minfo[39m] offset time client vs server: 0
[2020-07-31 09:29:02] [[32minfo[39m] offset time client vs server: 0
[2020-07-31 09:29:02] [[32minfo[39m] offset time client vs server: 0
[2020-07-31 09:29:02] [[32minfo[39m] offset time client vs server: 0
[2020-07-31 09:29:02] [[32minfo[39m] offset time client vs server: 0
[2020-07-31 09:37:26] [[32minfo[39m] offset time client vs server: 0
[2020-07-31 09:37:26] [[32minfo[39m] offset time client vs server: 0
[2020-07-31 09:37:26] [[32minfo[39m] offset time client vs server: 0
[2020-07-31 09:37:26] [[32minfo[39m] offset time client vs server: 0
[2020-07-31 09:37:26] [[32minfo[39m] offset time client vs server: 0
[2020-07-31 09:37:42] [[32minfo[39m] offset time client vs server: 0
[2020-07-31 09:37:42] [[32minfo[39m] offset time client vs server: 0
[2020-07-31 09:37:42] [[32minfo[39m] offset time client vs server: 0
[2020-07-31 09:37:42] [[32minfo[39m] offset time client vs server: 0
[2020-07-31 09:37:42] [[32minfo[39m] offset time client vs server: 0
[2020-07-31 09:39:04] [[32minfo[39m] offset time client vs server: 0
[2020-07-31 09:39:04] [[32minfo[39m] offset time client vs server: 0
[2020-07-31 09:39:04] [[32minfo[39m] offset time client vs server: 0
[2020-07-31 09:39:04] [[32minfo[39m] offset time client vs server: 0
[2020-07-31 09:39:04] [[32minfo[39m] offset time client vs server: 0
[2020-07-31 09:40:15] [[32minfo[39m] offset time client vs server: 0
[2020-07-31 09:40:15] [[32minfo[39m] offset time client vs server: 0
[2020-07-31 09:40:15] [[32minfo[39m] offset time client vs server: 0
[2020-07-31 09:40:15] [[32minfo[39m] offset time client vs server: 0
[2020-07-31 09:40:15] [[32minfo[39m] offset time client vs server: 0
[2020-07-31 09:40:36] [[32minfo[39m] offset time client vs server: 0
[2020-07-31 09:40:36] [[32minfo[39m] offset time client vs server: 0
[2020-07-31 09:40:36] [[32minfo[39m] offset time client vs server: 0
[2020-07-31 09:40:36] [[32minfo[39m] offset time client vs server: 0
[2020-07-31 09:40:36] [[32minfo[39m] offset time client vs server: 0
[2020-07-31 09:41:46] [[32minfo[39m] offset time client vs server: 0
[2020-07-31 09:41:46] [[32minfo[39m] offset time client vs server: 0
[2020-07-31 09:41:46] [[32minfo[39m] offset time client vs server: 0
[2020-07-31 09:41:46] [[32minfo[39m] offset time client vs server: 0
[2020-07-31 09:41:46] [[32minfo[39m] offset time client vs server: 0
[2020-07-31 09:44:18] [[32minfo[39m] offset time client vs server: 0
[2020-07-31 09:44:18] [[32minfo[39m] offset time client vs server: 0
[2020-07-31 09:44:18] [[32minfo[39m] offset time client vs server: 0
[2020-07-31 09:44:18] [[32minfo[39m] offset time client vs server: 0
[2020-07-31 09:44:18] [[32minfo[39m] offset time client vs server: 0
[2020-07-31 09:46:13] [[32minfo[39m] offset time client vs server: 0
[2020-07-31 09:46:13] [[32minfo[39m] offset time client vs server: 0
[2020-07-31 09:46:13] [[32minfo[39m] offset time client vs server: 0
[2020-07-31 09:46:13] [[32minfo[39m] offset time client vs server: 0
[2020-07-31 09:46:13] [[32minfo[39m] offset time client vs server: 0
[2020-07-31 09:47:29] [[32minfo[39m] offset time client vs server: 0
[2020-07-31 09:47:29] [[32minfo[39m] offset time client vs server: 0
[2020-07-31 09:47:29] [[32minfo[39m] offset time client vs server: 0
[2020-07-31 09:47:29] [[32minfo[39m] offset time client vs server: 0
[2020-07-31 09:47:29] [[32minfo[39m] offset time client vs server: 0
[2020-07-31 09:47:42] [[32minfo[39m] offset time client vs server: 0
[2020-07-31 09:47:42] [[32minfo[39m] offset time client vs server: 0
[2020-07-31 09:47:42] [[32minfo[39m] offset time client vs server: 0
[2020-07-31 09:47:42] [[32minfo[39m] offset time client vs server: 0
[2020-07-31 09:47:42] [[32minfo[39m] offset time client vs server: 0
[2020-07-31 09:48:06] [[32minfo[39m] offset time client vs server: 0
[2020-07-31 09:48:06] [[32minfo[39m] offset time client vs server: 0
[2020-07-31 09:48:06] [[32minfo[39m] offset time client vs server: 0
[2020-07-31 09:48:06] [[32minfo[39m] offset time client vs server: 0
[2020-07-31 09:48:06] [[32minfo[39m] offset time client vs server: 0
[2020-07-31 09:48:33] [[32minfo[39m] offset time client vs server: 0
[2020-07-31 09:48:33] [[32minfo[39m] offset time client vs server: 0
[2020-07-31 09:48:33] [[32minfo[39m] offset time client vs server: 0
[2020-07-31 09:48:33] [[32minfo[39m] offset time client vs server: 0
[2020-07-31 09:48:33] [[32minfo[39m] offset time client vs server: 0
[2020-07-31 09:48:44] [[32minfo[39m] checkStatusOfferLive[{"totalGame":{"from":0,"to":100},"totalCost":{"from":0,"to":1000},"numberPay":{"from":0,"to":10},"lastPaidPack":{"from":0,"to":100},"age":{"from":0,"to":7464960000},"timeLastOnline":{"from":0,"to":7464960000},"channelGame":{"from":1,"to":3},"nameObject":"testing 1","offerLive":{"groupOffer":"5f1fa416c175a812f8392848","groupObject":"5f241df4683b9d343cb07fab","isExpired":false,"timeStart":1596203342,"timeFinish":1596289742,"totalBought":1,"totalShow":1,"totalReceived":1,"createAt":1596163713,"_id":"5f24216a3164850fc4e07530","__v":0},"totalUser":8,"createAt":1596163713,"_id":"5f241df4683b9d343cb07fab","channelPayment":"IAP","__v":0},{"totalGame":{"from":0,"to":100},"totalCost":{"from":0,"to":1000},"numberPay":{"from":0,"to":10},"lastPaidPack":{"from":0,"to":100},"age":{"from":0,"to":7464960000},"timeLastOnline":{"from":0,"to":7464960000},"channelGame":{"from":1,"to":3},"nameObject":"testing 2","offerLive":{"groupOffer":"5f212419efcfe129385e101c","groupObject":"5f2421d13164850fc4e07531","isExpired":false,"timeStart":1596203461,"timeFinish":1596289861,"totalBought":1,"totalShow":1,"totalReceived":1,"createAt":1596163713,"_id":"5f2421eb3164850fc4e07532","__v":0},"totalUser":1,"createAt":1596163713,"_id":"5f2421d13164850fc4e07531","channelPayment":"IAP","__v":0},{"totalGame":{"from":0,"to":100},"totalCost":{"from":0,"to":1000},"numberPay":{"from":0,"to":10},"lastPaidPack":{"from":0,"to":100},"age":{"from":0,"to":7464960000},"timeLastOnline":{"from":0,"to":7464960000},"channelGame":{"from":1,"to":3},"nameObject":"default","offerLive":{"groupOffer":"5f1fa416c175a812f8392848","groupObject":"5f2428343b8ae61fd49fb331","isExpired":false,"timeStart":1596033960,"timeFinish":1596120420,"totalBought":0,"totalShow":0,"totalReceived":0,"createAt":1596034026,"_id":"5f218be988d6a52a74a49e87","__v":0},"totalUser":1,"createAt":1596205099,"_id":"5f2428343b8ae61fd49fb331","channelPayment":"IAP","__v":0}]
[2020-07-31 09:48:44] [[32minfo[39m] offset time client vs server: 0
[2020-07-31 09:48:44] [[32minfo[39m] check status offer "5f241df4683b9d343cb07fab"current time 1596163725| time finish 1596289742
[2020-07-31 09:48:44] [[32minfo[39m] offset time client vs server: 0
[2020-07-31 09:48:44] [[32minfo[39m] offset time client vs server: 0
[2020-07-31 09:48:44] [[32minfo[39m] check status offer "5f2421d13164850fc4e07531"current time 1596163725| time finish 1596289861
[2020-07-31 09:48:44] [[32minfo[39m] offset time client vs server: 0
[2020-07-31 09:48:44] [[32minfo[39m] offset time client vs server: 0
[2020-07-31 09:48:44] [[32minfo[39m] check status offer "5f2428343b8ae61fd49fb331"current time 1596163725| time finish 1596120420
[2020-07-31 09:48:44] [[32minfo[39m] offset time client vs server: 0
[2020-07-31 09:48:44] [[32minfo[39m] This offer is experied!
[2020-07-31 09:48:51] [[32minfo[39m] checkStatusOfferLive[{"totalGame":{"from":0,"to":100},"totalCost":{"from":0,"to":1000},"numberPay":{"from":0,"to":10},"lastPaidPack":{"from":0,"to":100},"age":{"from":0,"to":7464960000},"timeLastOnline":{"from":0,"to":7464960000},"channelGame":{"from":1,"to":3},"nameObject":"testing 1","offerLive":{"groupOffer":"5f1fa416c175a812f8392848","groupObject":"5f241df4683b9d343cb07fab","isExpired":false,"timeStart":1596203342,"timeFinish":1596289742,"totalBought":1,"totalShow":1,"totalReceived":1,"createAt":1596163713,"_id":"5f24216a3164850fc4e07530","__v":0},"totalUser":8,"createAt":1596163713,"_id":"5f241df4683b9d343cb07fab","channelPayment":"IAP","__v":0},{"totalGame":{"from":0,"to":100},"totalCost":{"from":0,"to":1000},"numberPay":{"from":0,"to":10},"lastPaidPack":{"from":0,"to":100},"age":{"from":0,"to":7464960000},"timeLastOnline":{"from":0,"to":7464960000},"channelGame":{"from":1,"to":3},"nameObject":"testing 2","offerLive":{"groupOffer":"5f212419efcfe129385e101c","groupObject":"5f2421d13164850fc4e07531","isExpired":false,"timeStart":1596203461,"timeFinish":1596289861,"totalBought":1,"totalShow":1,"totalReceived":1,"createAt":1596163713,"_id":"5f2421eb3164850fc4e07532","__v":0},"totalUser":1,"createAt":1596163713,"_id":"5f2421d13164850fc4e07531","channelPayment":"IAP","__v":0},{"totalGame":{"from":0,"to":100},"totalCost":{"from":0,"to":1000},"numberPay":{"from":0,"to":10},"lastPaidPack":{"from":0,"to":100},"age":{"from":0,"to":7464960000},"timeLastOnline":{"from":0,"to":7464960000},"channelGame":{"from":1,"to":3},"nameObject":"default","offerLive":{"groupOffer":"5f1fa416c175a812f8392848","groupObject":"5f2428343b8ae61fd49fb331","isExpired":true,"timeStart":1596033960,"timeFinish":1596120420,"totalBought":0,"totalShow":0,"totalReceived":0,"createAt":1596034026,"_id":"5f218be988d6a52a74a49e87","__v":0},"totalUser":1,"createAt":1596205099,"_id":"5f2428343b8ae61fd49fb331","channelPayment":"IAP","__v":0}]
[2020-07-31 09:48:51] [[32minfo[39m] offset time client vs server: 0
[2020-07-31 09:48:51] [[32minfo[39m] check status offer "5f241df4683b9d343cb07fab"current time 1596163731| time finish 1596289742
[2020-07-31 09:48:51] [[32minfo[39m] offset time client vs server: 0
[2020-07-31 09:48:51] [[32minfo[39m] offset time client vs server: 0
[2020-07-31 09:48:51] [[32minfo[39m] check status offer "5f2421d13164850fc4e07531"current time 1596163731| time finish 1596289861
[2020-07-31 09:48:51] [[32minfo[39m] offset time client vs server: 0
[2020-07-31 09:48:55] [[32minfo[39m] checkStatusOfferLive[{"totalGame":{"from":0,"to":100},"totalCost":{"from":0,"to":1000},"numberPay":{"from":0,"to":10},"lastPaidPack":{"from":0,"to":100},"age":{"from":0,"to":7464960000},"timeLastOnline":{"from":0,"to":7464960000},"channelGame":{"from":1,"to":3},"nameObject":"testing 1","offerLive":{"groupOffer":"5f1fa416c175a812f8392848","groupObject":"5f241df4683b9d343cb07fab","isExpired":false,"timeStart":1596203342,"timeFinish":1596289742,"totalBought":1,"totalShow":1,"totalReceived":1,"createAt":1596163713,"_id":"5f24216a3164850fc4e07530","__v":0},"totalUser":8,"createAt":1596163713,"_id":"5f241df4683b9d343cb07fab","channelPayment":"IAP","__v":0},{"totalGame":{"from":0,"to":100},"totalCost":{"from":0,"to":1000},"numberPay":{"from":0,"to":10},"lastPaidPack":{"from":0,"to":100},"age":{"from":0,"to":7464960000},"timeLastOnline":{"from":0,"to":7464960000},"channelGame":{"from":1,"to":3},"nameObject":"testing 2","offerLive":{"groupOffer":"5f212419efcfe129385e101c","groupObject":"5f2421d13164850fc4e07531","isExpired":false,"timeStart":1596203461,"timeFinish":1596289861,"totalBought":1,"totalShow":1,"totalReceived":1,"createAt":1596163713,"_id":"5f2421eb3164850fc4e07532","__v":0},"totalUser":1,"createAt":1596163713,"_id":"5f2421d13164850fc4e07531","channelPayment":"IAP","__v":0},{"totalGame":{"from":0,"to":100},"totalCost":{"from":0,"to":1000},"numberPay":{"from":0,"to":10},"lastPaidPack":{"from":0,"to":100},"age":{"from":0,"to":7464960000},"timeLastOnline":{"from":0,"to":7464960000},"channelGame":{"from":1,"to":3},"nameObject":"default","offerLive":{"groupOffer":"5f1fa416c175a812f8392848","groupObject":"5f2428343b8ae61fd49fb331","isExpired":true,"timeStart":1596033960,"timeFinish":1596120420,"totalBought":0,"totalShow":0,"totalReceived":0,"createAt":1596034026,"_id":"5f218be988d6a52a74a49e87","__v":0},"totalUser":1,"createAt":1596205099,"_id":"5f2428343b8ae61fd49fb331","channelPayment":"IAP","__v":0}]
[2020-07-31 09:48:55] [[32minfo[39m] offset time client vs server: 0
[2020-07-31 09:48:55] [[32minfo[39m] check status offer "5f241df4683b9d343cb07fab"current time 1596163736| time finish 1596289742
[2020-07-31 09:48:55] [[32minfo[39m] offset time client vs server: 0
[2020-07-31 09:48:55] [[32minfo[39m] offset time client vs server: 0
[2020-07-31 09:48:55] [[32minfo[39m] check status offer "5f2421d13164850fc4e07531"current time 1596163736| time finish 1596289861
[2020-07-31 09:48:55] [[32minfo[39m] offset time client vs server: 0
[2020-07-31 09:50:48] [[32minfo[39m] checkStatusOfferLive[{"totalGame":{"from":0,"to":100},"totalCost":{"from":0,"to":1000},"numberPay":{"from":0,"to":10},"lastPaidPack":{"from":0,"to":100},"age":{"from":0,"to":7464960000},"timeLastOnline":{"from":0,"to":7464960000},"channelGame":{"from":1,"to":3},"nameObject":"testing 1","offerLive":{"groupOffer":"5f1fa416c175a812f8392848","groupObject":"5f241df4683b9d343cb07fab","isExpired":false,"timeStart":1596203342,"timeFinish":1596289742,"totalBought":1,"totalShow":1,"totalReceived":1,"createAt":1596163713,"_id":"5f24216a3164850fc4e07530","__v":0},"totalUser":8,"createAt":1596163713,"_id":"5f241df4683b9d343cb07fab","channelPayment":"IAP","__v":0},{"totalGame":{"from":0,"to":100},"totalCost":{"from":0,"to":1000},"numberPay":{"from":0,"to":10},"lastPaidPack":{"from":0,"to":100},"age":{"from":0,"to":7464960000},"timeLastOnline":{"from":0,"to":7464960000},"channelGame":{"from":1,"to":3},"nameObject":"testing 2","offerLive":{"groupOffer":"5f212419efcfe129385e101c","groupObject":"5f2421d13164850fc4e07531","isExpired":false,"timeStart":1596203461,"timeFinish":1596289861,"totalBought":1,"totalShow":1,"totalReceived":1,"createAt":1596163713,"_id":"5f2421eb3164850fc4e07532","__v":0},"totalUser":1,"createAt":1596163713,"_id":"5f2421d13164850fc4e07531","channelPayment":"IAP","__v":0},{"totalGame":{"from":0,"to":100},"totalCost":{"from":0,"to":1000},"numberPay":{"from":0,"to":10},"lastPaidPack":{"from":0,"to":100},"age":{"from":0,"to":7464960000},"timeLastOnline":{"from":0,"to":7464960000},"channelGame":{"from":1,"to":3},"nameObject":"default","offerLive":{"groupOffer":"5f1fa416c175a812f8392848","groupObject":"5f2428343b8ae61fd49fb331","isExpired":true,"timeStart":1596033960,"timeFinish":1596120420,"totalBought":0,"totalShow":0,"totalReceived":0,"createAt":1596034026,"_id":"5f218be988d6a52a74a49e87","__v":0},"totalUser":1,"createAt":1596205099,"_id":"5f2428343b8ae61fd49fb331","channelPayment":"IAP","__v":0}]
[2020-07-31 09:50:48] [[32minfo[39m] offset time client vs server: 0
[2020-07-31 09:50:48] [[32minfo[39m] check status offer "5f241df4683b9d343cb07fab"current time 1596163849| time finish 1596289742
[2020-07-31 09:50:48] [[32minfo[39m] offset time client vs server: 0
[2020-07-31 09:50:48] [[32minfo[39m] offset time client vs server: 0
[2020-07-31 09:50:48] [[32minfo[39m] check status offer "5f2421d13164850fc4e07531"current time 1596163849| time finish 1596289861
[2020-07-31 09:50:48] [[32minfo[39m] offset time client vs server: 0
[2020-07-31 09:50:55] [[32minfo[39m] checkStatusOfferLive[{"totalGame":{"from":0,"to":100},"totalCost":{"from":0,"to":1000},"numberPay":{"from":0,"to":10},"lastPaidPack":{"from":0,"to":100},"age":{"from":0,"to":7464960000},"timeLastOnline":{"from":0,"to":7464960000},"channelGame":{"from":1,"to":3},"nameObject":"testing 1","offerLive":{"groupOffer":"5f1fa416c175a812f8392848","groupObject":"5f241df4683b9d343cb07fab","isExpired":false,"timeStart":1596203342,"timeFinish":1596289742,"totalBought":1,"totalShow":1,"totalReceived":1,"createAt":1596163713,"_id":"5f24216a3164850fc4e07530","__v":0},"totalUser":8,"createAt":1596163713,"_id":"5f241df4683b9d343cb07fab","channelPayment":"IAP","__v":0},{"totalGame":{"from":0,"to":100},"totalCost":{"from":0,"to":1000},"numberPay":{"from":0,"to":10},"lastPaidPack":{"from":0,"to":100},"age":{"from":0,"to":7464960000},"timeLastOnline":{"from":0,"to":7464960000},"channelGame":{"from":1,"to":3},"nameObject":"testing 2","offerLive":{"groupOffer":"5f212419efcfe129385e101c","groupObject":"5f2421d13164850fc4e07531","isExpired":false,"timeStart":1596203461,"timeFinish":1596289861,"totalBought":1,"totalShow":1,"totalReceived":1,"createAt":1596163713,"_id":"5f2421eb3164850fc4e07532","__v":0},"totalUser":1,"createAt":1596163713,"_id":"5f2421d13164850fc4e07531","channelPayment":"IAP","__v":0},{"totalGame":{"from":0,"to":100},"totalCost":{"from":0,"to":1000},"numberPay":{"from":0,"to":10},"lastPaidPack":{"from":0,"to":100},"age":{"from":0,"to":7464960000},"timeLastOnline":{"from":0,"to":7464960000},"channelGame":{"from":1,"to":3},"nameObject":"default","offerLive":{"groupOffer":"5f1fa416c175a812f8392848","groupObject":"5f2428343b8ae61fd49fb331","isExpired":true,"timeStart":1596033960,"timeFinish":1596120420,"totalBought":0,"totalShow":0,"totalReceived":0,"createAt":1596034026,"_id":"5f218be988d6a52a74a49e87","__v":0},"totalUser":1,"createAt":1596205099,"_id":"5f2428343b8ae61fd49fb331","channelPayment":"IAP","__v":0}]
[2020-07-31 09:50:55] [[32minfo[39m] offset time client vs server: 0
[2020-07-31 09:50:55] [[32minfo[39m] check status offer "5f241df4683b9d343cb07fab"current time 1596163856| time finish 1596289742
[2020-07-31 09:50:55] [[32minfo[39m] offset time client vs server: 0
[2020-07-31 09:50:55] [[32minfo[39m] offset time client vs server: 0
[2020-07-31 09:50:55] [[32minfo[39m] check status offer "5f2421d13164850fc4e07531"current time 1596163856| time finish 1596289861
[2020-07-31 09:50:55] [[32minfo[39m] offset time client vs server: 0
[2020-07-31 09:51:11] [[32minfo[39m] checkStatusOfferLive[{"totalGame":{"from":0,"to":100},"totalCost":{"from":0,"to":1000},"numberPay":{"from":0,"to":10},"lastPaidPack":{"from":0,"to":100},"age":{"from":0,"to":7464960000},"timeLastOnline":{"from":0,"to":7464960000},"channelGame":{"from":1,"to":3},"nameObject":"testing 1","offerLive":{"groupOffer":"5f1fa416c175a812f8392848","groupObject":"5f241df4683b9d343cb07fab","isExpired":false,"timeStart":1596203342,"timeFinish":1596289742,"totalBought":1,"totalShow":1,"totalReceived":1,"createAt":1596163713,"_id":"5f24216a3164850fc4e07530","__v":0},"totalUser":8,"createAt":1596163713,"_id":"5f241df4683b9d343cb07fab","channelPayment":"IAP","__v":0},{"totalGame":{"from":0,"to":100},"totalCost":{"from":0,"to":1000},"numberPay":{"from":0,"to":10},"lastPaidPack":{"from":0,"to":100},"age":{"from":0,"to":7464960000},"timeLastOnline":{"from":0,"to":7464960000},"channelGame":{"from":1,"to":3},"nameObject":"testing 2","offerLive":{"groupOffer":"5f212419efcfe129385e101c","groupObject":"5f2421d13164850fc4e07531","isExpired":false,"timeStart":1596203461,"timeFinish":1596289861,"totalBought":1,"totalShow":1,"totalReceived":1,"createAt":1596163713,"_id":"5f2421eb3164850fc4e07532","__v":0},"totalUser":1,"createAt":1596163713,"_id":"5f2421d13164850fc4e07531","channelPayment":"IAP","__v":0},{"totalGame":{"from":0,"to":100},"totalCost":{"from":0,"to":1000},"numberPay":{"from":0,"to":10},"lastPaidPack":{"from":0,"to":100},"age":{"from":0,"to":7464960000},"timeLastOnline":{"from":0,"to":7464960000},"channelGame":{"from":1,"to":3},"nameObject":"default","offerLive":{"groupOffer":"5f1fa416c175a812f8392848","groupObject":"5f2428343b8ae61fd49fb331","isExpired":true,"timeStart":1596033960,"timeFinish":1596120420,"totalBought":0,"totalShow":0,"totalReceived":0,"createAt":1596034026,"_id":"5f218be988d6a52a74a49e87","__v":0},"totalUser":1,"createAt":1596205099,"_id":"5f2428343b8ae61fd49fb331","channelPayment":"IAP","__v":0}]
[2020-07-31 09:51:11] [[32minfo[39m] offset time client vs server: 0
[2020-07-31 09:51:11] [[32minfo[39m] check status offer "5f241df4683b9d343cb07fab"current time 1596163871| time finish 1596289742
[2020-07-31 09:51:11] [[32minfo[39m] offset time client vs server: 0
[2020-07-31 09:51:11] [[32minfo[39m] offset time client vs server: 0
[2020-07-31 09:51:11] [[32minfo[39m] check status offer "5f2421d13164850fc4e07531"current time 1596163871| time finish 1596289861
[2020-07-31 09:51:11] [[32minfo[39m] offset time client vs server: 0
[2020-07-31 09:51:12] [[32minfo[39m] checkStatusOfferLive[{"totalGame":{"from":0,"to":100},"totalCost":{"from":0,"to":1000},"numberPay":{"from":0,"to":10},"lastPaidPack":{"from":0,"to":100},"age":{"from":0,"to":7464960000},"timeLastOnline":{"from":0,"to":7464960000},"channelGame":{"from":1,"to":3},"nameObject":"testing 1","offerLive":{"groupOffer":"5f1fa416c175a812f8392848","groupObject":"5f241df4683b9d343cb07fab","isExpired":false,"timeStart":1596203342,"timeFinish":1596289742,"totalBought":1,"totalShow":1,"totalReceived":1,"createAt":1596163713,"_id":"5f24216a3164850fc4e07530","__v":0},"totalUser":8,"createAt":1596163713,"_id":"5f241df4683b9d343cb07fab","channelPayment":"IAP","__v":0},{"totalGame":{"from":0,"to":100},"totalCost":{"from":0,"to":1000},"numberPay":{"from":0,"to":10},"lastPaidPack":{"from":0,"to":100},"age":{"from":0,"to":7464960000},"timeLastOnline":{"from":0,"to":7464960000},"channelGame":{"from":1,"to":3},"nameObject":"testing 2","offerLive":{"groupOffer":"5f212419efcfe129385e101c","groupObject":"5f2421d13164850fc4e07531","isExpired":false,"timeStart":1596203461,"timeFinish":1596289861,"totalBought":1,"totalShow":1,"totalReceived":1,"createAt":1596163713,"_id":"5f2421eb3164850fc4e07532","__v":0},"totalUser":1,"createAt":1596163713,"_id":"5f2421d13164850fc4e07531","channelPayment":"IAP","__v":0},{"totalGame":{"from":0,"to":100},"totalCost":{"from":0,"to":1000},"numberPay":{"from":0,"to":10},"lastPaidPack":{"from":0,"to":100},"age":{"from":0,"to":7464960000},"timeLastOnline":{"from":0,"to":7464960000},"channelGame":{"from":1,"to":3},"nameObject":"default","offerLive":{"groupOffer":"5f1fa416c175a812f8392848","groupObject":"5f2428343b8ae61fd49fb331","isExpired":true,"timeStart":1596033960,"timeFinish":1596120420,"totalBought":0,"totalShow":0,"totalReceived":0,"createAt":1596034026,"_id":"5f218be988d6a52a74a49e87","__v":0},"totalUser":1,"createAt":1596205099,"_id":"5f2428343b8ae61fd49fb331","channelPayment":"IAP","__v":0}]
[2020-07-31 09:51:12] [[32minfo[39m] offset time client vs server: 0
[2020-07-31 09:51:12] [[32minfo[39m] check status offer "5f241df4683b9d343cb07fab"current time 1596163872| time finish 1596289742
[2020-07-31 09:51:12] [[32minfo[39m] offset time client vs server: 0
[2020-07-31 09:51:12] [[32minfo[39m] offset time client vs server: 0
[2020-07-31 09:51:12] [[32minfo[39m] check status offer "5f2421d13164850fc4e07531"current time 1596163872| time finish 1596289861
[2020-07-31 09:51:12] [[32minfo[39m] offset time client vs server: 0
[2020-07-31 09:51:22] [[32minfo[39m] checkStatusOfferLive[{"totalGame":{"from":0,"to":100},"totalCost":{"from":0,"to":1000},"numberPay":{"from":0,"to":10},"lastPaidPack":{"from":0,"to":100},"age":{"from":0,"to":7464960000},"timeLastOnline":{"from":0,"to":7464960000},"channelGame":{"from":1,"to":3},"nameObject":"testing 1","offerLive":{"groupOffer":"5f1fa416c175a812f8392848","groupObject":"5f241df4683b9d343cb07fab","isExpired":false,"timeStart":1596203342,"timeFinish":1596289742,"totalBought":1,"totalShow":1,"totalReceived":1,"createAt":1596163713,"_id":"5f24216a3164850fc4e07530","__v":0},"totalUser":8,"createAt":1596163713,"_id":"5f241df4683b9d343cb07fab","channelPayment":"IAP","__v":0},{"totalGame":{"from":0,"to":100},"totalCost":{"from":0,"to":1000},"numberPay":{"from":0,"to":10},"lastPaidPack":{"from":0,"to":100},"age":{"from":0,"to":7464960000},"timeLastOnline":{"from":0,"to":7464960000},"channelGame":{"from":1,"to":3},"nameObject":"testing 2","offerLive":{"groupOffer":"5f212419efcfe129385e101c","groupObject":"5f2421d13164850fc4e07531","isExpired":false,"timeStart":1596203461,"timeFinish":1596289861,"totalBought":1,"totalShow":1,"totalReceived":1,"createAt":1596163713,"_id":"5f2421eb3164850fc4e07532","__v":0},"totalUser":1,"createAt":1596163713,"_id":"5f2421d13164850fc4e07531","channelPayment":"IAP","__v":0},{"totalGame":{"from":0,"to":100},"totalCost":{"from":0,"to":1000},"numberPay":{"from":0,"to":10},"lastPaidPack":{"from":0,"to":100},"age":{"from":0,"to":7464960000},"timeLastOnline":{"from":0,"to":7464960000},"channelGame":{"from":1,"to":3},"nameObject":"default","offerLive":{"groupOffer":"5f1fa416c175a812f8392848","groupObject":"5f2428343b8ae61fd49fb331","isExpired":true,"timeStart":1596033960,"timeFinish":1596120420,"totalBought":0,"totalShow":0,"totalReceived":0,"createAt":1596034026,"_id":"5f218be988d6a52a74a49e87","__v":0},"totalUser":1,"createAt":1596205099,"_id":"5f2428343b8ae61fd49fb331","channelPayment":"IAP","__v":0}]
[2020-07-31 09:51:22] [[32minfo[39m] offset time client vs server: 0
[2020-07-31 09:51:22] [[32minfo[39m] check status offer "5f241df4683b9d343cb07fab"current time 1596163882| time finish 1596289742
[2020-07-31 09:51:22] [[32minfo[39m] offset time client vs server: 0
[2020-07-31 09:51:22] [[32minfo[39m] offset time client vs server: 0
[2020-07-31 09:51:22] [[32minfo[39m] check status offer "5f2421d13164850fc4e07531"current time 1596163882| time finish 1596289861
[2020-07-31 09:51:22] [[32minfo[39m] offset time client vs server: 0
[2020-07-31 09:51:23] [[32minfo[39m] checkStatusOfferLive[{"totalGame":{"from":0,"to":100},"totalCost":{"from":0,"to":1000},"numberPay":{"from":0,"to":10},"lastPaidPack":{"from":0,"to":100},"age":{"from":0,"to":7464960000},"timeLastOnline":{"from":0,"to":7464960000},"channelGame":{"from":1,"to":3},"nameObject":"testing 1","offerLive":{"groupOffer":"5f1fa416c175a812f8392848","groupObject":"5f241df4683b9d343cb07fab","isExpired":false,"timeStart":1596203342,"timeFinish":1596289742,"totalBought":1,"totalShow":1,"totalReceived":1,"createAt":1596163713,"_id":"5f24216a3164850fc4e07530","__v":0},"totalUser":8,"createAt":1596163713,"_id":"5f241df4683b9d343cb07fab","channelPayment":"IAP","__v":0},{"totalGame":{"from":0,"to":100},"totalCost":{"from":0,"to":1000},"numberPay":{"from":0,"to":10},"lastPaidPack":{"from":0,"to":100},"age":{"from":0,"to":7464960000},"timeLastOnline":{"from":0,"to":7464960000},"channelGame":{"from":1,"to":3},"nameObject":"testing 2","offerLive":{"groupOffer":"5f212419efcfe129385e101c","groupObject":"5f2421d13164850fc4e07531","isExpired":false,"timeStart":1596203461,"timeFinish":1596289861,"totalBought":1,"totalShow":1,"totalReceived":1,"createAt":1596163713,"_id":"5f2421eb3164850fc4e07532","__v":0},"totalUser":1,"createAt":1596163713,"_id":"5f2421d13164850fc4e07531","channelPayment":"IAP","__v":0},{"totalGame":{"from":0,"to":100},"totalCost":{"from":0,"to":1000},"numberPay":{"from":0,"to":10},"lastPaidPack":{"from":0,"to":100},"age":{"from":0,"to":7464960000},"timeLastOnline":{"from":0,"to":7464960000},"channelGame":{"from":1,"to":3},"nameObject":"default","offerLive":{"groupOffer":"5f1fa416c175a812f8392848","groupObject":"5f2428343b8ae61fd49fb331","isExpired":true,"timeStart":1596033960,"timeFinish":1596120420,"totalBought":0,"totalShow":0,"totalReceived":0,"createAt":1596034026,"_id":"5f218be988d6a52a74a49e87","__v":0},"totalUser":1,"createAt":1596205099,"_id":"5f2428343b8ae61fd49fb331","channelPayment":"IAP","__v":0}]
[2020-07-31 09:51:23] [[32minfo[39m] offset time client vs server: 0
[2020-07-31 09:51:23] [[32minfo[39m] check status offer "5f241df4683b9d343cb07fab"current time 1596163883| time finish 1596289742
[2020-07-31 09:51:23] [[32minfo[39m] offset time client vs server: 0
[2020-07-31 09:51:23] [[32minfo[39m] offset time client vs server: 0
[2020-07-31 09:51:23] [[32minfo[39m] check status offer "5f2421d13164850fc4e07531"current time 1596163883| time finish 1596289861
[2020-07-31 09:51:23] [[32minfo[39m] offset time client vs server: 0
[2020-07-31 09:52:06] [[32minfo[39m] checkStatusOfferLive[{"totalGame":{"from":0,"to":100},"totalCost":{"from":0,"to":1000},"numberPay":{"from":0,"to":10},"lastPaidPack":{"from":0,"to":100},"age":{"from":0,"to":7464960000},"timeLastOnline":{"from":0,"to":7464960000},"channelGame":{"from":1,"to":3},"nameObject":"testing 1","offerLive":{"groupOffer":"5f1fa416c175a812f8392848","groupObject":"5f241df4683b9d343cb07fab","isExpired":false,"timeStart":1596203342,"timeFinish":1596289742,"totalBought":1,"totalShow":1,"totalReceived":1,"createAt":1596163713,"_id":"5f24216a3164850fc4e07530","__v":0},"totalUser":8,"createAt":1596163713,"_id":"5f241df4683b9d343cb07fab","channelPayment":"IAP","__v":0},{"totalGame":{"from":0,"to":100},"totalCost":{"from":0,"to":1000},"numberPay":{"from":0,"to":10},"lastPaidPack":{"from":0,"to":100},"age":{"from":0,"to":7464960000},"timeLastOnline":{"from":0,"to":7464960000},"channelGame":{"from":1,"to":3},"nameObject":"testing 2","offerLive":{"groupOffer":"5f212419efcfe129385e101c","groupObject":"5f2421d13164850fc4e07531","isExpired":false,"timeStart":1596203461,"timeFinish":1596289861,"totalBought":1,"totalShow":1,"totalReceived":1,"createAt":1596163713,"_id":"5f2421eb3164850fc4e07532","__v":0},"totalUser":1,"createAt":1596163713,"_id":"5f2421d13164850fc4e07531","channelPayment":"IAP","__v":0},{"totalGame":{"from":0,"to":100},"totalCost":{"from":0,"to":1000},"numberPay":{"from":0,"to":10},"lastPaidPack":{"from":0,"to":100},"age":{"from":0,"to":7464960000},"timeLastOnline":{"from":0,"to":7464960000},"channelGame":{"from":1,"to":3},"nameObject":"default","offerLive":{"groupOffer":"5f1fa416c175a812f8392848","groupObject":"5f2428343b8ae61fd49fb331","isExpired":true,"timeStart":1596033960,"timeFinish":1596120420,"totalBought":0,"totalShow":0,"totalReceived":0,"createAt":1596034026,"_id":"5f218be988d6a52a74a49e87","__v":0},"totalUser":1,"createAt":1596205099,"_id":"5f2428343b8ae61fd49fb331","channelPayment":"IAP","__v":0}]
[2020-07-31 09:52:06] [[32minfo[39m] offset time client vs server: 0
[2020-07-31 09:52:06] [[32minfo[39m] check status offer "5f241df4683b9d343cb07fab"current time 1596163927| time finish 1596289742
[2020-07-31 09:52:06] [[32minfo[39m] offset time client vs server: 0
[2020-07-31 09:52:06] [[32minfo[39m] offset time client vs server: 0
[2020-07-31 09:52:06] [[32minfo[39m] check status offer "5f2421d13164850fc4e07531"current time 1596163927| time finish 1596289861
[2020-07-31 09:52:06] [[32minfo[39m] offset time client vs server: 0
[2020-07-31 09:52:08] [[32minfo[39m] checkStatusOfferLive[{"totalGame":{"from":0,"to":100},"totalCost":{"from":0,"to":1000},"numberPay":{"from":0,"to":10},"lastPaidPack":{"from":0,"to":100},"age":{"from":0,"to":7464960000},"timeLastOnline":{"from":0,"to":7464960000},"channelGame":{"from":1,"to":3},"nameObject":"testing 1","offerLive":{"groupOffer":"5f1fa416c175a812f8392848","groupObject":"5f241df4683b9d343cb07fab","isExpired":false,"timeStart":1596203342,"timeFinish":1596289742,"totalBought":1,"totalShow":1,"totalReceived":1,"createAt":1596163713,"_id":"5f24216a3164850fc4e07530","__v":0},"totalUser":8,"createAt":1596163713,"_id":"5f241df4683b9d343cb07fab","channelPayment":"IAP","__v":0},{"totalGame":{"from":0,"to":100},"totalCost":{"from":0,"to":1000},"numberPay":{"from":0,"to":10},"lastPaidPack":{"from":0,"to":100},"age":{"from":0,"to":7464960000},"timeLastOnline":{"from":0,"to":7464960000},"channelGame":{"from":1,"to":3},"nameObject":"testing 2","offerLive":{"groupOffer":"5f212419efcfe129385e101c","groupObject":"5f2421d13164850fc4e07531","isExpired":false,"timeStart":1596203461,"timeFinish":1596289861,"totalBought":1,"totalShow":1,"totalReceived":1,"createAt":1596163713,"_id":"5f2421eb3164850fc4e07532","__v":0},"totalUser":1,"createAt":1596163713,"_id":"5f2421d13164850fc4e07531","channelPayment":"IAP","__v":0},{"totalGame":{"from":0,"to":100},"totalCost":{"from":0,"to":1000},"numberPay":{"from":0,"to":10},"lastPaidPack":{"from":0,"to":100},"age":{"from":0,"to":7464960000},"timeLastOnline":{"from":0,"to":7464960000},"channelGame":{"from":1,"to":3},"nameObject":"default","offerLive":{"groupOffer":"5f1fa416c175a812f8392848","groupObject":"5f2428343b8ae61fd49fb331","isExpired":true,"timeStart":1596033960,"timeFinish":1596120420,"totalBought":0,"totalShow":0,"totalReceived":0,"createAt":1596034026,"_id":"5f218be988d6a52a74a49e87","__v":0},"totalUser":1,"createAt":1596205099,"_id":"5f2428343b8ae61fd49fb331","channelPayment":"IAP","__v":0}]
[2020-07-31 09:52:08] [[32minfo[39m] offset time client vs server: 0
[2020-07-31 09:52:08] [[32minfo[39m] check status offer "5f241df4683b9d343cb07fab"current time 1596163928| time finish 1596289742
[2020-07-31 09:52:08] [[32minfo[39m] offset time client vs server: 0
[2020-07-31 09:52:08] [[32minfo[39m] offset time client vs server: 0
[2020-07-31 09:52:08] [[32minfo[39m] check status offer "5f2421d13164850fc4e07531"current time 1596163928| time finish 1596289861
[2020-07-31 09:52:08] [[32minfo[39m] offset time client vs server: 0
[2020-07-31 09:52:09] [[32minfo[39m] checkStatusOfferLive[{"totalGame":{"from":0,"to":100},"totalCost":{"from":0,"to":1000},"numberPay":{"from":0,"to":10},"lastPaidPack":{"from":0,"to":100},"age":{"from":0,"to":7464960000},"timeLastOnline":{"from":0,"to":7464960000},"channelGame":{"from":1,"to":3},"nameObject":"testing 1","offerLive":{"groupOffer":"5f1fa416c175a812f8392848","groupObject":"5f241df4683b9d343cb07fab","isExpired":false,"timeStart":1596203342,"timeFinish":1596289742,"totalBought":1,"totalShow":1,"totalReceived":1,"createAt":1596163713,"_id":"5f24216a3164850fc4e07530","__v":0},"totalUser":8,"createAt":1596163713,"_id":"5f241df4683b9d343cb07fab","channelPayment":"IAP","__v":0},{"totalGame":{"from":0,"to":100},"totalCost":{"from":0,"to":1000},"numberPay":{"from":0,"to":10},"lastPaidPack":{"from":0,"to":100},"age":{"from":0,"to":7464960000},"timeLastOnline":{"from":0,"to":7464960000},"channelGame":{"from":1,"to":3},"nameObject":"testing 2","offerLive":{"groupOffer":"5f212419efcfe129385e101c","groupObject":"5f2421d13164850fc4e07531","isExpired":false,"timeStart":1596203461,"timeFinish":1596289861,"totalBought":1,"totalShow":1,"totalReceived":1,"createAt":1596163713,"_id":"5f2421eb3164850fc4e07532","__v":0},"totalUser":1,"createAt":1596163713,"_id":"5f2421d13164850fc4e07531","channelPayment":"IAP","__v":0},{"totalGame":{"from":0,"to":100},"totalCost":{"from":0,"to":1000},"numberPay":{"from":0,"to":10},"lastPaidPack":{"from":0,"to":100},"age":{"from":0,"to":7464960000},"timeLastOnline":{"from":0,"to":7464960000},"channelGame":{"from":1,"to":3},"nameObject":"default","offerLive":{"groupOffer":"5f1fa416c175a812f8392848","groupObject":"5f2428343b8ae61fd49fb331","isExpired":true,"timeStart":1596033960,"timeFinish":1596120420,"totalBought":0,"totalShow":0,"totalReceived":0,"createAt":1596034026,"_id":"5f218be988d6a52a74a49e87","__v":0},"totalUser":1,"createAt":1596205099,"_id":"5f2428343b8ae61fd49fb331","channelPayment":"IAP","__v":0}]
[2020-07-31 09:52:09] [[32minfo[39m] offset time client vs server: 0
[2020-07-31 09:52:09] [[32minfo[39m] check status offer "5f241df4683b9d343cb07fab"current time 1596163929| time finish 1596289742
[2020-07-31 09:52:09] [[32minfo[39m] offset time client vs server: 0
[2020-07-31 09:52:09] [[32minfo[39m] offset time client vs server: 0
[2020-07-31 09:52:09] [[32minfo[39m] check status offer "5f2421d13164850fc4e07531"current time 1596163929| time finish 1596289861
[2020-07-31 09:52:09] [[32minfo[39m] offset time client vs server: 0
[2020-07-31 09:52:10] [[32minfo[39m] checkStatusOfferLive[{"totalGame":{"from":0,"to":100},"totalCost":{"from":0,"to":1000},"numberPay":{"from":0,"to":10},"lastPaidPack":{"from":0,"to":100},"age":{"from":0,"to":7464960000},"timeLastOnline":{"from":0,"to":7464960000},"channelGame":{"from":1,"to":3},"nameObject":"testing 1","offerLive":{"groupOffer":"5f1fa416c175a812f8392848","groupObject":"5f241df4683b9d343cb07fab","isExpired":false,"timeStart":1596203342,"timeFinish":1596289742,"totalBought":1,"totalShow":1,"totalReceived":1,"createAt":1596163713,"_id":"5f24216a3164850fc4e07530","__v":0},"totalUser":8,"createAt":1596163713,"_id":"5f241df4683b9d343cb07fab","channelPayment":"IAP","__v":0},{"totalGame":{"from":0,"to":100},"totalCost":{"from":0,"to":1000},"numberPay":{"from":0,"to":10},"lastPaidPack":{"from":0,"to":100},"age":{"from":0,"to":7464960000},"timeLastOnline":{"from":0,"to":7464960000},"channelGame":{"from":1,"to":3},"nameObject":"testing 2","offerLive":{"groupOffer":"5f212419efcfe129385e101c","groupObject":"5f2421d13164850fc4e07531","isExpired":false,"timeStart":1596203461,"timeFinish":1596289861,"totalBought":1,"totalShow":1,"totalReceived":1,"createAt":1596163713,"_id":"5f2421eb3164850fc4e07532","__v":0},"totalUser":1,"createAt":1596163713,"_id":"5f2421d13164850fc4e07531","channelPayment":"IAP","__v":0},{"totalGame":{"from":0,"to":100},"totalCost":{"from":0,"to":1000},"numberPay":{"from":0,"to":10},"lastPaidPack":{"from":0,"to":100},"age":{"from":0,"to":7464960000},"timeLastOnline":{"from":0,"to":7464960000},"channelGame":{"from":1,"to":3},"nameObject":"default","offerLive":{"groupOffer":"5f1fa416c175a812f8392848","groupObject":"5f2428343b8ae61fd49fb331","isExpired":true,"timeStart":1596033960,"timeFinish":1596120420,"totalBought":0,"totalShow":0,"totalReceived":0,"createAt":1596034026,"_id":"5f218be988d6a52a74a49e87","__v":0},"totalUser":1,"createAt":1596205099,"_id":"5f2428343b8ae61fd49fb331","channelPayment":"IAP","__v":0}]
[2020-07-31 09:52:10] [[32minfo[39m] offset time client vs server: 0
[2020-07-31 09:52:10] [[32minfo[39m] check status offer "5f241df4683b9d343cb07fab"current time 1596163930| time finish 1596289742
[2020-07-31 09:52:10] [[32minfo[39m] offset time client vs server: 0
[2020-07-31 09:52:10] [[32minfo[39m] offset time client vs server: 0
[2020-07-31 09:52:10] [[32minfo[39m] check status offer "5f2421d13164850fc4e07531"current time 1596163930| time finish 1596289861
[2020-07-31 09:52:10] [[32minfo[39m] offset time client vs server: 0
[2020-07-31 09:52:33] [[32minfo[39m] checkStatusOfferLive[{"totalGame":{"from":0,"to":100},"totalCost":{"from":0,"to":1000},"numberPay":{"from":0,"to":10},"lastPaidPack":{"from":0,"to":100},"age":{"from":0,"to":7464960000},"timeLastOnline":{"from":0,"to":7464960000},"channelGame":{"from":1,"to":3},"nameObject":"testing 1","offerLive":{"groupOffer":"5f1fa416c175a812f8392848","groupObject":"5f241df4683b9d343cb07fab","isExpired":false,"timeStart":1596203342,"timeFinish":1596289742,"totalBought":1,"totalShow":1,"totalReceived":1,"createAt":1596163713,"_id":"5f24216a3164850fc4e07530","__v":0},"totalUser":8,"createAt":1596163713,"_id":"5f241df4683b9d343cb07fab","channelPayment":"IAP","__v":0},{"totalGame":{"from":0,"to":100},"totalCost":{"from":0,"to":1000},"numberPay":{"from":0,"to":10},"lastPaidPack":{"from":0,"to":100},"age":{"from":0,"to":7464960000},"timeLastOnline":{"from":0,"to":7464960000},"channelGame":{"from":1,"to":3},"nameObject":"testing 2","offerLive":{"groupOffer":"5f212419efcfe129385e101c","groupObject":"5f2421d13164850fc4e07531","isExpired":false,"timeStart":1596203461,"timeFinish":1596289861,"totalBought":1,"totalShow":1,"totalReceived":1,"createAt":1596163713,"_id":"5f2421eb3164850fc4e07532","__v":0},"totalUser":1,"createAt":1596163713,"_id":"5f2421d13164850fc4e07531","channelPayment":"IAP","__v":0},{"totalGame":{"from":0,"to":100},"totalCost":{"from":0,"to":1000},"numberPay":{"from":0,"to":10},"lastPaidPack":{"from":0,"to":100},"age":{"from":0,"to":7464960000},"timeLastOnline":{"from":0,"to":7464960000},"channelGame":{"from":1,"to":3},"nameObject":"default","offerLive":{"groupOffer":"5f1fa416c175a812f8392848","groupObject":"5f2428343b8ae61fd49fb331","isExpired":true,"timeStart":1596033960,"timeFinish":1596120420,"totalBought":0,"totalShow":0,"totalReceived":0,"createAt":1596034026,"_id":"5f218be988d6a52a74a49e87","__v":0},"totalUser":1,"createAt":1596205099,"_id":"5f2428343b8ae61fd49fb331","channelPayment":"IAP","__v":0}]
[2020-07-31 09:52:33] [[32minfo[39m] offset time client vs server: 0
[2020-07-31 09:52:33] [[32minfo[39m] check status offer "5f241df4683b9d343cb07fab"current time 1596163954| time finish 1596289742
[2020-07-31 09:52:33] [[32minfo[39m] offset time client vs server: 0
[2020-07-31 09:52:33] [[32minfo[39m] offset time client vs server: 0
[2020-07-31 09:52:33] [[32minfo[39m] check status offer "5f2421d13164850fc4e07531"current time 1596163954| time finish 1596289861
[2020-07-31 09:52:33] [[32minfo[39m] offset time client vs server: 0
[2020-07-31 09:52:36] [[32minfo[39m] checkStatusOfferLive[{"totalGame":{"from":0,"to":100},"totalCost":{"from":0,"to":1000},"numberPay":{"from":0,"to":10},"lastPaidPack":{"from":0,"to":100},"age":{"from":0,"to":7464960000},"timeLastOnline":{"from":0,"to":7464960000},"channelGame":{"from":1,"to":3},"nameObject":"testing 1","offerLive":{"groupOffer":"5f1fa416c175a812f8392848","groupObject":"5f241df4683b9d343cb07fab","isExpired":false,"timeStart":1596203342,"timeFinish":1596289742,"totalBought":1,"totalShow":1,"totalReceived":1,"createAt":1596163713,"_id":"5f24216a3164850fc4e07530","__v":0},"totalUser":8,"createAt":1596163713,"_id":"5f241df4683b9d343cb07fab","channelPayment":"IAP","__v":0},{"totalGame":{"from":0,"to":100},"totalCost":{"from":0,"to":1000},"numberPay":{"from":0,"to":10},"lastPaidPack":{"from":0,"to":100},"age":{"from":0,"to":7464960000},"timeLastOnline":{"from":0,"to":7464960000},"channelGame":{"from":1,"to":3},"nameObject":"testing 2","offerLive":{"groupOffer":"5f212419efcfe129385e101c","groupObject":"5f2421d13164850fc4e07531","isExpired":false,"timeStart":1596203461,"timeFinish":1596289861,"totalBought":1,"totalShow":1,"totalReceived":1,"createAt":1596163713,"_id":"5f2421eb3164850fc4e07532","__v":0},"totalUser":1,"createAt":1596163713,"_id":"5f2421d13164850fc4e07531","channelPayment":"IAP","__v":0},{"totalGame":{"from":0,"to":100},"totalCost":{"from":0,"to":1000},"numberPay":{"from":0,"to":10},"lastPaidPack":{"from":0,"to":100},"age":{"from":0,"to":7464960000},"timeLastOnline":{"from":0,"to":7464960000},"channelGame":{"from":1,"to":3},"nameObject":"default","offerLive":{"groupOffer":"5f1fa416c175a812f8392848","groupObject":"5f2428343b8ae61fd49fb331","isExpired":true,"timeStart":1596033960,"timeFinish":1596120420,"totalBought":0,"totalShow":0,"totalReceived":0,"createAt":1596034026,"_id":"5f218be988d6a52a74a49e87","__v":0},"totalUser":1,"createAt":1596205099,"_id":"5f2428343b8ae61fd49fb331","channelPayment":"IAP","__v":0}]
[2020-07-31 09:52:36] [[32minfo[39m] offset time client vs server: 0
[2020-07-31 09:52:36] [[32minfo[39m] check status offer "5f241df4683b9d343cb07fab"current time 1596163956| time finish 1596289742
[2020-07-31 09:52:36] [[32minfo[39m] offset time client vs server: 0
[2020-07-31 09:52:36] [[32minfo[39m] offset time client vs server: 0
[2020-07-31 09:52:36] [[32minfo[39m] check status offer "5f2421d13164850fc4e07531"current time 1596163957| time finish 1596289861
[2020-07-31 09:52:36] [[32minfo[39m] offset time client vs server: 0
[2020-07-31 09:57:38] [[32minfo[39m] offset time client vs server: 0
[2020-07-31 09:57:38] [[32minfo[39m] offset time client vs server: 0
[2020-07-31 09:57:38] [[32minfo[39m] offset time client vs server: 0
[2020-07-31 09:57:38] [[32minfo[39m] offset time client vs server: 0
[2020-07-31 09:57:38] [[32minfo[39m] offset time client vs server: 0
[2020-07-31 09:59:17] [[32minfo[39m] offset time client vs server: 0
[2020-07-31 09:59:17] [[32minfo[39m] offset time client vs server: 0
[2020-07-31 09:59:17] [[32minfo[39m] offset time client vs server: 0
[2020-07-31 09:59:17] [[32minfo[39m] offset time client vs server: 0
[2020-07-31 09:59:17] [[32minfo[39m] offset time client vs server: 0
