[2020-07-28 11:03:50] [[32minfo[39m] receive message from kafka: {"topic":"p13_action_2","value":"106219744|1595909028|1595909028|1|1595909028","offset":11,"partition":0,"highWaterOffset":12,"key":"p13|user_login"}
[2020-07-28 11:03:50] [[32minfo[39m] tracking user login gameId: p13 | message:106219744|1595909028|1595909028|1|1595909028
[2020-07-28 11:03:50] [[32minfo[39m] set current time server 1595909028
[2020-07-28 11:04:28] [[32minfo[39m] checkStatusOfferLive[]
[2020-07-28 11:04:33] [[32minfo[39m] offset time client vs server: 3
[2020-07-28 11:04:33] [[32minfo[39m] offset time client vs server: 3
[2020-07-28 11:04:33] [[32minfo[39m] offset time client vs server: 3
[2020-07-28 11:04:33] [[32minfo[39m] offset time client vs server: 3
[2020-07-28 11:04:33] [[32minfo[39m] offset time client vs server: 3
[2020-07-28 11:04:33] [[32minfo[39m] offset time client vs server: 3
[2020-07-28 11:04:46] [[32minfo[39m] checkStatusOfferLive[]
[2020-07-28 11:05:44] [[32minfo[39m] checkStatusOfferLive[]
[2020-07-28 11:05:44] [[32minfo[39m] checkStatusOfferLive[]
[2020-07-28 11:06:46] [[32minfo[39m] receive message from kafka: {"topic":"p13_action_2","value":"106219743|1595908706|1595909206|1|1595909206","offset":12,"partition":0,"highWaterOffset":13,"key":"p13|user_login"}
[2020-07-28 11:06:46] [[32minfo[39m] tracking user login gameId: p13 | message:106219743|1595908706|1595909206|1|1595909206
[2020-07-28 11:06:46] [[32minfo[39m] set current time server 1595909206
[2020-07-28 11:07:07] [[32minfo[39m] checkStatusOfferLive[{"totalGame":{"from":0,"to":100},"totalCost":{"from":0,"to":1000},"numberPay":{"from":0,"to":10},"lastPaidPack":{"from":0,"to":100},"age":{"from":0,"to":7464960000},"timeLastOnline":{"from":0,"to":7464960000},"channelGame":{"from":0,"to":7},"nameObject":"testing 1","offerLive":{"groupOffer":"5f1fa416c175a812f8392848","groupObject":"5f1fa3d1c175a812f8392847","isExpired":false,"timeStart":1595909103,"timeFinish":1595995503,"totalBought":0,"totalShow":3,"totalReceived":1,"_id":"5f1fa425c175a812f8392849","__v":0},"totalUser":5,"_id":"5f1fa3d1c175a812f8392847","channelPayment":"IAP","__v":0}]
[2020-07-28 11:07:07] [[32minfo[39m] offset time client vs server: 0
[2020-07-28 11:07:07] [[32minfo[39m] check status offer "5f1fa3d1c175a812f8392847"current time 1595909228| time finish 1595995503
[2020-07-28 11:07:07] [[32minfo[39m] offset time client vs server: 0
[2020-07-28 11:07:22] [[32minfo[39m] checkStatusOfferLive[{"totalGame":{"from":0,"to":100},"totalCost":{"from":0,"to":1000},"numberPay":{"from":0,"to":10},"lastPaidPack":{"from":0,"to":100},"age":{"from":0,"to":7464960000},"timeLastOnline":{"from":0,"to":7464960000},"channelGame":{"from":0,"to":7},"nameObject":"testing 1","offerLive":{"groupOffer":"5f1fa416c175a812f8392848","groupObject":"5f1fa3d1c175a812f8392847","isExpired":false,"timeStart":1595909103,"timeFinish":1595995503,"totalBought":0,"totalShow":4,"totalReceived":1,"_id":"5f1fa425c175a812f8392849","__v":0},"totalUser":5,"_id":"5f1fa3d1c175a812f8392847","channelPayment":"IAP","__v":0}]
[2020-07-28 11:07:22] [[32minfo[39m] offset time client vs server: 0
[2020-07-28 11:07:22] [[32minfo[39m] check status offer "5f1fa3d1c175a812f8392847"current time 1595909243| time finish 1595995503
[2020-07-28 11:07:22] [[32minfo[39m] offset time client vs server: 0
[2020-07-28 11:07:27] [[32minfo[39m] checkStatusOfferLive[{"totalGame":{"from":0,"to":100},"totalCost":{"from":0,"to":1000},"numberPay":{"from":0,"to":10},"lastPaidPack":{"from":0,"to":100},"age":{"from":0,"to":7464960000},"timeLastOnline":{"from":0,"to":7464960000},"channelGame":{"from":0,"to":7},"nameObject":"testing 1","offerLive":{"groupOffer":"5f1fa416c175a812f8392848","groupObject":"5f1fa3d1c175a812f8392847","isExpired":false,"timeStart":1595909103,"timeFinish":1595995503,"totalBought":0,"totalShow":6,"totalReceived":1,"_id":"5f1fa425c175a812f8392849","__v":0},"totalUser":5,"_id":"5f1fa3d1c175a812f8392847","channelPayment":"IAP","__v":0}]
[2020-07-28 11:07:27] [[32minfo[39m] offset time client vs server: 0
[2020-07-28 11:07:27] [[32minfo[39m] check status offer "5f1fa3d1c175a812f8392847"current time 1595909247| time finish 1595995503
[2020-07-28 11:07:27] [[32minfo[39m] offset time client vs server: 0
[2020-07-28 11:07:35] [[32minfo[39m] receive message from kafka: {"topic":"p13_action_2","value":"106219743|5f1fa425c175a812f8392849|1595909255","offset":13,"partition":0,"highWaterOffset":14,"key":"p13|user_buy_offer"}
[2020-07-28 11:07:35] [[32minfo[39m] tracking bought gameId: p13 | message:106219743|5f1fa425c175a812f8392849|1595909255
[2020-07-28 11:07:38] [[32minfo[39m] checkStatusOfferLive[{"totalGame":{"from":0,"to":100},"totalCost":{"from":0,"to":1000},"numberPay":{"from":0,"to":10},"lastPaidPack":{"from":0,"to":100},"age":{"from":0,"to":7464960000},"timeLastOnline":{"from":0,"to":7464960000},"channelGame":{"from":0,"to":7},"nameObject":"testing 1","offerLive":{"groupOffer":"5f1fa416c175a812f8392848","groupObject":"5f1fa3d1c175a812f8392847","isExpired":false,"timeStart":1595909103,"timeFinish":1595995503,"totalBought":1,"totalShow":7,"totalReceived":1,"_id":"5f1fa425c175a812f8392849","__v":0},"totalUser":5,"_id":"5f1fa3d1c175a812f8392847","channelPayment":"IAP","__v":0}]
[2020-07-28 11:07:38] [[32minfo[39m] offset time client vs server: 0
[2020-07-28 11:07:38] [[32minfo[39m] check status offer "5f1fa3d1c175a812f8392847"current time 1595909258| time finish 1595995503
[2020-07-28 11:07:38] [[32minfo[39m] offset time client vs server: 0
[2020-07-28 11:07:42] [[32minfo[39m] checkStatusOfferLive[{"totalGame":{"from":0,"to":100},"totalCost":{"from":0,"to":1000},"numberPay":{"from":0,"to":10},"lastPaidPack":{"from":0,"to":100},"age":{"from":0,"to":7464960000},"timeLastOnline":{"from":0,"to":7464960000},"channelGame":{"from":0,"to":7},"nameObject":"testing 1","offerLive":{"groupOffer":"5f1fa416c175a812f8392848","groupObject":"5f1fa3d1c175a812f8392847","isExpired":false,"timeStart":1595909103,"timeFinish":1595995503,"totalBought":1,"totalShow":7,"totalReceived":1,"_id":"5f1fa425c175a812f8392849","__v":0},"totalUser":5,"_id":"5f1fa3d1c175a812f8392847","channelPayment":"IAP","__v":0}]
[2020-07-28 11:07:42] [[32minfo[39m] offset time client vs server: 0
[2020-07-28 11:07:42] [[32minfo[39m] check status offer "5f1fa3d1c175a812f8392847"current time 1595909262| time finish 1595995503
[2020-07-28 11:07:42] [[32minfo[39m] offset time client vs server: 0
[2020-07-28 11:07:43] [[32minfo[39m] checkStatusOfferLive[{"totalGame":{"from":0,"to":100},"totalCost":{"from":0,"to":1000},"numberPay":{"from":0,"to":10},"lastPaidPack":{"from":0,"to":100},"age":{"from":0,"to":7464960000},"timeLastOnline":{"from":0,"to":7464960000},"channelGame":{"from":0,"to":7},"nameObject":"testing 1","offerLive":{"groupOffer":"5f1fa416c175a812f8392848","groupObject":"5f1fa3d1c175a812f8392847","isExpired":false,"timeStart":1595909103,"timeFinish":1595995503,"totalBought":1,"totalShow":7,"totalReceived":1,"_id":"5f1fa425c175a812f8392849","__v":0},"totalUser":5,"_id":"5f1fa3d1c175a812f8392847","channelPayment":"IAP","__v":0}]
[2020-07-28 11:07:43] [[32minfo[39m] offset time client vs server: 0
[2020-07-28 11:07:43] [[32minfo[39m] check status offer "5f1fa3d1c175a812f8392847"current time 1595909263| time finish 1595995503
[2020-07-28 11:07:43] [[32minfo[39m] offset time client vs server: 0
[2020-07-28 11:12:40] [[32minfo[39m] checkStatusOfferLive[{"totalGame":{"from":0,"to":100},"totalCost":{"from":0,"to":1000},"numberPay":{"from":0,"to":10},"lastPaidPack":{"from":0,"to":100},"age":{"from":0,"to":7464960000},"timeLastOnline":{"from":0,"to":7464960000},"channelGame":{"from":0,"to":7},"nameObject":"testing 1","offerLive":{"groupOffer":"5f1fa416c175a812f8392848","groupObject":"5f1fa3d1c175a812f8392847","isExpired":false,"timeStart":1595909103,"timeFinish":1595995503,"totalBought":1,"totalShow":7,"totalReceived":1,"_id":"5f1fa425c175a812f8392849","__v":0},"totalUser":5,"_id":"5f1fa3d1c175a812f8392847","channelPayment":"IAP","__v":0}]
[2020-07-28 11:12:40] [[32minfo[39m] offset time client vs server: 0
[2020-07-28 11:12:40] [[32minfo[39m] check status offer "5f1fa3d1c175a812f8392847"current time 1595909560| time finish 1595995503
[2020-07-28 11:12:40] [[32minfo[39m] offset time client vs server: 0
[2020-07-28 11:22:54] [[32minfo[39m] receive message from kafka: {"topic":"p13_action_2","value":"106219745|1595909669|1595909669|1|1595909669","offset":14,"partition":0,"highWaterOffset":16,"key":"p13|user_login"}
[2020-07-28 11:22:54] [[32minfo[39m] tracking user login gameId: p13 | message:106219745|1595909669|1595909669|1|1595909669
[2020-07-28 11:22:54] [[32minfo[39m] set current time server 1595909669
[2020-07-28 11:22:54] [[32minfo[39m] receive message from kafka: {"topic":"p13_action_2","value":"106219746|1595909678|1595909678|1|1595909678","offset":15,"partition":0,"highWaterOffset":16,"key":"p13|user_login"}
[2020-07-28 11:22:54] [[32minfo[39m] tracking user login gameId: p13 | message:106219746|1595909678|1595909678|1|1595909678
[2020-07-28 11:22:54] [[32minfo[39m] set current time server 1595909678
[2020-07-28 11:26:00] [[32minfo[39m] receive message from kafka: {"topic":"p13_action_2","value":"106219747|1595910360|1595910360|1|1595910360","offset":16,"partition":0,"highWaterOffset":17,"key":"p13|user_login"}
[2020-07-28 11:26:00] [[32minfo[39m] tracking user login gameId: p13 | message:106219747|1595910360|1595910360|1|1595910360
[2020-07-28 11:26:00] [[32minfo[39m] set current time server 1595910360
[2020-07-28 11:40:33] [[32minfo[39m] checkStatusOfferLive[{"totalGame":{"from":0,"to":100},"totalCost":{"from":0,"to":1000},"numberPay":{"from":0,"to":10},"lastPaidPack":{"from":0,"to":100},"age":{"from":0,"to":7464960000},"timeLastOnline":{"from":0,"to":7464960000},"channelGame":{"from":0,"to":7},"nameObject":"testing 1","offerLive":{"groupOffer":"5f1fa416c175a812f8392848","groupObject":"5f1fa3d1c175a812f8392847","isExpired":false,"timeStart":1595909103,"timeFinish":1595995503,"totalBought":1,"totalShow":7,"totalReceived":1,"_id":"5f1fa425c175a812f8392849","__v":0},"totalUser":5,"_id":"5f1fa3d1c175a812f8392847","channelPayment":"IAP","__v":0}]
[2020-07-28 11:40:33] [[32minfo[39m] offset time client vs server: 0
[2020-07-28 11:40:33] [[32minfo[39m] check status offer "5f1fa3d1c175a812f8392847"current time 1595911234| time finish 1595995503
[2020-07-28 11:40:33] [[32minfo[39m] offset time client vs server: 0
[2020-07-28 11:40:33] [[32minfo[39m] checkStatusOfferLive[{"totalGame":{"from":0,"to":100},"totalCost":{"from":0,"to":1000},"numberPay":{"from":0,"to":10},"lastPaidPack":{"from":0,"to":100},"age":{"from":0,"to":7464960000},"timeLastOnline":{"from":0,"to":7464960000},"channelGame":{"from":0,"to":7},"nameObject":"testing 1","offerLive":{"groupOffer":"5f1fa416c175a812f8392848","groupObject":"5f1fa3d1c175a812f8392847","isExpired":false,"timeStart":1595909103,"timeFinish":1595995503,"totalBought":1,"totalShow":7,"totalReceived":1,"_id":"5f1fa425c175a812f8392849","__v":0},"totalUser":5,"_id":"5f1fa3d1c175a812f8392847","channelPayment":"IAP","__v":0}]
[2020-07-28 11:40:33] [[32minfo[39m] offset time client vs server: 0
[2020-07-28 11:40:33] [[32minfo[39m] check status offer "5f1fa3d1c175a812f8392847"current time 1595911234| time finish 1595995503
[2020-07-28 11:40:33] [[32minfo[39m] offset time client vs server: 0
[2020-07-28 11:40:33] [[32minfo[39m] checkStatusOfferLive[{"totalGame":{"from":0,"to":100},"totalCost":{"from":0,"to":1000},"numberPay":{"from":0,"to":10},"lastPaidPack":{"from":0,"to":100},"age":{"from":0,"to":7464960000},"timeLastOnline":{"from":0,"to":7464960000},"channelGame":{"from":0,"to":7},"nameObject":"testing 1","offerLive":{"groupOffer":"5f1fa416c175a812f8392848","groupObject":"5f1fa3d1c175a812f8392847","isExpired":false,"timeStart":1595909103,"timeFinish":1595995503,"totalBought":1,"totalShow":7,"totalReceived":1,"_id":"5f1fa425c175a812f8392849","__v":0},"totalUser":5,"_id":"5f1fa3d1c175a812f8392847","channelPayment":"IAP","__v":0}]
[2020-07-28 11:40:33] [[32minfo[39m] offset time client vs server: 0
[2020-07-28 11:40:33] [[32minfo[39m] check status offer "5f1fa3d1c175a812f8392847"current time 1595911234| time finish 1595995503
[2020-07-28 11:40:33] [[32minfo[39m] offset time client vs server: 0
[2020-07-28 11:40:33] [[32minfo[39m] checkStatusOfferLive[{"totalGame":{"from":0,"to":100},"totalCost":{"from":0,"to":1000},"numberPay":{"from":0,"to":10},"lastPaidPack":{"from":0,"to":100},"age":{"from":0,"to":7464960000},"timeLastOnline":{"from":0,"to":7464960000},"channelGame":{"from":0,"to":7},"nameObject":"testing 1","offerLive":{"groupOffer":"5f1fa416c175a812f8392848","groupObject":"5f1fa3d1c175a812f8392847","isExpired":false,"timeStart":1595909103,"timeFinish":1595995503,"totalBought":1,"totalShow":7,"totalReceived":1,"_id":"5f1fa425c175a812f8392849","__v":0},"totalUser":5,"_id":"5f1fa3d1c175a812f8392847","channelPayment":"IAP","__v":0}]
[2020-07-28 11:40:33] [[32minfo[39m] offset time client vs server: 0
[2020-07-28 11:40:33] [[32minfo[39m] check status offer "5f1fa3d1c175a812f8392847"current time 1595911234| time finish 1595995503
[2020-07-28 11:40:33] [[32minfo[39m] offset time client vs server: 0
[2020-07-28 11:40:35] [[32minfo[39m] checkStatusOfferLive[{"totalGame":{"from":0,"to":100},"totalCost":{"from":0,"to":1000},"numberPay":{"from":0,"to":10},"lastPaidPack":{"from":0,"to":100},"age":{"from":0,"to":7464960000},"timeLastOnline":{"from":0,"to":7464960000},"channelGame":{"from":0,"to":7},"nameObject":"testing 1","offerLive":{"groupOffer":"5f1fa416c175a812f8392848","groupObject":"5f1fa3d1c175a812f8392847","isExpired":false,"timeStart":1595909103,"timeFinish":1595995503,"totalBought":1,"totalShow":7,"totalReceived":1,"_id":"5f1fa425c175a812f8392849","__v":0},"totalUser":5,"_id":"5f1fa3d1c175a812f8392847","channelPayment":"IAP","__v":0}]
[2020-07-28 11:40:35] [[32minfo[39m] offset time client vs server: 0
[2020-07-28 11:40:35] [[32minfo[39m] check status offer "5f1fa3d1c175a812f8392847"current time 1595911236| time finish 1595995503
[2020-07-28 11:40:35] [[32minfo[39m] offset time client vs server: 0
[2020-07-28 11:40:36] [[32minfo[39m] checkStatusOfferLive[{"totalGame":{"from":0,"to":100},"totalCost":{"from":0,"to":1000},"numberPay":{"from":0,"to":10},"lastPaidPack":{"from":0,"to":100},"age":{"from":0,"to":7464960000},"timeLastOnline":{"from":0,"to":7464960000},"channelGame":{"from":0,"to":7},"nameObject":"testing 1","offerLive":{"groupOffer":"5f1fa416c175a812f8392848","groupObject":"5f1fa3d1c175a812f8392847","isExpired":false,"timeStart":1595909103,"timeFinish":1595995503,"totalBought":1,"totalShow":7,"totalReceived":1,"_id":"5f1fa425c175a812f8392849","__v":0},"totalUser":5,"_id":"5f1fa3d1c175a812f8392847","channelPayment":"IAP","__v":0}]
[2020-07-28 11:40:36] [[32minfo[39m] offset time client vs server: 0
[2020-07-28 11:40:36] [[32minfo[39m] check status offer "5f1fa3d1c175a812f8392847"current time 1595911237| time finish 1595995503
[2020-07-28 11:40:36] [[32minfo[39m] offset time client vs server: 0
[2020-07-28 11:40:38] [[32minfo[39m] checkStatusOfferLive[{"totalGame":{"from":0,"to":100},"totalCost":{"from":0,"to":1000},"numberPay":{"from":0,"to":10},"lastPaidPack":{"from":0,"to":100},"age":{"from":0,"to":7464960000},"timeLastOnline":{"from":0,"to":7464960000},"channelGame":{"from":0,"to":7},"nameObject":"testing 1","offerLive":{"groupOffer":"5f1fa416c175a812f8392848","groupObject":"5f1fa3d1c175a812f8392847","isExpired":false,"timeStart":1595909103,"timeFinish":1595995503,"totalBought":1,"totalShow":7,"totalReceived":1,"_id":"5f1fa425c175a812f8392849","__v":0},"totalUser":5,"_id":"5f1fa3d1c175a812f8392847","channelPayment":"IAP","__v":0}]
[2020-07-28 11:40:38] [[32minfo[39m] offset time client vs server: 0
[2020-07-28 11:40:38] [[32minfo[39m] check status offer "5f1fa3d1c175a812f8392847"current time 1595911238| time finish 1595995503
[2020-07-28 11:40:38] [[32minfo[39m] offset time client vs server: 0
[2020-07-28 11:40:38] [[32minfo[39m] checkStatusOfferLive[{"totalGame":{"from":0,"to":100},"totalCost":{"from":0,"to":1000},"numberPay":{"from":0,"to":10},"lastPaidPack":{"from":0,"to":100},"age":{"from":0,"to":7464960000},"timeLastOnline":{"from":0,"to":7464960000},"channelGame":{"from":0,"to":7},"nameObject":"testing 1","offerLive":{"groupOffer":"5f1fa416c175a812f8392848","groupObject":"5f1fa3d1c175a812f8392847","isExpired":false,"timeStart":1595909103,"timeFinish":1595995503,"totalBought":1,"totalShow":7,"totalReceived":1,"_id":"5f1fa425c175a812f8392849","__v":0},"totalUser":5,"_id":"5f1fa3d1c175a812f8392847","channelPayment":"IAP","__v":0}]
[2020-07-28 11:40:38] [[32minfo[39m] offset time client vs server: 0
[2020-07-28 11:40:38] [[32minfo[39m] check status offer "5f1fa3d1c175a812f8392847"current time 1595911238| time finish 1595995503
[2020-07-28 11:40:38] [[32minfo[39m] offset time client vs server: 0
[2020-07-28 11:40:39] [[32minfo[39m] checkStatusOfferLive[{"totalGame":{"from":0,"to":100},"totalCost":{"from":0,"to":1000},"numberPay":{"from":0,"to":10},"lastPaidPack":{"from":0,"to":100},"age":{"from":0,"to":7464960000},"timeLastOnline":{"from":0,"to":7464960000},"channelGame":{"from":0,"to":7},"nameObject":"testing 1","offerLive":{"groupOffer":"5f1fa416c175a812f8392848","groupObject":"5f1fa3d1c175a812f8392847","isExpired":false,"timeStart":1595909103,"timeFinish":1595995503,"totalBought":1,"totalShow":7,"totalReceived":1,"_id":"5f1fa425c175a812f8392849","__v":0},"totalUser":5,"_id":"5f1fa3d1c175a812f8392847","channelPayment":"IAP","__v":0}]
[2020-07-28 11:40:39] [[32minfo[39m] offset time client vs server: 0
[2020-07-28 11:40:39] [[32minfo[39m] check status offer "5f1fa3d1c175a812f8392847"current time 1595911240| time finish 1595995503
[2020-07-28 11:40:39] [[32minfo[39m] offset time client vs server: 0
[2020-07-28 11:41:05] [[32minfo[39m] checkStatusOfferLive[{"totalGame":{"from":0,"to":100},"totalCost":{"from":0,"to":1000},"numberPay":{"from":0,"to":10},"lastPaidPack":{"from":0,"to":100},"age":{"from":0,"to":7464960000},"timeLastOnline":{"from":0,"to":7464960000},"channelGame":{"from":0,"to":7},"nameObject":"testing 1","offerLive":{"groupOffer":"5f1fa416c175a812f8392848","groupObject":"5f1fa3d1c175a812f8392847","isExpired":false,"timeStart":1595909103,"timeFinish":1595995503,"totalBought":1,"totalShow":7,"totalReceived":1,"_id":"5f1fa425c175a812f8392849","__v":0},"totalUser":5,"_id":"5f1fa3d1c175a812f8392847","channelPayment":"IAP","__v":0}]
[2020-07-28 11:41:05] [[32minfo[39m] offset time client vs server: 0
[2020-07-28 11:41:05] [[32minfo[39m] check status offer "5f1fa3d1c175a812f8392847"current time 1595911266| time finish 1595995503
[2020-07-28 11:41:05] [[32minfo[39m] offset time client vs server: 0
[2020-07-28 11:41:13] [[32minfo[39m] checkStatusOfferLive[{"totalGame":{"from":0,"to":100},"totalCost":{"from":0,"to":1000},"numberPay":{"from":0,"to":10},"lastPaidPack":{"from":0,"to":100},"age":{"from":0,"to":7464960000},"timeLastOnline":{"from":0,"to":7464960000},"channelGame":{"from":0,"to":7},"nameObject":"testing 1","offerLive":{"groupOffer":"5f1fa416c175a812f8392848","groupObject":"5f1fa3d1c175a812f8392847","isExpired":false,"timeStart":1595909103,"timeFinish":1595995503,"totalBought":1,"totalShow":7,"totalReceived":1,"_id":"5f1fa425c175a812f8392849","__v":0},"totalUser":5,"_id":"5f1fa3d1c175a812f8392847","channelPayment":"IAP","__v":0}]
[2020-07-28 11:41:13] [[32minfo[39m] offset time client vs server: 0
[2020-07-28 11:41:13] [[32minfo[39m] check status offer "5f1fa3d1c175a812f8392847"current time 1595911274| time finish 1595995503
[2020-07-28 11:41:13] [[32minfo[39m] offset time client vs server: 0
[2020-07-28 11:41:13] [[32minfo[39m] checkStatusOfferLive[{"totalGame":{"from":0,"to":100},"totalCost":{"from":0,"to":1000},"numberPay":{"from":0,"to":10},"lastPaidPack":{"from":0,"to":100},"age":{"from":0,"to":7464960000},"timeLastOnline":{"from":0,"to":7464960000},"channelGame":{"from":0,"to":7},"nameObject":"testing 1","offerLive":{"groupOffer":"5f1fa416c175a812f8392848","groupObject":"5f1fa3d1c175a812f8392847","isExpired":false,"timeStart":1595909103,"timeFinish":1595995503,"totalBought":1,"totalShow":7,"totalReceived":1,"_id":"5f1fa425c175a812f8392849","__v":0},"totalUser":5,"_id":"5f1fa3d1c175a812f8392847","channelPayment":"IAP","__v":0}]
[2020-07-28 11:41:13] [[32minfo[39m] offset time client vs server: 0
[2020-07-28 11:41:13] [[32minfo[39m] check status offer "5f1fa3d1c175a812f8392847"current time 1595911274| time finish 1595995503
[2020-07-28 11:41:13] [[32minfo[39m] offset time client vs server: 0
[2020-07-28 11:41:14] [[32minfo[39m] checkStatusOfferLive[{"totalGame":{"from":0,"to":100},"totalCost":{"from":0,"to":1000},"numberPay":{"from":0,"to":10},"lastPaidPack":{"from":0,"to":100},"age":{"from":0,"to":7464960000},"timeLastOnline":{"from":0,"to":7464960000},"channelGame":{"from":0,"to":7},"nameObject":"testing 1","offerLive":{"groupOffer":"5f1fa416c175a812f8392848","groupObject":"5f1fa3d1c175a812f8392847","isExpired":false,"timeStart":1595909103,"timeFinish":1595995503,"totalBought":1,"totalShow":7,"totalReceived":1,"_id":"5f1fa425c175a812f8392849","__v":0},"totalUser":5,"_id":"5f1fa3d1c175a812f8392847","channelPayment":"IAP","__v":0}]
[2020-07-28 11:41:14] [[32minfo[39m] offset time client vs server: 0
[2020-07-28 11:41:14] [[32minfo[39m] check status offer "5f1fa3d1c175a812f8392847"current time 1595911274| time finish 1595995503
[2020-07-28 11:41:14] [[32minfo[39m] offset time client vs server: 0
[2020-07-28 11:41:15] [[32minfo[39m] checkStatusOfferLive[{"totalGame":{"from":0,"to":100},"totalCost":{"from":0,"to":1000},"numberPay":{"from":0,"to":10},"lastPaidPack":{"from":0,"to":100},"age":{"from":0,"to":7464960000},"timeLastOnline":{"from":0,"to":7464960000},"channelGame":{"from":0,"to":7},"nameObject":"testing 1","offerLive":{"groupOffer":"5f1fa416c175a812f8392848","groupObject":"5f1fa3d1c175a812f8392847","isExpired":false,"timeStart":1595909103,"timeFinish":1595995503,"totalBought":1,"totalShow":7,"totalReceived":1,"_id":"5f1fa425c175a812f8392849","__v":0},"totalUser":5,"_id":"5f1fa3d1c175a812f8392847","channelPayment":"IAP","__v":0}]
[2020-07-28 11:41:15] [[32minfo[39m] offset time client vs server: 0
[2020-07-28 11:41:15] [[32minfo[39m] check status offer "5f1fa3d1c175a812f8392847"current time 1595911276| time finish 1595995503
[2020-07-28 11:41:15] [[32minfo[39m] offset time client vs server: 0
[2020-07-28 11:41:16] [[32minfo[39m] checkStatusOfferLive[{"totalGame":{"from":0,"to":100},"totalCost":{"from":0,"to":1000},"numberPay":{"from":0,"to":10},"lastPaidPack":{"from":0,"to":100},"age":{"from":0,"to":7464960000},"timeLastOnline":{"from":0,"to":7464960000},"channelGame":{"from":0,"to":7},"nameObject":"testing 1","offerLive":{"groupOffer":"5f1fa416c175a812f8392848","groupObject":"5f1fa3d1c175a812f8392847","isExpired":false,"timeStart":1595909103,"timeFinish":1595995503,"totalBought":1,"totalShow":7,"totalReceived":1,"_id":"5f1fa425c175a812f8392849","__v":0},"totalUser":5,"_id":"5f1fa3d1c175a812f8392847","channelPayment":"IAP","__v":0}]
[2020-07-28 11:41:16] [[32minfo[39m] offset time client vs server: 0
[2020-07-28 11:41:16] [[32minfo[39m] check status offer "5f1fa3d1c175a812f8392847"current time 1595911276| time finish 1595995503
[2020-07-28 11:41:16] [[32minfo[39m] offset time client vs server: 0
[2020-07-28 11:41:16] [[32minfo[39m] checkStatusOfferLive[{"totalGame":{"from":0,"to":100},"totalCost":{"from":0,"to":1000},"numberPay":{"from":0,"to":10},"lastPaidPack":{"from":0,"to":100},"age":{"from":0,"to":7464960000},"timeLastOnline":{"from":0,"to":7464960000},"channelGame":{"from":0,"to":7},"nameObject":"testing 1","offerLive":{"groupOffer":"5f1fa416c175a812f8392848","groupObject":"5f1fa3d1c175a812f8392847","isExpired":false,"timeStart":1595909103,"timeFinish":1595995503,"totalBought":1,"totalShow":7,"totalReceived":1,"_id":"5f1fa425c175a812f8392849","__v":0},"totalUser":5,"_id":"5f1fa3d1c175a812f8392847","channelPayment":"IAP","__v":0}]
[2020-07-28 11:41:16] [[32minfo[39m] offset time client vs server: 0
[2020-07-28 11:41:16] [[32minfo[39m] check status offer "5f1fa3d1c175a812f8392847"current time 1595911276| time finish 1595995503
[2020-07-28 11:41:16] [[32minfo[39m] offset time client vs server: 0
