[2020-07-27 17:17:57] [[32minfo[39m] checkStatusOfferLive[{"totalGame":{"from":0,"to":10000},"totalCost":{"from":0,"to":9999999},"numberPay":{"from":0,"to":1000},"lastPaidPack":{"from":0,"to":10000},"age":{"from":0,"to":2592000},"timeLastOnline":{"from":0,"to":2592000},"channelGame":{"from":0,"to":7},"nameObject":"testing 1","offerLive":{"groupOffer":"5f1e96744e331f3094c31e06","groupObject":"5f1e90e43c3e481a40244466","timeStart":1595836680,"timeFinish":1595843880,"totalBought":0,"totalShow":0,"totalReceived":0,"_id":"5f1e9750ac6ddc3b90c6591a","__v":0},"totalUser":93,"_id":"5f1e90e43c3e481a40244466","channelPayment":"CARD","__v":0}]
[2020-07-27 17:17:57] [[32minfo[39m] offset time client vs server: 0
[2020-07-27 17:17:57] [[32minfo[39m] check status offer "5f1e90e43c3e481a40244466"current time 1595845077| time finish 1595843880
[2020-07-27 17:17:57] [[32minfo[39m] offset time client vs server: 0
[2020-07-27 17:17:57] [[32minfo[39m] This offer is experied!
[2020-07-27 17:17:57] [[32minfo[39m] checkStatusOfferLive[{"totalGame":{"from":0,"to":10000},"totalCost":{"from":0,"to":9999999},"numberPay":{"from":0,"to":1000},"lastPaidPack":{"from":0,"to":10000},"age":{"from":0,"to":2592000},"timeLastOnline":{"from":0,"to":2592000},"channelGame":{"from":0,"to":7},"nameObject":"testing 1","offerLive":{"groupOffer":"5f1e96744e331f3094c31e06","groupObject":"5f1e90e43c3e481a40244466","timeStart":1595836680,"timeFinish":1595843880,"totalBought":0,"totalShow":0,"totalReceived":0,"_id":"5f1e9750ac6ddc3b90c6591a","__v":0},"totalUser":93,"_id":"5f1e90e43c3e481a40244466","channelPayment":"CARD","__v":0}]
[2020-07-27 17:17:57] [[32minfo[39m] offset time client vs server: 0
[2020-07-27 17:17:57] [[32minfo[39m] check status offer "5f1e90e43c3e481a40244466"current time 1595845078| time finish 1595843880
[2020-07-27 17:17:57] [[32minfo[39m] offset time client vs server: 0
[2020-07-27 17:17:57] [[32minfo[39m] This offer is experied!
[2020-07-27 17:18:42] [[32minfo[39m] checkStatusOfferLive[{"totalGame":{"from":0,"to":10000},"totalCost":{"from":0,"to":9999999},"numberPay":{"from":0,"to":1000},"lastPaidPack":{"from":0,"to":10000},"age":{"from":0,"to":2592000},"timeLastOnline":{"from":0,"to":2592000},"channelGame":{"from":0,"to":7},"nameObject":"testing 1","offerLive":{"groupOffer":"5f1e96744e331f3094c31e06","groupObject":"5f1e90e43c3e481a40244466","timeStart":1595836680,"timeFinish":1595843880,"totalBought":0,"totalShow":0,"totalReceived":0,"_id":"5f1e9750ac6ddc3b90c6591a","__v":0},"totalUser":93,"_id":"5f1e90e43c3e481a40244466","channelPayment":"CARD","__v":0}]
[2020-07-27 17:18:42] [[32minfo[39m] offset time client vs server: 0
[2020-07-27 17:18:42] [[32minfo[39m] check status offer "5f1e90e43c3e481a40244466"current time 1595845122| time finish 1595843880
[2020-07-27 17:18:42] [[32minfo[39m] offset time client vs server: 0
[2020-07-27 17:18:42] [[32minfo[39m] This offer is experied!
[2020-07-27 17:19:25] [[32minfo[39m] checkStatusOfferLive[{"totalGame":{"from":0,"to":10000},"totalCost":{"from":0,"to":9999999},"numberPay":{"from":0,"to":1000},"lastPaidPack":{"from":0,"to":10000},"age":{"from":0,"to":2592000},"timeLastOnline":{"from":0,"to":2592000},"channelGame":{"from":0,"to":7},"nameObject":"testing 1","offerLive":{"groupOffer":"5f1e96744e331f3094c31e06","groupObject":"5f1e90e43c3e481a40244466","timeStart":1595836680,"timeFinish":1595843880,"totalBought":0,"totalShow":0,"totalReceived":0,"_id":"5f1e9750ac6ddc3b90c6591a","__v":0},"totalUser":93,"_id":"5f1e90e43c3e481a40244466","channelPayment":"CARD","__v":0}]
[2020-07-27 17:19:25] [[32minfo[39m] offset time client vs server: 0
[2020-07-27 17:19:25] [[32minfo[39m] check status offer "5f1e90e43c3e481a40244466"current time 1595845166| time finish 1595843880
[2020-07-27 17:19:25] [[32minfo[39m] offset time client vs server: 0
[2020-07-27 17:19:25] [[32minfo[39m] This offer is experied!
[2020-07-27 17:19:45] [[32minfo[39m] checkStatusOfferLive[{"totalGame":{"from":0,"to":10000},"totalCost":{"from":0,"to":9999999},"numberPay":{"from":0,"to":1000},"lastPaidPack":{"from":0,"to":10000},"age":{"from":0,"to":2592000},"timeLastOnline":{"from":0,"to":2592000},"channelGame":{"from":0,"to":7},"nameObject":"testing 1","offerLive":{"groupOffer":"5f1e96744e331f3094c31e06","groupObject":"5f1e90e43c3e481a40244466","timeStart":1595836680,"timeFinish":1595843880,"totalBought":0,"totalShow":0,"totalReceived":0,"_id":"5f1e9750ac6ddc3b90c6591a","__v":0},"totalUser":93,"_id":"5f1e90e43c3e481a40244466","channelPayment":"CARD","__v":0}]
[2020-07-27 17:19:45] [[32minfo[39m] offset time client vs server: 0
[2020-07-27 17:19:45] [[32minfo[39m] check status offer "5f1e90e43c3e481a40244466"current time 1595845186| time finish 1595843880
[2020-07-27 17:19:45] [[32minfo[39m] offset time client vs server: 0
[2020-07-27 17:19:45] [[32minfo[39m] This offer is experied!
[2020-07-27 17:23:04] [[32minfo[39m] checkStatusOfferLive[{"totalGame":{"from":0,"to":10000},"totalCost":{"from":0,"to":9999999},"numberPay":{"from":0,"to":1000},"lastPaidPack":{"from":0,"to":10000},"age":{"from":0,"to":2592000},"timeLastOnline":{"from":0,"to":2592000},"channelGame":{"from":0,"to":7},"nameObject":"testing 1","offerLive":{"groupOffer":"5f1e96744e331f3094c31e06","groupObject":"5f1e90e43c3e481a40244466","timeStart":1595836680,"timeFinish":1595843880,"totalBought":0,"totalShow":0,"totalReceived":0,"_id":"5f1e9750ac6ddc3b90c6591a","__v":0},"totalUser":93,"_id":"5f1e90e43c3e481a40244466","channelPayment":"CARD","__v":0}]
[2020-07-27 17:23:04] [[32minfo[39m] offset time client vs server: 0
[2020-07-27 17:23:04] [[32minfo[39m] check status offer "5f1e90e43c3e481a40244466"current time 1595845385| time finish 1595843880
[2020-07-27 17:23:04] [[32minfo[39m] offset time client vs server: 0
[2020-07-27 17:23:04] [[32minfo[39m] This offer is experied!
[2020-07-27 17:23:04] [[32minfo[39m] checkStatusOfferLive[{"totalGame":{"from":0,"to":10000},"totalCost":{"from":0,"to":9999999},"numberPay":{"from":0,"to":1000},"lastPaidPack":{"from":0,"to":10000},"age":{"from":0,"to":2592000},"timeLastOnline":{"from":0,"to":2592000},"channelGame":{"from":0,"to":7},"nameObject":"testing 1","offerLive":{"groupOffer":"5f1e96744e331f3094c31e06","groupObject":"5f1e90e43c3e481a40244466","timeStart":1595836680,"timeFinish":1595843880,"totalBought":0,"totalShow":0,"totalReceived":0,"_id":"5f1e9750ac6ddc3b90c6591a","__v":0},"totalUser":93,"_id":"5f1e90e43c3e481a40244466","channelPayment":"CARD","__v":0}]
[2020-07-27 17:23:04] [[32minfo[39m] offset time client vs server: 0
[2020-07-27 17:23:04] [[32minfo[39m] check status offer "5f1e90e43c3e481a40244466"current time 1595845385| time finish 1595843880
[2020-07-27 17:23:04] [[32minfo[39m] offset time client vs server: 0
[2020-07-27 17:23:04] [[32minfo[39m] This offer is experied!
[2020-07-27 17:23:17] [[32minfo[39m] checkStatusOfferLive[{"totalGame":{"from":0,"to":10000},"totalCost":{"from":0,"to":9999999},"numberPay":{"from":0,"to":1000},"lastPaidPack":{"from":0,"to":10000},"age":{"from":0,"to":2592000},"timeLastOnline":{"from":0,"to":2592000},"channelGame":{"from":0,"to":7},"nameObject":"testing 1","offerLive":{"groupOffer":"5f1e96744e331f3094c31e06","groupObject":"5f1e90e43c3e481a40244466","timeStart":1595836680,"timeFinish":1595843880,"totalBought":0,"totalShow":0,"totalReceived":0,"_id":"5f1e9750ac6ddc3b90c6591a","__v":0},"totalUser":93,"_id":"5f1e90e43c3e481a40244466","channelPayment":"CARD","__v":0}]
[2020-07-27 17:23:17] [[32minfo[39m] offset time client vs server: 0
[2020-07-27 17:23:17] [[32minfo[39m] check status offer "5f1e90e43c3e481a40244466"current time 1595845398| time finish 1595843880
[2020-07-27 17:23:17] [[32minfo[39m] offset time client vs server: 0
[2020-07-27 17:23:17] [[32minfo[39m] This offer is experied!
[2020-07-27 17:23:28] [[32minfo[39m] checkStatusOfferLive[{"totalGame":{"from":0,"to":10000},"totalCost":{"from":0,"to":9999999},"numberPay":{"from":0,"to":1000},"lastPaidPack":{"from":0,"to":10000},"age":{"from":0,"to":2592000},"timeLastOnline":{"from":0,"to":2592000},"channelGame":{"from":0,"to":7},"nameObject":"testing 1","offerLive":{"groupOffer":"5f1e96744e331f3094c31e06","groupObject":"5f1e90e43c3e481a40244466","timeStart":1595836680,"timeFinish":1595843880,"totalBought":0,"totalShow":0,"totalReceived":0,"_id":"5f1e9750ac6ddc3b90c6591a","__v":0},"totalUser":93,"_id":"5f1e90e43c3e481a40244466","channelPayment":"CARD","__v":0}]
[2020-07-27 17:23:28] [[32minfo[39m] offset time client vs server: 0
[2020-07-27 17:23:28] [[32minfo[39m] check status offer "5f1e90e43c3e481a40244466"current time 1595845408| time finish 1595843880
[2020-07-27 17:23:28] [[32minfo[39m] offset time client vs server: 0
[2020-07-27 17:23:28] [[32minfo[39m] This offer is experied!
[2020-07-27 17:23:28] [[32minfo[39m] checkStatusOfferLive[{"totalGame":{"from":0,"to":10000},"totalCost":{"from":0,"to":9999999},"numberPay":{"from":0,"to":1000},"lastPaidPack":{"from":0,"to":10000},"age":{"from":0,"to":2592000},"timeLastOnline":{"from":0,"to":2592000},"channelGame":{"from":0,"to":7},"nameObject":"testing 1","offerLive":{"groupOffer":"5f1e96744e331f3094c31e06","groupObject":"5f1e90e43c3e481a40244466","timeStart":1595836680,"timeFinish":1595843880,"totalBought":0,"totalShow":0,"totalReceived":0,"_id":"5f1e9750ac6ddc3b90c6591a","__v":0},"totalUser":93,"_id":"5f1e90e43c3e481a40244466","channelPayment":"CARD","__v":0}]
[2020-07-27 17:23:28] [[32minfo[39m] offset time client vs server: 0
[2020-07-27 17:23:28] [[32minfo[39m] check status offer "5f1e90e43c3e481a40244466"current time 1595845408| time finish 1595843880
[2020-07-27 17:23:28] [[32minfo[39m] offset time client vs server: 0
[2020-07-27 17:23:28] [[32minfo[39m] This offer is experied!
[2020-07-27 17:24:17] [[32minfo[39m] checkStatusOfferLive[{"totalGame":{"from":0,"to":10000},"totalCost":{"from":0,"to":9999999},"numberPay":{"from":0,"to":1000},"lastPaidPack":{"from":0,"to":10000},"age":{"from":0,"to":2592000},"timeLastOnline":{"from":0,"to":2592000},"channelGame":{"from":0,"to":7},"nameObject":"testing 1","offerLive":{"groupOffer":"5f1e96744e331f3094c31e06","groupObject":"5f1e90e43c3e481a40244466","timeStart":1595836680,"timeFinish":1595843880,"totalBought":0,"totalShow":0,"totalReceived":0,"_id":"5f1e9750ac6ddc3b90c6591a","__v":0},"totalUser":93,"_id":"5f1e90e43c3e481a40244466","channelPayment":"CARD","__v":0}]
[2020-07-27 17:24:17] [[32minfo[39m] offset time client vs server: 0
[2020-07-27 17:24:17] [[32minfo[39m] check status offer "5f1e90e43c3e481a40244466"current time 1595845457| time finish 1595843880
[2020-07-27 17:24:17] [[32minfo[39m] offset time client vs server: 0
[2020-07-27 17:24:17] [[32minfo[39m] This offer is experied!
[2020-07-27 17:24:17] [[32minfo[39m] checkStatusOfferLive[{"totalGame":{"from":0,"to":10000},"totalCost":{"from":0,"to":9999999},"numberPay":{"from":0,"to":1000},"lastPaidPack":{"from":0,"to":10000},"age":{"from":0,"to":2592000},"timeLastOnline":{"from":0,"to":2592000},"channelGame":{"from":0,"to":7},"nameObject":"testing 1","offerLive":{"groupOffer":"5f1e96744e331f3094c31e06","groupObject":"5f1e90e43c3e481a40244466","timeStart":1595836680,"timeFinish":1595843880,"totalBought":0,"totalShow":0,"totalReceived":0,"_id":"5f1e9750ac6ddc3b90c6591a","__v":0},"totalUser":93,"_id":"5f1e90e43c3e481a40244466","channelPayment":"CARD","__v":0}]
[2020-07-27 17:24:17] [[32minfo[39m] offset time client vs server: 0
[2020-07-27 17:24:17] [[32minfo[39m] check status offer "5f1e90e43c3e481a40244466"current time 1595845457| time finish 1595843880
[2020-07-27 17:24:17] [[32minfo[39m] offset time client vs server: 0
[2020-07-27 17:24:17] [[32minfo[39m] This offer is experied!
[2020-07-27 17:24:31] [[32minfo[39m] checkStatusOfferLive[{"totalGame":{"from":0,"to":10000},"totalCost":{"from":0,"to":9999999},"numberPay":{"from":0,"to":1000},"lastPaidPack":{"from":0,"to":10000},"age":{"from":0,"to":2592000},"timeLastOnline":{"from":0,"to":2592000},"channelGame":{"from":0,"to":7},"nameObject":"testing 1","offerLive":{"groupOffer":"5f1e96744e331f3094c31e06","groupObject":"5f1e90e43c3e481a40244466","timeStart":1595836680,"timeFinish":1595843880,"totalBought":0,"totalShow":0,"totalReceived":0,"_id":"5f1e9750ac6ddc3b90c6591a","__v":0},"totalUser":93,"_id":"5f1e90e43c3e481a40244466","channelPayment":"CARD","__v":0}]
[2020-07-27 17:24:31] [[32minfo[39m] offset time client vs server: 0
[2020-07-27 17:24:31] [[32minfo[39m] check status offer "5f1e90e43c3e481a40244466"current time 1595845471| time finish 1595843880
[2020-07-27 17:24:31] [[32minfo[39m] offset time client vs server: 0
[2020-07-27 17:24:31] [[32minfo[39m] This offer is experied!
[2020-07-27 17:24:38] [[32minfo[39m] checkStatusOfferLive[{"totalGame":{"from":0,"to":10000},"totalCost":{"from":0,"to":9999999},"numberPay":{"from":0,"to":1000},"lastPaidPack":{"from":0,"to":10000},"age":{"from":0,"to":2592000},"timeLastOnline":{"from":0,"to":2592000},"channelGame":{"from":0,"to":7},"nameObject":"testing 1","offerLive":{"groupOffer":"5f1e96744e331f3094c31e06","groupObject":"5f1e90e43c3e481a40244466","timeStart":1595836680,"timeFinish":1595843880,"totalBought":0,"totalShow":0,"totalReceived":0,"_id":"5f1e9750ac6ddc3b90c6591a","__v":0},"totalUser":93,"_id":"5f1e90e43c3e481a40244466","channelPayment":"CARD","__v":0}]
[2020-07-27 17:24:38] [[32minfo[39m] offset time client vs server: 0
[2020-07-27 17:24:38] [[32minfo[39m] check status offer "5f1e90e43c3e481a40244466"current time 1595845478| time finish 1595843880
[2020-07-27 17:24:38] [[32minfo[39m] offset time client vs server: 0
[2020-07-27 17:24:38] [[32minfo[39m] This offer is experied!
[2020-07-27 17:24:38] [[32minfo[39m] checkStatusOfferLive[{"totalGame":{"from":0,"to":10000},"totalCost":{"from":0,"to":9999999},"numberPay":{"from":0,"to":1000},"lastPaidPack":{"from":0,"to":10000},"age":{"from":0,"to":2592000},"timeLastOnline":{"from":0,"to":2592000},"channelGame":{"from":0,"to":7},"nameObject":"testing 1","offerLive":{"groupOffer":"5f1e96744e331f3094c31e06","groupObject":"5f1e90e43c3e481a40244466","timeStart":1595836680,"timeFinish":1595843880,"totalBought":0,"totalShow":0,"totalReceived":0,"_id":"5f1e9750ac6ddc3b90c6591a","__v":0},"totalUser":93,"_id":"5f1e90e43c3e481a40244466","channelPayment":"CARD","__v":0}]
[2020-07-27 17:24:38] [[32minfo[39m] offset time client vs server: 0
[2020-07-27 17:24:38] [[32minfo[39m] check status offer "5f1e90e43c3e481a40244466"current time 1595845478| time finish 1595843880
[2020-07-27 17:24:38] [[32minfo[39m] offset time client vs server: 0
[2020-07-27 17:24:38] [[32minfo[39m] This offer is experied!
[2020-07-27 17:24:39] [[32minfo[39m] checkStatusOfferLive[{"totalGame":{"from":0,"to":10000},"totalCost":{"from":0,"to":9999999},"numberPay":{"from":0,"to":1000},"lastPaidPack":{"from":0,"to":10000},"age":{"from":0,"to":2592000},"timeLastOnline":{"from":0,"to":2592000},"channelGame":{"from":0,"to":7},"nameObject":"testing 1","offerLive":{"groupOffer":"5f1e96744e331f3094c31e06","groupObject":"5f1e90e43c3e481a40244466","timeStart":1595836680,"timeFinish":1595843880,"totalBought":0,"totalShow":0,"totalReceived":0,"_id":"5f1e9750ac6ddc3b90c6591a","__v":0},"totalUser":93,"_id":"5f1e90e43c3e481a40244466","channelPayment":"CARD","__v":0}]
[2020-07-27 17:24:39] [[32minfo[39m] offset time client vs server: 0
[2020-07-27 17:24:39] [[32minfo[39m] check status offer "5f1e90e43c3e481a40244466"current time 1595845479| time finish 1595843880
[2020-07-27 17:24:39] [[32minfo[39m] offset time client vs server: 0
[2020-07-27 17:24:39] [[32minfo[39m] This offer is experied!
[2020-07-27 17:24:39] [[32minfo[39m] checkStatusOfferLive[{"totalGame":{"from":0,"to":10000},"totalCost":{"from":0,"to":9999999},"numberPay":{"from":0,"to":1000},"lastPaidPack":{"from":0,"to":10000},"age":{"from":0,"to":2592000},"timeLastOnline":{"from":0,"to":2592000},"channelGame":{"from":0,"to":7},"nameObject":"testing 1","offerLive":{"groupOffer":"5f1e96744e331f3094c31e06","groupObject":"5f1e90e43c3e481a40244466","timeStart":1595836680,"timeFinish":1595843880,"totalBought":0,"totalShow":0,"totalReceived":0,"_id":"5f1e9750ac6ddc3b90c6591a","__v":0},"totalUser":93,"_id":"5f1e90e43c3e481a40244466","channelPayment":"CARD","__v":0}]
[2020-07-27 17:24:39] [[32minfo[39m] offset time client vs server: 0
[2020-07-27 17:24:39] [[32minfo[39m] check status offer "5f1e90e43c3e481a40244466"current time 1595845479| time finish 1595843880
[2020-07-27 17:24:39] [[32minfo[39m] offset time client vs server: 0
[2020-07-27 17:24:39] [[32minfo[39m] This offer is experied!
[2020-07-27 17:24:39] [[32minfo[39m] checkStatusOfferLive[{"totalGame":{"from":0,"to":10000},"totalCost":{"from":0,"to":9999999},"numberPay":{"from":0,"to":1000},"lastPaidPack":{"from":0,"to":10000},"age":{"from":0,"to":2592000},"timeLastOnline":{"from":0,"to":2592000},"channelGame":{"from":0,"to":7},"nameObject":"testing 1","offerLive":{"groupOffer":"5f1e96744e331f3094c31e06","groupObject":"5f1e90e43c3e481a40244466","timeStart":1595836680,"timeFinish":1595843880,"totalBought":0,"totalShow":0,"totalReceived":0,"_id":"5f1e9750ac6ddc3b90c6591a","__v":0},"totalUser":93,"_id":"5f1e90e43c3e481a40244466","channelPayment":"CARD","__v":0}]
[2020-07-27 17:24:39] [[32minfo[39m] offset time client vs server: 0
[2020-07-27 17:24:39] [[32minfo[39m] check status offer "5f1e90e43c3e481a40244466"current time 1595845480| time finish 1595843880
[2020-07-27 17:24:39] [[32minfo[39m] offset time client vs server: 0
[2020-07-27 17:24:39] [[32minfo[39m] This offer is experied!
[2020-07-27 17:25:54] [[32minfo[39m] checkStatusOfferLive[{"totalGame":{"from":0,"to":10000},"totalCost":{"from":0,"to":9999999},"numberPay":{"from":0,"to":1000},"lastPaidPack":{"from":0,"to":10000},"age":{"from":0,"to":2592000},"timeLastOnline":{"from":0,"to":2592000},"channelGame":{"from":0,"to":7},"nameObject":"testing 1","offerLive":{"groupOffer":"5f1e96744e331f3094c31e06","groupObject":"5f1e90e43c3e481a40244466","isExpired":false,"timeStart":1595836680,"timeFinish":1595843880,"totalBought":0,"totalShow":0,"totalReceived":0,"_id":"5f1e9750ac6ddc3b90c6591a","__v":0},"totalUser":93,"_id":"5f1e90e43c3e481a40244466","channelPayment":"CARD","__v":0}]
[2020-07-27 17:25:54] [[32minfo[39m] offset time client vs server: 0
[2020-07-27 17:25:54] [[32minfo[39m] check status offer "5f1e90e43c3e481a40244466"current time 1595845555| time finish 1595843880
[2020-07-27 17:25:54] [[32minfo[39m] offset time client vs server: 0
[2020-07-27 17:25:54] [[32minfo[39m] This offer is experied!
[2020-07-27 17:25:54] [[32minfo[39m] checkStatusOfferLive[{"totalGame":{"from":0,"to":10000},"totalCost":{"from":0,"to":9999999},"numberPay":{"from":0,"to":1000},"lastPaidPack":{"from":0,"to":10000},"age":{"from":0,"to":2592000},"timeLastOnline":{"from":0,"to":2592000},"channelGame":{"from":0,"to":7},"nameObject":"testing 1","offerLive":{"groupOffer":"5f1e96744e331f3094c31e06","groupObject":"5f1e90e43c3e481a40244466","isExpired":true,"timeStart":1595836680,"timeFinish":1595843880,"totalBought":0,"totalShow":0,"totalReceived":0,"_id":"5f1e9750ac6ddc3b90c6591a","__v":0},"totalUser":93,"_id":"5f1e90e43c3e481a40244466","channelPayment":"CARD","__v":0}]
[2020-07-27 17:25:54] [[32minfo[39m] offset time client vs server: 0
[2020-07-27 17:25:54] [[32minfo[39m] check status offer "5f1e90e43c3e481a40244466"current time 1595845555| time finish 1595843880
[2020-07-27 17:25:54] [[32minfo[39m] offset time client vs server: 0
[2020-07-27 17:25:54] [[32minfo[39m] This offer is experied!
[2020-07-27 17:27:16] [[32minfo[39m] checkStatusOfferLive[{"totalGame":{"from":0,"to":10000},"totalCost":{"from":0,"to":9999999},"numberPay":{"from":0,"to":1000},"lastPaidPack":{"from":0,"to":10000},"age":{"from":0,"to":2592000},"timeLastOnline":{"from":0,"to":2592000},"channelGame":{"from":0,"to":7},"nameObject":"testing 1","offerLive":{"groupOffer":"5f1e96744e331f3094c31e06","groupObject":"5f1e90e43c3e481a40244466","isExpired":true,"timeStart":1595836680,"timeFinish":1595843880,"totalBought":0,"totalShow":0,"totalReceived":0,"_id":"5f1e9750ac6ddc3b90c6591a","__v":0},"totalUser":93,"_id":"5f1e90e43c3e481a40244466","channelPayment":"CARD","__v":0}]
[2020-07-27 17:27:16] [[32minfo[39m] offset time client vs server: 0
[2020-07-27 17:27:16] [[32minfo[39m] check status offer "5f1e90e43c3e481a40244466"current time 1595845637| time finish 1595843880
[2020-07-27 17:27:16] [[32minfo[39m] offset time client vs server: 0
[2020-07-27 17:27:16] [[32minfo[39m] This offer is experied!
[2020-07-27 17:27:16] [[32minfo[39m] checkStatusOfferLive[{"totalGame":{"from":0,"to":10000},"totalCost":{"from":0,"to":9999999},"numberPay":{"from":0,"to":1000},"lastPaidPack":{"from":0,"to":10000},"age":{"from":0,"to":2592000},"timeLastOnline":{"from":0,"to":2592000},"channelGame":{"from":0,"to":7},"nameObject":"testing 1","offerLive":{"groupOffer":"5f1e96744e331f3094c31e06","groupObject":"5f1e90e43c3e481a40244466","isExpired":true,"timeStart":1595836680,"timeFinish":1595843880,"totalBought":0,"totalShow":0,"totalReceived":0,"_id":"5f1e9750ac6ddc3b90c6591a","__v":0},"totalUser":93,"_id":"5f1e90e43c3e481a40244466","channelPayment":"CARD","__v":0}]
[2020-07-27 17:27:16] [[32minfo[39m] offset time client vs server: 0
[2020-07-27 17:27:16] [[32minfo[39m] check status offer "5f1e90e43c3e481a40244466"current time 1595845637| time finish 1595843880
[2020-07-27 17:27:16] [[32minfo[39m] offset time client vs server: 0
[2020-07-27 17:27:16] [[32minfo[39m] This offer is experied!
[2020-07-27 17:28:50] [[32minfo[39m] checkStatusOfferLive[{"totalGame":{"from":0,"to":10000},"totalCost":{"from":0,"to":9999999},"numberPay":{"from":0,"to":1000},"lastPaidPack":{"from":0,"to":10000},"age":{"from":0,"to":2592000},"timeLastOnline":{"from":0,"to":2592000},"channelGame":{"from":0,"to":7},"nameObject":"testing 1","offerLive":{"groupOffer":"5f1e96744e331f3094c31e06","groupObject":"5f1e90e43c3e481a40244466","isExpired":true,"timeStart":1595836680,"timeFinish":1595843880,"totalBought":0,"totalShow":0,"totalReceived":0,"_id":"5f1e9750ac6ddc3b90c6591a","__v":0},"totalUser":93,"_id":"5f1e90e43c3e481a40244466","channelPayment":"CARD","__v":0}]
[2020-07-27 17:28:50] [[32minfo[39m] checkStatusOfferLive[{"totalGame":{"from":0,"to":10000},"totalCost":{"from":0,"to":9999999},"numberPay":{"from":0,"to":1000},"lastPaidPack":{"from":0,"to":10000},"age":{"from":0,"to":2592000},"timeLastOnline":{"from":0,"to":2592000},"channelGame":{"from":0,"to":7},"nameObject":"testing 1","offerLive":{"groupOffer":"5f1e96744e331f3094c31e06","groupObject":"5f1e90e43c3e481a40244466","isExpired":true,"timeStart":1595836680,"timeFinish":1595843880,"totalBought":0,"totalShow":0,"totalReceived":0,"_id":"5f1e9750ac6ddc3b90c6591a","__v":0},"totalUser":93,"_id":"5f1e90e43c3e481a40244466","channelPayment":"CARD","__v":0}]
