[2020-07-28 15:15:56] [[32minfo[39m] checkStatusOfferLive[]
[2020-07-28 15:15:57] [[32minfo[39m] checkStatusOfferLive[]
[2020-07-28 15:16:03] [[32minfo[39m] offset time client vs server: 0
[2020-07-28 15:17:45] [[32minfo[39m] checkStatusOfferLive[{"totalGame":{"from":0,"to":100},"totalCost":{"from":0,"to":1000},"numberPay":{"from":0,"to":10},"lastPaidPack":{"from":0,"to":100},"age":{"from":0,"to":7464960000},"timeLastOnline":{"from":0,"to":7464960000},"channelGame":{"from":0,"to":7},"nameObject":"testing 2","offerLive":null,"totalUser":8,"_id":"5f1fcdc47ea01425c46a2d04","channelPayment":"IAP","__v":0}]
[2020-07-28 15:17:45] [[32minfo[39m] checkStatusOfferLive[{"totalGame":{"from":0,"to":100},"totalCost":{"from":0,"to":1000},"numberPay":{"from":0,"to":10},"lastPaidPack":{"from":0,"to":100},"age":{"from":0,"to":7464960000},"timeLastOnline":{"from":0,"to":7464960000},"channelGame":{"from":0,"to":7},"nameObject":"testing 2","offerLive":null,"totalUser":8,"_id":"5f1fcdc47ea01425c46a2d04","channelPayment":"IAP","__v":0}]
[2020-07-28 15:17:50] [[32minfo[39m] offset time client vs server: 0
[2020-07-28 15:18:18] [[32minfo[39m] offset time client vs server: 0
[2020-07-28 15:18:35] [[32minfo[39m] checkStatusOfferLive[{"totalGame":{"from":0,"to":100},"totalCost":{"from":0,"to":1000},"numberPay":{"from":0,"to":10},"lastPaidPack":{"from":0,"to":100},"age":{"from":0,"to":7464960000},"timeLastOnline":{"from":0,"to":7464960000},"channelGame":{"from":0,"to":7},"nameObject":"testing 2","offerLive":{"groupOffer":"5f1fa416c175a812f8392848","groupObject":"5f1fcdc47ea01425c46a2d04","isExpired":false,"timeStart":1595880180,"timeFinish":1595962980,"totalBought":1,"totalShow":8,"totalReceived":1,"_id":"5f1fcde27ea01425c46a2d05","__v":0},"totalUser":8,"_id":"5f1fcdc47ea01425c46a2d04","channelPayment":"IAP","__v":0}]
[2020-07-28 15:18:35] [[32minfo[39m] offset time client vs server: 0
[2020-07-28 15:18:35] [[32minfo[39m] check status offer "5f1fcdc47ea01425c46a2d04"current time 1595924316| time finish 1595962980
[2020-07-28 15:18:35] [[32minfo[39m] offset time client vs server: 0
[2020-07-28 15:18:35] [[32minfo[39m] checkStatusOfferLive[{"totalGame":{"from":0,"to":100},"totalCost":{"from":0,"to":1000},"numberPay":{"from":0,"to":10},"lastPaidPack":{"from":0,"to":100},"age":{"from":0,"to":7464960000},"timeLastOnline":{"from":0,"to":7464960000},"channelGame":{"from":0,"to":7},"nameObject":"testing 2","offerLive":{"groupOffer":"5f1fa416c175a812f8392848","groupObject":"5f1fcdc47ea01425c46a2d04","isExpired":false,"timeStart":1595880180,"timeFinish":1595962980,"totalBought":1,"totalShow":8,"totalReceived":1,"_id":"5f1fcde27ea01425c46a2d05","__v":0},"totalUser":8,"_id":"5f1fcdc47ea01425c46a2d04","channelPayment":"IAP","__v":0}]
[2020-07-28 15:18:35] [[32minfo[39m] offset time client vs server: 0
[2020-07-28 15:18:35] [[32minfo[39m] check status offer "5f1fcdc47ea01425c46a2d04"current time 1595924316| time finish 1595962980
[2020-07-28 15:18:35] [[32minfo[39m] offset time client vs server: 0
[2020-07-28 15:20:13] [[32minfo[39m] checkStatusOfferLive[{"totalGame":{"from":0,"to":100},"totalCost":{"from":0,"to":1000},"numberPay":{"from":0,"to":10},"lastPaidPack":{"from":0,"to":100},"age":{"from":0,"to":7464960000},"timeLastOnline":{"from":0,"to":7464960000},"channelGame":{"from":0,"to":7},"nameObject":"testing 2","offerLive":{"groupOffer":"5f1fa416c175a812f8392848","groupObject":"5f1fcdc47ea01425c46a2d04","isExpired":false,"timeStart":1595880180,"timeFinish":1595962980,"totalBought":1,"totalShow":8,"totalReceived":1,"_id":"5f1fcde27ea01425c46a2d05","__v":0},"totalUser":8,"_id":"5f1fcdc47ea01425c46a2d04","channelPayment":"IAP","__v":0}]
[2020-07-28 15:20:13] [[32minfo[39m] offset time client vs server: 0
[2020-07-28 15:20:13] [[32minfo[39m] check status offer "5f1fcdc47ea01425c46a2d04"current time 1595924413| time finish 1595962980
[2020-07-28 15:20:13] [[32minfo[39m] offset time client vs server: 0
[2020-07-28 15:20:13] [[32minfo[39m] checkStatusOfferLive[{"totalGame":{"from":0,"to":100},"totalCost":{"from":0,"to":1000},"numberPay":{"from":0,"to":10},"lastPaidPack":{"from":0,"to":100},"age":{"from":0,"to":7464960000},"timeLastOnline":{"from":0,"to":7464960000},"channelGame":{"from":0,"to":7},"nameObject":"testing 2","offerLive":{"groupOffer":"5f1fa416c175a812f8392848","groupObject":"5f1fcdc47ea01425c46a2d04","isExpired":false,"timeStart":1595880180,"timeFinish":1595962980,"totalBought":1,"totalShow":8,"totalReceived":1,"_id":"5f1fcde27ea01425c46a2d05","__v":0},"totalUser":8,"_id":"5f1fcdc47ea01425c46a2d04","channelPayment":"IAP","__v":0}]
[2020-07-28 15:20:13] [[32minfo[39m] offset time client vs server: 0
[2020-07-28 15:20:13] [[32minfo[39m] check status offer "5f1fcdc47ea01425c46a2d04"current time 1595924413| time finish 1595962980
[2020-07-28 15:20:13] [[32minfo[39m] offset time client vs server: 0
[2020-07-28 15:20:17] [[32minfo[39m] checkStatusOfferLive[{"totalGame":{"from":0,"to":100},"totalCost":{"from":0,"to":1000},"numberPay":{"from":0,"to":10},"lastPaidPack":{"from":0,"to":100},"age":{"from":0,"to":7464960000},"timeLastOnline":{"from":0,"to":7464960000},"channelGame":{"from":0,"to":7},"nameObject":"testing 2","offerLive":{"groupOffer":"5f1fa416c175a812f8392848","groupObject":"5f1fcdc47ea01425c46a2d04","isExpired":false,"timeStart":1595880180,"timeFinish":1595962980,"totalBought":1,"totalShow":8,"totalReceived":1,"_id":"5f1fcde27ea01425c46a2d05","__v":0},"totalUser":8,"_id":"5f1fcdc47ea01425c46a2d04","channelPayment":"IAP","__v":0}]
[2020-07-28 15:20:17] [[32minfo[39m] offset time client vs server: 0
[2020-07-28 15:20:17] [[32minfo[39m] check status offer "5f1fcdc47ea01425c46a2d04"current time 1595924418| time finish 1595962980
[2020-07-28 15:20:17] [[32minfo[39m] offset time client vs server: 0
[2020-07-28 15:20:17] [[32minfo[39m] checkStatusOfferLive[{"totalGame":{"from":0,"to":100},"totalCost":{"from":0,"to":1000},"numberPay":{"from":0,"to":10},"lastPaidPack":{"from":0,"to":100},"age":{"from":0,"to":7464960000},"timeLastOnline":{"from":0,"to":7464960000},"channelGame":{"from":0,"to":7},"nameObject":"testing 2","offerLive":{"groupOffer":"5f1fa416c175a812f8392848","groupObject":"5f1fcdc47ea01425c46a2d04","isExpired":false,"timeStart":1595880180,"timeFinish":1595962980,"totalBought":1,"totalShow":8,"totalReceived":1,"_id":"5f1fcde27ea01425c46a2d05","__v":0},"totalUser":8,"_id":"5f1fcdc47ea01425c46a2d04","channelPayment":"IAP","__v":0}]
[2020-07-28 15:20:17] [[32minfo[39m] offset time client vs server: 0
[2020-07-28 15:20:17] [[32minfo[39m] check status offer "5f1fcdc47ea01425c46a2d04"current time 1595924418| time finish 1595962980
[2020-07-28 15:20:17] [[32minfo[39m] offset time client vs server: 0
[2020-07-28 15:20:22] [[32minfo[39m] checkStatusOfferLive[{"totalGame":{"from":0,"to":100},"totalCost":{"from":0,"to":1000},"numberPay":{"from":0,"to":10},"lastPaidPack":{"from":0,"to":100},"age":{"from":0,"to":7464960000},"timeLastOnline":{"from":0,"to":7464960000},"channelGame":{"from":0,"to":7},"nameObject":"testing 2","offerLive":{"groupOffer":"5f1fa416c175a812f8392848","groupObject":"5f1fcdc47ea01425c46a2d04","isExpired":false,"timeStart":1595880180,"timeFinish":1595962980,"totalBought":1,"totalShow":8,"totalReceived":1,"_id":"5f1fcde27ea01425c46a2d05","__v":0},"totalUser":8,"_id":"5f1fcdc47ea01425c46a2d04","channelPayment":"IAP","__v":0}]
[2020-07-28 15:20:22] [[32minfo[39m] offset time client vs server: 0
[2020-07-28 15:20:22] [[32minfo[39m] check status offer "5f1fcdc47ea01425c46a2d04"current time 1595924422| time finish 1595962980
[2020-07-28 15:20:22] [[32minfo[39m] offset time client vs server: 0
[2020-07-28 15:20:23] [[32minfo[39m] checkStatusOfferLive[{"totalGame":{"from":0,"to":100},"totalCost":{"from":0,"to":1000},"numberPay":{"from":0,"to":10},"lastPaidPack":{"from":0,"to":100},"age":{"from":0,"to":7464960000},"timeLastOnline":{"from":0,"to":7464960000},"channelGame":{"from":0,"to":7},"nameObject":"testing 2","offerLive":{"groupOffer":"5f1fa416c175a812f8392848","groupObject":"5f1fcdc47ea01425c46a2d04","isExpired":false,"timeStart":1595880180,"timeFinish":1595962980,"totalBought":1,"totalShow":8,"totalReceived":1,"_id":"5f1fcde27ea01425c46a2d05","__v":0},"totalUser":8,"_id":"5f1fcdc47ea01425c46a2d04","channelPayment":"IAP","__v":0}]
[2020-07-28 15:20:23] [[32minfo[39m] offset time client vs server: 0
[2020-07-28 15:20:23] [[32minfo[39m] check status offer "5f1fcdc47ea01425c46a2d04"current time 1595924423| time finish 1595962980
[2020-07-28 15:20:23] [[32minfo[39m] offset time client vs server: 0
[2020-07-28 15:20:23] [[32minfo[39m] checkStatusOfferLive[{"totalGame":{"from":0,"to":100},"totalCost":{"from":0,"to":1000},"numberPay":{"from":0,"to":10},"lastPaidPack":{"from":0,"to":100},"age":{"from":0,"to":7464960000},"timeLastOnline":{"from":0,"to":7464960000},"channelGame":{"from":0,"to":7},"nameObject":"testing 2","offerLive":{"groupOffer":"5f1fa416c175a812f8392848","groupObject":"5f1fcdc47ea01425c46a2d04","isExpired":false,"timeStart":1595880180,"timeFinish":1595962980,"totalBought":1,"totalShow":8,"totalReceived":1,"_id":"5f1fcde27ea01425c46a2d05","__v":0},"totalUser":8,"_id":"5f1fcdc47ea01425c46a2d04","channelPayment":"IAP","__v":0}]
[2020-07-28 15:20:23] [[32minfo[39m] offset time client vs server: 0
[2020-07-28 15:20:23] [[32minfo[39m] check status offer "5f1fcdc47ea01425c46a2d04"current time 1595924423| time finish 1595962980
[2020-07-28 15:20:23] [[32minfo[39m] offset time client vs server: 0
[2020-07-28 15:20:47] [[32minfo[39m] offset time client vs server: 0
[2020-07-28 15:27:31] [[32minfo[39m] checkStatusOfferLive[{"totalGame":{"from":0,"to":100},"totalCost":{"from":0,"to":1000},"numberPay":{"from":0,"to":10},"lastPaidPack":{"from":0,"to":100},"age":{"from":0,"to":7464960000},"timeLastOnline":{"from":0,"to":7464960000},"channelGame":{"from":0,"to":7},"nameObject":"testing 3","offerLive":{"groupOffer":"5f1fa416c175a812f8392848","groupObject":"5f1fd5cc7ea01425c46a2d09","isExpired":false,"timeStart":1595880180,"timeFinish":1595962980,"totalBought":1,"totalShow":8,"totalReceived":1,"_id":"5f1fcde27ea01425c46a2d05","__v":0},"totalUser":1,"_id":"5f1fd5cc7ea01425c46a2d09","channelPayment":"IAP","__v":0}]
[2020-07-28 15:27:31] [[32minfo[39m] offset time client vs server: 0
[2020-07-28 15:27:31] [[32minfo[39m] check status offer "5f1fd5cc7ea01425c46a2d09"current time 1595924852| time finish 1595962980
[2020-07-28 15:27:31] [[32minfo[39m] offset time client vs server: 0
[2020-07-28 15:27:31] [[32minfo[39m] checkStatusOfferLive[{"totalGame":{"from":0,"to":100},"totalCost":{"from":0,"to":1000},"numberPay":{"from":0,"to":10},"lastPaidPack":{"from":0,"to":100},"age":{"from":0,"to":7464960000},"timeLastOnline":{"from":0,"to":7464960000},"channelGame":{"from":0,"to":7},"nameObject":"testing 3","offerLive":{"groupOffer":"5f1fa416c175a812f8392848","groupObject":"5f1fd5cc7ea01425c46a2d09","isExpired":false,"timeStart":1595880180,"timeFinish":1595962980,"totalBought":1,"totalShow":8,"totalReceived":1,"_id":"5f1fcde27ea01425c46a2d05","__v":0},"totalUser":1,"_id":"5f1fd5cc7ea01425c46a2d09","channelPayment":"IAP","__v":0}]
[2020-07-28 15:27:31] [[32minfo[39m] offset time client vs server: 0
[2020-07-28 15:27:31] [[32minfo[39m] check status offer "5f1fd5cc7ea01425c46a2d09"current time 1595924852| time finish 1595962980
[2020-07-28 15:27:31] [[32minfo[39m] offset time client vs server: 0
[2020-07-28 15:27:33] [[32minfo[39m] checkStatusOfferLive[{"totalGame":{"from":0,"to":100},"totalCost":{"from":0,"to":1000},"numberPay":{"from":0,"to":10},"lastPaidPack":{"from":0,"to":100},"age":{"from":0,"to":7464960000},"timeLastOnline":{"from":0,"to":7464960000},"channelGame":{"from":0,"to":7},"nameObject":"testing 3","offerLive":{"groupOffer":"5f1fa416c175a812f8392848","groupObject":"5f1fd5cc7ea01425c46a2d09","isExpired":false,"timeStart":1595880180,"timeFinish":1595962980,"totalBought":1,"totalShow":8,"totalReceived":1,"_id":"5f1fcde27ea01425c46a2d05","__v":0},"totalUser":1,"_id":"5f1fd5cc7ea01425c46a2d09","channelPayment":"IAP","__v":0}]
[2020-07-28 15:27:33] [[32minfo[39m] offset time client vs server: 0
[2020-07-28 15:27:33] [[32minfo[39m] check status offer "5f1fd5cc7ea01425c46a2d09"current time 1595924854| time finish 1595962980
[2020-07-28 15:27:33] [[32minfo[39m] offset time client vs server: 0
[2020-07-28 15:27:45] [[32minfo[39m] checkStatusOfferLive[{"totalGame":{"from":0,"to":100},"totalCost":{"from":0,"to":1000},"numberPay":{"from":0,"to":10},"lastPaidPack":{"from":0,"to":100},"age":{"from":0,"to":7464960000},"timeLastOnline":{"from":0,"to":7464960000},"channelGame":{"from":0,"to":7},"nameObject":"testing 3","offerLive":{"groupOffer":"5f1fa416c175a812f8392848","groupObject":"5f1fd5cc7ea01425c46a2d09","isExpired":false,"timeStart":1595880180,"timeFinish":1595962980,"totalBought":1,"totalShow":8,"totalReceived":1,"_id":"5f1fcde27ea01425c46a2d05","__v":0},"totalUser":1,"_id":"5f1fd5cc7ea01425c46a2d09","channelPayment":"IAP","__v":0}]
[2020-07-28 15:27:45] [[32minfo[39m] offset time client vs server: 0
[2020-07-28 15:27:45] [[32minfo[39m] check status offer "5f1fd5cc7ea01425c46a2d09"current time 1595924866| time finish 1595962980
[2020-07-28 15:27:45] [[32minfo[39m] offset time client vs server: 0
[2020-07-28 15:27:45] [[32minfo[39m] checkStatusOfferLive[{"totalGame":{"from":0,"to":100},"totalCost":{"from":0,"to":1000},"numberPay":{"from":0,"to":10},"lastPaidPack":{"from":0,"to":100},"age":{"from":0,"to":7464960000},"timeLastOnline":{"from":0,"to":7464960000},"channelGame":{"from":0,"to":7},"nameObject":"testing 3","offerLive":{"groupOffer":"5f1fa416c175a812f8392848","groupObject":"5f1fd5cc7ea01425c46a2d09","isExpired":false,"timeStart":1595880180,"timeFinish":1595962980,"totalBought":1,"totalShow":8,"totalReceived":1,"_id":"5f1fcde27ea01425c46a2d05","__v":0},"totalUser":1,"_id":"5f1fd5cc7ea01425c46a2d09","channelPayment":"IAP","__v":0}]
[2020-07-28 15:27:45] [[32minfo[39m] offset time client vs server: 0
[2020-07-28 15:27:45] [[32minfo[39m] check status offer "5f1fd5cc7ea01425c46a2d09"current time 1595924866| time finish 1595962980
[2020-07-28 15:27:45] [[32minfo[39m] offset time client vs server: 0
[2020-07-28 15:27:48] [[32minfo[39m] checkStatusOfferLive[{"totalGame":{"from":0,"to":100},"totalCost":{"from":0,"to":1000},"numberPay":{"from":0,"to":10},"lastPaidPack":{"from":0,"to":100},"age":{"from":0,"to":7464960000},"timeLastOnline":{"from":0,"to":7464960000},"channelGame":{"from":0,"to":7},"nameObject":"testing 3","offerLive":{"groupOffer":"5f1fa416c175a812f8392848","groupObject":"5f1fd5cc7ea01425c46a2d09","isExpired":false,"timeStart":1595880180,"timeFinish":1595962980,"totalBought":1,"totalShow":8,"totalReceived":1,"_id":"5f1fcde27ea01425c46a2d05","__v":0},"totalUser":1,"_id":"5f1fd5cc7ea01425c46a2d09","channelPayment":"IAP","__v":0}]
[2020-07-28 15:27:48] [[32minfo[39m] offset time client vs server: 0
[2020-07-28 15:27:48] [[32minfo[39m] check status offer "5f1fd5cc7ea01425c46a2d09"current time 1595924868| time finish 1595962980
[2020-07-28 15:27:48] [[32minfo[39m] offset time client vs server: 0
