[2020-07-28 16:08:53] [[32minfo[39m] checkStatusOfferLive[{"totalGame":{"from":0,"to":100},"totalCost":{"from":0,"to":1000},"numberPay":{"from":0,"to":10},"lastPaidPack":{"from":0,"to":100},"age":{"from":0,"to":7464960000},"timeLastOnline":{"from":0,"to":7464960000},"channelGame":{"from":0,"to":7},"nameObject":"testing 3","offerLive":{"groupOffer":"5f1fa416c175a812f8392848","groupObject":"5f1fd5cc7ea01425c46a2d09","isExpired":false,"timeStart":1595880180,"timeFinish":1595962980,"totalBought":1,"totalShow":8,"totalReceived":1,"_id":"5f1fcde27ea01425c46a2d05","__v":0},"totalUser":1,"_id":"5f1fd5cc7ea01425c46a2d09","channelPayment":"IAP","__v":0}]
[2020-07-28 16:08:53] [[32minfo[39m] offset time client vs server: 0
[2020-07-28 16:08:53] [[32minfo[39m] check status offer "5f1fd5cc7ea01425c46a2d09"current time 1595927333| time finish 1595962980
[2020-07-28 16:08:53] [[32minfo[39m] offset time client vs server: 0
[2020-07-28 16:08:56] [[32minfo[39m] checkStatusOfferLive[{"totalGame":{"from":0,"to":100},"totalCost":{"from":0,"to":1000},"numberPay":{"from":0,"to":10},"lastPaidPack":{"from":0,"to":100},"age":{"from":0,"to":7464960000},"timeLastOnline":{"from":0,"to":7464960000},"channelGame":{"from":0,"to":7},"nameObject":"testing 3","offerLive":{"groupOffer":"5f1fa416c175a812f8392848","groupObject":"5f1fd5cc7ea01425c46a2d09","isExpired":false,"timeStart":1595880180,"timeFinish":1595962980,"totalBought":1,"totalShow":8,"totalReceived":1,"_id":"5f1fcde27ea01425c46a2d05","__v":0},"totalUser":1,"_id":"5f1fd5cc7ea01425c46a2d09","channelPayment":"IAP","__v":0}]
[2020-07-28 16:08:56] [[32minfo[39m] offset time client vs server: 0
[2020-07-28 16:08:56] [[32minfo[39m] check status offer "5f1fd5cc7ea01425c46a2d09"current time 1595927337| time finish 1595962980
[2020-07-28 16:08:56] [[32minfo[39m] offset time client vs server: 0
[2020-07-28 16:09:01] [[32minfo[39m] checkStatusOfferLive[{"totalGame":{"from":0,"to":100},"totalCost":{"from":0,"to":1000},"numberPay":{"from":0,"to":10},"lastPaidPack":{"from":0,"to":100},"age":{"from":0,"to":7464960000},"timeLastOnline":{"from":0,"to":7464960000},"channelGame":{"from":0,"to":7},"nameObject":"testing 3","offerLive":{"groupOffer":"5f1fa416c175a812f8392848","groupObject":"5f1fd5cc7ea01425c46a2d09","isExpired":false,"timeStart":1595880180,"timeFinish":1595962980,"totalBought":1,"totalShow":8,"totalReceived":1,"_id":"5f1fcde27ea01425c46a2d05","__v":0},"totalUser":1,"_id":"5f1fd5cc7ea01425c46a2d09","channelPayment":"IAP","__v":0}]
[2020-07-28 16:09:01] [[32minfo[39m] offset time client vs server: 0
[2020-07-28 16:09:01] [[32minfo[39m] check status offer "5f1fd5cc7ea01425c46a2d09"current time 1595927341| time finish 1595962980
[2020-07-28 16:09:01] [[32minfo[39m] offset time client vs server: 0
[2020-07-28 16:09:01] [[32minfo[39m] checkStatusOfferLive[{"totalGame":{"from":0,"to":100},"totalCost":{"from":0,"to":1000},"numberPay":{"from":0,"to":10},"lastPaidPack":{"from":0,"to":100},"age":{"from":0,"to":7464960000},"timeLastOnline":{"from":0,"to":7464960000},"channelGame":{"from":0,"to":7},"nameObject":"testing 3","offerLive":{"groupOffer":"5f1fa416c175a812f8392848","groupObject":"5f1fd5cc7ea01425c46a2d09","isExpired":false,"timeStart":1595880180,"timeFinish":1595962980,"totalBought":1,"totalShow":8,"totalReceived":1,"_id":"5f1fcde27ea01425c46a2d05","__v":0},"totalUser":1,"_id":"5f1fd5cc7ea01425c46a2d09","channelPayment":"IAP","__v":0}]
[2020-07-28 16:09:01] [[32minfo[39m] offset time client vs server: 0
[2020-07-28 16:09:01] [[32minfo[39m] check status offer "5f1fd5cc7ea01425c46a2d09"current time 1595927342| time finish 1595962980
[2020-07-28 16:09:01] [[32minfo[39m] offset time client vs server: 0
[2020-07-28 16:09:02] [[32minfo[39m] checkStatusOfferLive[{"totalGame":{"from":0,"to":100},"totalCost":{"from":0,"to":1000},"numberPay":{"from":0,"to":10},"lastPaidPack":{"from":0,"to":100},"age":{"from":0,"to":7464960000},"timeLastOnline":{"from":0,"to":7464960000},"channelGame":{"from":0,"to":7},"nameObject":"testing 3","offerLive":{"groupOffer":"5f1fa416c175a812f8392848","groupObject":"5f1fd5cc7ea01425c46a2d09","isExpired":false,"timeStart":1595880180,"timeFinish":1595962980,"totalBought":1,"totalShow":8,"totalReceived":1,"_id":"5f1fcde27ea01425c46a2d05","__v":0},"totalUser":1,"_id":"5f1fd5cc7ea01425c46a2d09","channelPayment":"IAP","__v":0}]
[2020-07-28 16:09:02] [[32minfo[39m] offset time client vs server: 0
[2020-07-28 16:09:02] [[32minfo[39m] check status offer "5f1fd5cc7ea01425c46a2d09"current time 1595927342| time finish 1595962980
[2020-07-28 16:09:02] [[32minfo[39m] offset time client vs server: 0
[2020-07-28 16:09:45] [[32minfo[39m] checkStatusOfferLive[{"totalGame":{"from":0,"to":100},"totalCost":{"from":0,"to":1000},"numberPay":{"from":0,"to":10},"lastPaidPack":{"from":0,"to":100},"age":{"from":0,"to":7464960000},"timeLastOnline":{"from":0,"to":7464960000},"channelGame":{"from":0,"to":7},"nameObject":"testing 3","offerLive":{"groupOffer":"5f1fa416c175a812f8392848","groupObject":"5f1fd5cc7ea01425c46a2d09","isExpired":false,"timeStart":1595880180,"timeFinish":1595962980,"totalBought":1,"totalShow":8,"totalReceived":1,"_id":"5f1fcde27ea01425c46a2d05","__v":0},"totalUser":1,"_id":"5f1fd5cc7ea01425c46a2d09","channelPayment":"IAP","__v":0}]
[2020-07-28 16:09:45] [[32minfo[39m] offset time client vs server: 0
[2020-07-28 16:09:45] [[32minfo[39m] check status offer "5f1fd5cc7ea01425c46a2d09"current time 1595927385| time finish 1595962980
[2020-07-28 16:09:45] [[32minfo[39m] offset time client vs server: 0
[2020-07-28 16:10:07] [[32minfo[39m] checkStatusOfferLive[{"totalGame":{"from":0,"to":100},"totalCost":{"from":0,"to":1000},"numberPay":{"from":0,"to":10},"lastPaidPack":{"from":0,"to":100},"age":{"from":0,"to":7464960000},"timeLastOnline":{"from":0,"to":7464960000},"channelGame":{"from":0,"to":7},"nameObject":"testing 3","offerLive":{"groupOffer":"5f1fa416c175a812f8392848","groupObject":"5f1fd5cc7ea01425c46a2d09","isExpired":false,"timeStart":1595880180,"timeFinish":1595962980,"totalBought":1,"totalShow":8,"totalReceived":1,"_id":"5f1fcde27ea01425c46a2d05","__v":0},"totalUser":1,"_id":"5f1fd5cc7ea01425c46a2d09","channelPayment":"IAP","__v":0}]
[2020-07-28 16:10:07] [[32minfo[39m] offset time client vs server: 0
[2020-07-28 16:10:07] [[32minfo[39m] check status offer "5f1fd5cc7ea01425c46a2d09"current time 1595927407| time finish 1595962980
[2020-07-28 16:10:07] [[32minfo[39m] offset time client vs server: 0
[2020-07-28 16:10:18] [[32minfo[39m] checkStatusOfferLive[{"totalGame":{"from":0,"to":100},"totalCost":{"from":0,"to":1000},"numberPay":{"from":0,"to":10},"lastPaidPack":{"from":0,"to":100},"age":{"from":0,"to":7464960000},"timeLastOnline":{"from":0,"to":7464960000},"channelGame":{"from":0,"to":7},"nameObject":"testing 3","offerLive":{"groupOffer":"5f1fa416c175a812f8392848","groupObject":"5f1fd5cc7ea01425c46a2d09","isExpired":false,"timeStart":1595880180,"timeFinish":1595962980,"totalBought":1,"totalShow":8,"totalReceived":1,"_id":"5f1fcde27ea01425c46a2d05","__v":0},"totalUser":1,"_id":"5f1fd5cc7ea01425c46a2d09","channelPayment":"IAP","__v":0}]
[2020-07-28 16:10:18] [[32minfo[39m] offset time client vs server: 0
[2020-07-28 16:10:18] [[32minfo[39m] check status offer "5f1fd5cc7ea01425c46a2d09"current time 1595927418| time finish 1595962980
[2020-07-28 16:10:18] [[32minfo[39m] offset time client vs server: 0
[2020-07-28 16:10:23] [[32minfo[39m] checkStatusOfferLive[{"totalGame":{"from":0,"to":100},"totalCost":{"from":0,"to":1000},"numberPay":{"from":0,"to":10},"lastPaidPack":{"from":0,"to":100},"age":{"from":0,"to":7464960000},"timeLastOnline":{"from":0,"to":7464960000},"channelGame":{"from":0,"to":7},"nameObject":"testing 3","offerLive":{"groupOffer":"5f1fa416c175a812f8392848","groupObject":"5f1fd5cc7ea01425c46a2d09","isExpired":false,"timeStart":1595880180,"timeFinish":1595962980,"totalBought":1,"totalShow":8,"totalReceived":1,"_id":"5f1fcde27ea01425c46a2d05","__v":0},"totalUser":1,"_id":"5f1fd5cc7ea01425c46a2d09","channelPayment":"IAP","__v":0}]
[2020-07-28 16:10:23] [[32minfo[39m] offset time client vs server: 0
[2020-07-28 16:10:23] [[32minfo[39m] check status offer "5f1fd5cc7ea01425c46a2d09"current time 1595927424| time finish 1595962980
[2020-07-28 16:10:23] [[32minfo[39m] offset time client vs server: 0
[2020-07-28 16:10:23] [[32minfo[39m] checkStatusOfferLive[{"totalGame":{"from":0,"to":100},"totalCost":{"from":0,"to":1000},"numberPay":{"from":0,"to":10},"lastPaidPack":{"from":0,"to":100},"age":{"from":0,"to":7464960000},"timeLastOnline":{"from":0,"to":7464960000},"channelGame":{"from":0,"to":7},"nameObject":"testing 3","offerLive":{"groupOffer":"5f1fa416c175a812f8392848","groupObject":"5f1fd5cc7ea01425c46a2d09","isExpired":false,"timeStart":1595880180,"timeFinish":1595962980,"totalBought":1,"totalShow":8,"totalReceived":1,"_id":"5f1fcde27ea01425c46a2d05","__v":0},"totalUser":1,"_id":"5f1fd5cc7ea01425c46a2d09","channelPayment":"IAP","__v":0}]
[2020-07-28 16:10:23] [[32minfo[39m] offset time client vs server: 0
[2020-07-28 16:10:23] [[32minfo[39m] check status offer "5f1fd5cc7ea01425c46a2d09"current time 1595927424| time finish 1595962980
[2020-07-28 16:10:23] [[32minfo[39m] offset time client vs server: 0
[2020-07-28 16:10:25] [[32minfo[39m] checkStatusOfferLive[{"totalGame":{"from":0,"to":100},"totalCost":{"from":0,"to":1000},"numberPay":{"from":0,"to":10},"lastPaidPack":{"from":0,"to":100},"age":{"from":0,"to":7464960000},"timeLastOnline":{"from":0,"to":7464960000},"channelGame":{"from":0,"to":7},"nameObject":"testing 3","offerLive":{"groupOffer":"5f1fa416c175a812f8392848","groupObject":"5f1fd5cc7ea01425c46a2d09","isExpired":false,"timeStart":1595880180,"timeFinish":1595962980,"totalBought":1,"totalShow":8,"totalReceived":1,"_id":"5f1fcde27ea01425c46a2d05","__v":0},"totalUser":1,"_id":"5f1fd5cc7ea01425c46a2d09","channelPayment":"IAP","__v":0}]
[2020-07-28 16:10:25] [[32minfo[39m] offset time client vs server: 0
[2020-07-28 16:10:25] [[32minfo[39m] check status offer "5f1fd5cc7ea01425c46a2d09"current time 1595927425| time finish 1595962980
[2020-07-28 16:10:25] [[32minfo[39m] offset time client vs server: 0
[2020-07-28 16:10:27] [[32minfo[39m] checkStatusOfferLive[{"totalGame":{"from":0,"to":100},"totalCost":{"from":0,"to":1000},"numberPay":{"from":0,"to":10},"lastPaidPack":{"from":0,"to":100},"age":{"from":0,"to":7464960000},"timeLastOnline":{"from":0,"to":7464960000},"channelGame":{"from":0,"to":7},"nameObject":"testing 3","offerLive":{"groupOffer":"5f1fa416c175a812f8392848","groupObject":"5f1fd5cc7ea01425c46a2d09","isExpired":false,"timeStart":1595880180,"timeFinish":1595962980,"totalBought":1,"totalShow":8,"totalReceived":1,"_id":"5f1fcde27ea01425c46a2d05","__v":0},"totalUser":1,"_id":"5f1fd5cc7ea01425c46a2d09","channelPayment":"IAP","__v":0}]
[2020-07-28 16:10:27] [[32minfo[39m] offset time client vs server: 0
[2020-07-28 16:10:27] [[32minfo[39m] check status offer "5f1fd5cc7ea01425c46a2d09"current time 1595927427| time finish 1595962980
[2020-07-28 16:10:27] [[32minfo[39m] offset time client vs server: 0
[2020-07-28 16:10:27] [[32minfo[39m] checkStatusOfferLive[{"totalGame":{"from":0,"to":100},"totalCost":{"from":0,"to":1000},"numberPay":{"from":0,"to":10},"lastPaidPack":{"from":0,"to":100},"age":{"from":0,"to":7464960000},"timeLastOnline":{"from":0,"to":7464960000},"channelGame":{"from":0,"to":7},"nameObject":"testing 3","offerLive":{"groupOffer":"5f1fa416c175a812f8392848","groupObject":"5f1fd5cc7ea01425c46a2d09","isExpired":false,"timeStart":1595880180,"timeFinish":1595962980,"totalBought":1,"totalShow":8,"totalReceived":1,"_id":"5f1fcde27ea01425c46a2d05","__v":0},"totalUser":1,"_id":"5f1fd5cc7ea01425c46a2d09","channelPayment":"IAP","__v":0}]
[2020-07-28 16:10:27] [[32minfo[39m] offset time client vs server: 0
[2020-07-28 16:10:27] [[32minfo[39m] check status offer "5f1fd5cc7ea01425c46a2d09"current time 1595927427| time finish 1595962980
[2020-07-28 16:10:27] [[32minfo[39m] offset time client vs server: 0
[2020-07-28 16:10:46] [[32minfo[39m] checkStatusOfferLive[{"totalGame":{"from":0,"to":100},"totalCost":{"from":0,"to":1000},"numberPay":{"from":0,"to":10},"lastPaidPack":{"from":0,"to":100},"age":{"from":0,"to":7464960000},"timeLastOnline":{"from":0,"to":7464960000},"channelGame":{"from":0,"to":7},"nameObject":"testing 3","offerLive":{"groupOffer":"5f1fa416c175a812f8392848","groupObject":"5f1fd5cc7ea01425c46a2d09","isExpired":false,"timeStart":1595880180,"timeFinish":1595962980,"totalBought":1,"totalShow":8,"totalReceived":1,"_id":"5f1fcde27ea01425c46a2d05","__v":0},"totalUser":1,"_id":"5f1fd5cc7ea01425c46a2d09","channelPayment":"IAP","__v":0}]
[2020-07-28 16:10:46] [[32minfo[39m] offset time client vs server: 0
[2020-07-28 16:10:46] [[32minfo[39m] check status offer "5f1fd5cc7ea01425c46a2d09"current time 1595927447| time finish 1595962980
[2020-07-28 16:10:46] [[32minfo[39m] offset time client vs server: 0
[2020-07-28 16:20:05] [[32minfo[39m] checkStatusOfferLive[{"totalGame":{"from":0,"to":100},"totalCost":{"from":0,"to":1000},"numberPay":{"from":0,"to":10},"lastPaidPack":{"from":0,"to":100},"age":{"from":0,"to":7464960000},"timeLastOnline":{"from":0,"to":7464960000},"channelGame":{"from":0,"to":7},"nameObject":"testing 3","offerLive":{"groupOffer":"5f1fa416c175a812f8392848","groupObject":"5f1fd5cc7ea01425c46a2d09","isExpired":false,"timeStart":1595880180,"timeFinish":1595962980,"totalBought":1,"totalShow":8,"totalReceived":1,"_id":"5f1fcde27ea01425c46a2d05","__v":0},"totalUser":1,"_id":"5f1fd5cc7ea01425c46a2d09","channelPayment":"IAP","__v":0}]
[2020-07-28 16:20:05] [[32minfo[39m] offset time client vs server: 0
[2020-07-28 16:20:05] [[32minfo[39m] check status offer "5f1fd5cc7ea01425c46a2d09"current time 1595928006| time finish 1595962980
[2020-07-28 16:20:05] [[32minfo[39m] offset time client vs server: 0
[2020-07-28 16:20:19] [[32minfo[39m] checkStatusOfferLive[{"totalGame":{"from":0,"to":100},"totalCost":{"from":0,"to":1000},"numberPay":{"from":0,"to":10},"lastPaidPack":{"from":0,"to":100},"age":{"from":0,"to":7464960000},"timeLastOnline":{"from":0,"to":7464960000},"channelGame":{"from":0,"to":7},"nameObject":"testing 3","offerLive":{"groupOffer":"5f1fa416c175a812f8392848","groupObject":"5f1fd5cc7ea01425c46a2d09","isExpired":false,"timeStart":1595880180,"timeFinish":1595962980,"totalBought":1,"totalShow":8,"totalReceived":1,"_id":"5f1fcde27ea01425c46a2d05","__v":0},"totalUser":1,"_id":"5f1fd5cc7ea01425c46a2d09","channelPayment":"IAP","__v":0}]
[2020-07-28 16:20:19] [[32minfo[39m] offset time client vs server: 0
[2020-07-28 16:20:19] [[32minfo[39m] check status offer "5f1fd5cc7ea01425c46a2d09"current time 1595928020| time finish 1595962980
[2020-07-28 16:20:19] [[32minfo[39m] offset time client vs server: 0
[2020-07-28 16:20:23] [[32minfo[39m] checkStatusOfferLive[{"totalGame":{"from":0,"to":100},"totalCost":{"from":0,"to":1000},"numberPay":{"from":0,"to":10},"lastPaidPack":{"from":0,"to":100},"age":{"from":0,"to":7464960000},"timeLastOnline":{"from":0,"to":7464960000},"channelGame":{"from":0,"to":7},"nameObject":"testing 3","offerLive":{"groupOffer":"5f1fa416c175a812f8392848","groupObject":"5f1fd5cc7ea01425c46a2d09","isExpired":false,"timeStart":1595880180,"timeFinish":1595962980,"totalBought":1,"totalShow":8,"totalReceived":1,"_id":"5f1fcde27ea01425c46a2d05","__v":0},"totalUser":1,"_id":"5f1fd5cc7ea01425c46a2d09","channelPayment":"IAP","__v":0}]
[2020-07-28 16:20:23] [[32minfo[39m] offset time client vs server: 0
[2020-07-28 16:20:23] [[32minfo[39m] check status offer "5f1fd5cc7ea01425c46a2d09"current time 1595928023| time finish 1595962980
[2020-07-28 16:20:23] [[32minfo[39m] offset time client vs server: 0
[2020-07-28 16:20:23] [[32minfo[39m] checkStatusOfferLive[{"totalGame":{"from":0,"to":100},"totalCost":{"from":0,"to":1000},"numberPay":{"from":0,"to":10},"lastPaidPack":{"from":0,"to":100},"age":{"from":0,"to":7464960000},"timeLastOnline":{"from":0,"to":7464960000},"channelGame":{"from":0,"to":7},"nameObject":"testing 3","offerLive":{"groupOffer":"5f1fa416c175a812f8392848","groupObject":"5f1fd5cc7ea01425c46a2d09","isExpired":false,"timeStart":1595880180,"timeFinish":1595962980,"totalBought":1,"totalShow":8,"totalReceived":1,"_id":"5f1fcde27ea01425c46a2d05","__v":0},"totalUser":1,"_id":"5f1fd5cc7ea01425c46a2d09","channelPayment":"IAP","__v":0}]
[2020-07-28 16:20:23] [[32minfo[39m] offset time client vs server: 0
[2020-07-28 16:20:23] [[32minfo[39m] check status offer "5f1fd5cc7ea01425c46a2d09"current time 1595928023| time finish 1595962980
[2020-07-28 16:20:23] [[32minfo[39m] offset time client vs server: 0
[2020-07-28 16:20:23] [[32minfo[39m] checkStatusOfferLive[{"totalGame":{"from":0,"to":100},"totalCost":{"from":0,"to":1000},"numberPay":{"from":0,"to":10},"lastPaidPack":{"from":0,"to":100},"age":{"from":0,"to":7464960000},"timeLastOnline":{"from":0,"to":7464960000},"channelGame":{"from":0,"to":7},"nameObject":"testing 3","offerLive":{"groupOffer":"5f1fa416c175a812f8392848","groupObject":"5f1fd5cc7ea01425c46a2d09","isExpired":false,"timeStart":1595880180,"timeFinish":1595962980,"totalBought":1,"totalShow":8,"totalReceived":1,"_id":"5f1fcde27ea01425c46a2d05","__v":0},"totalUser":1,"_id":"5f1fd5cc7ea01425c46a2d09","channelPayment":"IAP","__v":0}]
[2020-07-28 16:20:23] [[32minfo[39m] offset time client vs server: 0
[2020-07-28 16:20:23] [[32minfo[39m] check status offer "5f1fd5cc7ea01425c46a2d09"current time 1595928024| time finish 1595962980
[2020-07-28 16:20:23] [[32minfo[39m] offset time client vs server: 0
[2020-07-28 16:22:56] [[32minfo[39m] checkStatusOfferLive[{"totalGame":{"from":0,"to":100},"totalCost":{"from":0,"to":1000},"numberPay":{"from":0,"to":10},"lastPaidPack":{"from":0,"to":100},"age":{"from":0,"to":7464960000},"timeLastOnline":{"from":0,"to":7464960000},"channelGame":{"from":0,"to":7},"nameObject":"testing 3","offerLive":{"groupOffer":"5f1fa416c175a812f8392848","groupObject":"5f1fd5cc7ea01425c46a2d09","isExpired":false,"timeStart":1595880180,"timeFinish":1595962980,"totalBought":1,"totalShow":8,"totalReceived":1,"_id":"5f1fcde27ea01425c46a2d05","__v":0},"totalUser":1,"_id":"5f1fd5cc7ea01425c46a2d09","channelPayment":"IAP","__v":0}]
[2020-07-28 16:22:56] [[32minfo[39m] offset time client vs server: 0
[2020-07-28 16:22:56] [[32minfo[39m] check status offer "5f1fd5cc7ea01425c46a2d09"current time 1595928177| time finish 1595962980
[2020-07-28 16:22:56] [[32minfo[39m] offset time client vs server: 0
[2020-07-28 16:22:56] [[32minfo[39m] checkStatusOfferLive[{"totalGame":{"from":0,"to":100},"totalCost":{"from":0,"to":1000},"numberPay":{"from":0,"to":10},"lastPaidPack":{"from":0,"to":100},"age":{"from":0,"to":7464960000},"timeLastOnline":{"from":0,"to":7464960000},"channelGame":{"from":0,"to":7},"nameObject":"testing 3","offerLive":{"groupOffer":"5f1fa416c175a812f8392848","groupObject":"5f1fd5cc7ea01425c46a2d09","isExpired":false,"timeStart":1595880180,"timeFinish":1595962980,"totalBought":1,"totalShow":8,"totalReceived":1,"_id":"5f1fcde27ea01425c46a2d05","__v":0},"totalUser":1,"_id":"5f1fd5cc7ea01425c46a2d09","channelPayment":"IAP","__v":0}]
[2020-07-28 16:22:56] [[32minfo[39m] offset time client vs server: 0
[2020-07-28 16:22:56] [[32minfo[39m] check status offer "5f1fd5cc7ea01425c46a2d09"current time 1595928177| time finish 1595962980
[2020-07-28 16:22:56] [[32minfo[39m] offset time client vs server: 0
[2020-07-28 16:22:58] [[32minfo[39m] checkStatusOfferLive[{"totalGame":{"from":0,"to":100},"totalCost":{"from":0,"to":1000},"numberPay":{"from":0,"to":10},"lastPaidPack":{"from":0,"to":100},"age":{"from":0,"to":7464960000},"timeLastOnline":{"from":0,"to":7464960000},"channelGame":{"from":0,"to":7},"nameObject":"testing 3","offerLive":{"groupOffer":"5f1fa416c175a812f8392848","groupObject":"5f1fd5cc7ea01425c46a2d09","isExpired":false,"timeStart":1595880180,"timeFinish":1595962980,"totalBought":1,"totalShow":8,"totalReceived":1,"_id":"5f1fcde27ea01425c46a2d05","__v":0},"totalUser":1,"_id":"5f1fd5cc7ea01425c46a2d09","channelPayment":"IAP","__v":0}]
[2020-07-28 16:22:58] [[32minfo[39m] offset time client vs server: 0
[2020-07-28 16:22:58] [[32minfo[39m] check status offer "5f1fd5cc7ea01425c46a2d09"current time 1595928178| time finish 1595962980
[2020-07-28 16:22:58] [[32minfo[39m] offset time client vs server: 0
[2020-07-28 16:23:28] [[32minfo[39m] checkStatusOfferLive[{"totalGame":{"from":0,"to":100},"totalCost":{"from":0,"to":1000},"numberPay":{"from":0,"to":10},"lastPaidPack":{"from":0,"to":100},"age":{"from":0,"to":7464960000},"timeLastOnline":{"from":0,"to":7464960000},"channelGame":{"from":0,"to":7},"nameObject":"testing 3","offerLive":{"groupOffer":"5f1fa416c175a812f8392848","groupObject":"5f1fd5cc7ea01425c46a2d09","isExpired":false,"timeStart":1595880180,"timeFinish":1595962980,"totalBought":1,"totalShow":8,"totalReceived":1,"_id":"5f1fcde27ea01425c46a2d05","__v":0},"totalUser":1,"_id":"5f1fd5cc7ea01425c46a2d09","channelPayment":"IAP","__v":0}]
[2020-07-28 16:23:28] [[32minfo[39m] offset time client vs server: 0
[2020-07-28 16:23:28] [[32minfo[39m] check status offer "5f1fd5cc7ea01425c46a2d09"current time 1595928209| time finish 1595962980
[2020-07-28 16:23:28] [[32minfo[39m] offset time client vs server: 0
[2020-07-28 16:23:45] [[32minfo[39m] checkStatusOfferLive[{"totalGame":{"from":0,"to":100},"totalCost":{"from":0,"to":1000},"numberPay":{"from":0,"to":10},"lastPaidPack":{"from":0,"to":100},"age":{"from":0,"to":7464960000},"timeLastOnline":{"from":0,"to":7464960000},"channelGame":{"from":0,"to":7},"nameObject":"testing 3","offerLive":{"groupOffer":"5f1fa416c175a812f8392848","groupObject":"5f1fd5cc7ea01425c46a2d09","isExpired":false,"timeStart":1595880180,"timeFinish":1595962980,"totalBought":1,"totalShow":8,"totalReceived":1,"_id":"5f1fcde27ea01425c46a2d05","__v":0},"totalUser":1,"_id":"5f1fd5cc7ea01425c46a2d09","channelPayment":"IAP","__v":0}]
[2020-07-28 16:23:45] [[32minfo[39m] offset time client vs server: 0
[2020-07-28 16:23:45] [[32minfo[39m] check status offer "5f1fd5cc7ea01425c46a2d09"current time 1595928225| time finish 1595962980
[2020-07-28 16:23:45] [[32minfo[39m] offset time client vs server: 0
[2020-07-28 16:23:45] [[32minfo[39m] checkStatusOfferLive[{"totalGame":{"from":0,"to":100},"totalCost":{"from":0,"to":1000},"numberPay":{"from":0,"to":10},"lastPaidPack":{"from":0,"to":100},"age":{"from":0,"to":7464960000},"timeLastOnline":{"from":0,"to":7464960000},"channelGame":{"from":0,"to":7},"nameObject":"testing 3","offerLive":{"groupOffer":"5f1fa416c175a812f8392848","groupObject":"5f1fd5cc7ea01425c46a2d09","isExpired":false,"timeStart":1595880180,"timeFinish":1595962980,"totalBought":1,"totalShow":8,"totalReceived":1,"_id":"5f1fcde27ea01425c46a2d05","__v":0},"totalUser":1,"_id":"5f1fd5cc7ea01425c46a2d09","channelPayment":"IAP","__v":0}]
[2020-07-28 16:23:45] [[32minfo[39m] offset time client vs server: 0
[2020-07-28 16:23:45] [[32minfo[39m] check status offer "5f1fd5cc7ea01425c46a2d09"current time 1595928225| time finish 1595962980
[2020-07-28 16:23:45] [[32minfo[39m] offset time client vs server: 0
[2020-07-28 16:31:17] [[32minfo[39m] checkStatusOfferLive[{"totalGame":{"from":0,"to":100},"totalCost":{"from":0,"to":1000},"numberPay":{"from":0,"to":10},"lastPaidPack":{"from":0,"to":100},"age":{"from":0,"to":7464960000},"timeLastOnline":{"from":0,"to":7464960000},"channelGame":{"from":0,"to":7},"nameObject":"testing 3","offerLive":{"groupOffer":"5f1fa416c175a812f8392848","groupObject":"5f1fd5cc7ea01425c46a2d09","isExpired":false,"timeStart":1595880180,"timeFinish":1595962980,"totalBought":1,"totalShow":8,"totalReceived":1,"_id":"5f1fcde27ea01425c46a2d05","__v":0},"totalUser":1,"_id":"5f1fd5cc7ea01425c46a2d09","channelPayment":"IAP","__v":0}]
[2020-07-28 16:31:17] [[32minfo[39m] offset time client vs server: 0
[2020-07-28 16:31:17] [[32minfo[39m] check status offer "5f1fd5cc7ea01425c46a2d09"current time 1595928678| time finish 1595962980
[2020-07-28 16:31:17] [[32minfo[39m] offset time client vs server: 0
[2020-07-28 16:31:19] [[32minfo[39m] checkStatusOfferLive[{"totalGame":{"from":0,"to":100},"totalCost":{"from":0,"to":1000},"numberPay":{"from":0,"to":10},"lastPaidPack":{"from":0,"to":100},"age":{"from":0,"to":7464960000},"timeLastOnline":{"from":0,"to":7464960000},"channelGame":{"from":0,"to":7},"nameObject":"testing 3","offerLive":{"groupOffer":"5f1fa416c175a812f8392848","groupObject":"5f1fd5cc7ea01425c46a2d09","isExpired":false,"timeStart":1595880180,"timeFinish":1595962980,"totalBought":1,"totalShow":8,"totalReceived":1,"_id":"5f1fcde27ea01425c46a2d05","__v":0},"totalUser":1,"_id":"5f1fd5cc7ea01425c46a2d09","channelPayment":"IAP","__v":0}]
[2020-07-28 16:31:19] [[32minfo[39m] offset time client vs server: 0
[2020-07-28 16:31:19] [[32minfo[39m] check status offer "5f1fd5cc7ea01425c46a2d09"current time 1595928679| time finish 1595962980
[2020-07-28 16:31:19] [[32minfo[39m] offset time client vs server: 0
[2020-07-28 16:31:19] [[32minfo[39m] checkStatusOfferLive[{"totalGame":{"from":0,"to":100},"totalCost":{"from":0,"to":1000},"numberPay":{"from":0,"to":10},"lastPaidPack":{"from":0,"to":100},"age":{"from":0,"to":7464960000},"timeLastOnline":{"from":0,"to":7464960000},"channelGame":{"from":0,"to":7},"nameObject":"testing 3","offerLive":{"groupOffer":"5f1fa416c175a812f8392848","groupObject":"5f1fd5cc7ea01425c46a2d09","isExpired":false,"timeStart":1595880180,"timeFinish":1595962980,"totalBought":1,"totalShow":8,"totalReceived":1,"_id":"5f1fcde27ea01425c46a2d05","__v":0},"totalUser":1,"_id":"5f1fd5cc7ea01425c46a2d09","channelPayment":"IAP","__v":0}]
[2020-07-28 16:31:19] [[32minfo[39m] offset time client vs server: 0
[2020-07-28 16:31:19] [[32minfo[39m] check status offer "5f1fd5cc7ea01425c46a2d09"current time 1595928679| time finish 1595962980
[2020-07-28 16:31:19] [[32minfo[39m] offset time client vs server: 0
[2020-07-28 16:31:19] [[32minfo[39m] checkStatusOfferLive[{"totalGame":{"from":0,"to":100},"totalCost":{"from":0,"to":1000},"numberPay":{"from":0,"to":10},"lastPaidPack":{"from":0,"to":100},"age":{"from":0,"to":7464960000},"timeLastOnline":{"from":0,"to":7464960000},"channelGame":{"from":0,"to":7},"nameObject":"testing 3","offerLive":{"groupOffer":"5f1fa416c175a812f8392848","groupObject":"5f1fd5cc7ea01425c46a2d09","isExpired":false,"timeStart":1595880180,"timeFinish":1595962980,"totalBought":1,"totalShow":8,"totalReceived":1,"_id":"5f1fcde27ea01425c46a2d05","__v":0},"totalUser":1,"_id":"5f1fd5cc7ea01425c46a2d09","channelPayment":"IAP","__v":0}]
[2020-07-28 16:31:19] [[32minfo[39m] offset time client vs server: 0
[2020-07-28 16:31:19] [[32minfo[39m] check status offer "5f1fd5cc7ea01425c46a2d09"current time 1595928680| time finish 1595962980
[2020-07-28 16:31:19] [[32minfo[39m] offset time client vs server: 0
[2020-07-28 16:31:21] [[32minfo[39m] checkStatusOfferLive[{"totalGame":{"from":0,"to":100},"totalCost":{"from":0,"to":1000},"numberPay":{"from":0,"to":10},"lastPaidPack":{"from":0,"to":100},"age":{"from":0,"to":7464960000},"timeLastOnline":{"from":0,"to":7464960000},"channelGame":{"from":0,"to":7},"nameObject":"testing 3","offerLive":{"groupOffer":"5f1fa416c175a812f8392848","groupObject":"5f1fd5cc7ea01425c46a2d09","isExpired":false,"timeStart":1595880180,"timeFinish":1595962980,"totalBought":1,"totalShow":8,"totalReceived":1,"_id":"5f1fcde27ea01425c46a2d05","__v":0},"totalUser":1,"_id":"5f1fd5cc7ea01425c46a2d09","channelPayment":"IAP","__v":0}]
[2020-07-28 16:31:21] [[32minfo[39m] offset time client vs server: 0
[2020-07-28 16:31:21] [[32minfo[39m] check status offer "5f1fd5cc7ea01425c46a2d09"current time 1595928682| time finish 1595962980
[2020-07-28 16:31:21] [[32minfo[39m] offset time client vs server: 0
[2020-07-28 16:31:24] [[32minfo[39m] checkStatusOfferLive[{"totalGame":{"from":0,"to":100},"totalCost":{"from":0,"to":1000},"numberPay":{"from":0,"to":10},"lastPaidPack":{"from":0,"to":100},"age":{"from":0,"to":7464960000},"timeLastOnline":{"from":0,"to":7464960000},"channelGame":{"from":0,"to":7},"nameObject":"testing 3","offerLive":{"groupOffer":"5f1fa416c175a812f8392848","groupObject":"5f1fd5cc7ea01425c46a2d09","isExpired":false,"timeStart":1595880180,"timeFinish":1595962980,"totalBought":1,"totalShow":8,"totalReceived":1,"_id":"5f1fcde27ea01425c46a2d05","__v":0},"totalUser":1,"_id":"5f1fd5cc7ea01425c46a2d09","channelPayment":"IAP","__v":0}]
[2020-07-28 16:31:24] [[32minfo[39m] offset time client vs server: 0
[2020-07-28 16:31:24] [[32minfo[39m] check status offer "5f1fd5cc7ea01425c46a2d09"current time 1595928684| time finish 1595962980
[2020-07-28 16:31:24] [[32minfo[39m] offset time client vs server: 0
[2020-07-28 16:31:27] [[32minfo[39m] checkStatusOfferLive[{"totalGame":{"from":0,"to":100},"totalCost":{"from":0,"to":1000},"numberPay":{"from":0,"to":10},"lastPaidPack":{"from":0,"to":100},"age":{"from":0,"to":7464960000},"timeLastOnline":{"from":0,"to":7464960000},"channelGame":{"from":0,"to":7},"nameObject":"testing 3","offerLive":{"groupOffer":"5f1fa416c175a812f8392848","groupObject":"5f1fd5cc7ea01425c46a2d09","isExpired":false,"timeStart":1595880180,"timeFinish":1595962980,"totalBought":1,"totalShow":8,"totalReceived":1,"_id":"5f1fcde27ea01425c46a2d05","__v":0},"totalUser":1,"_id":"5f1fd5cc7ea01425c46a2d09","channelPayment":"IAP","__v":0}]
[2020-07-28 16:31:27] [[32minfo[39m] offset time client vs server: 0
[2020-07-28 16:31:27] [[32minfo[39m] check status offer "5f1fd5cc7ea01425c46a2d09"current time 1595928688| time finish 1595962980
[2020-07-28 16:31:27] [[32minfo[39m] offset time client vs server: 0
[2020-07-28 16:31:27] [[32minfo[39m] checkStatusOfferLive[{"totalGame":{"from":0,"to":100},"totalCost":{"from":0,"to":1000},"numberPay":{"from":0,"to":10},"lastPaidPack":{"from":0,"to":100},"age":{"from":0,"to":7464960000},"timeLastOnline":{"from":0,"to":7464960000},"channelGame":{"from":0,"to":7},"nameObject":"testing 3","offerLive":{"groupOffer":"5f1fa416c175a812f8392848","groupObject":"5f1fd5cc7ea01425c46a2d09","isExpired":false,"timeStart":1595880180,"timeFinish":1595962980,"totalBought":1,"totalShow":8,"totalReceived":1,"_id":"5f1fcde27ea01425c46a2d05","__v":0},"totalUser":1,"_id":"5f1fd5cc7ea01425c46a2d09","channelPayment":"IAP","__v":0}]
[2020-07-28 16:31:27] [[32minfo[39m] offset time client vs server: 0
[2020-07-28 16:31:27] [[32minfo[39m] check status offer "5f1fd5cc7ea01425c46a2d09"current time 1595928688| time finish 1595962980
[2020-07-28 16:31:27] [[32minfo[39m] offset time client vs server: 0
[2020-07-28 16:31:30] [[32minfo[39m] checkStatusOfferLive[{"totalGame":{"from":0,"to":100},"totalCost":{"from":0,"to":1000},"numberPay":{"from":0,"to":10},"lastPaidPack":{"from":0,"to":100},"age":{"from":0,"to":7464960000},"timeLastOnline":{"from":0,"to":7464960000},"channelGame":{"from":0,"to":7},"nameObject":"testing 3","offerLive":{"groupOffer":"5f1fa416c175a812f8392848","groupObject":"5f1fd5cc7ea01425c46a2d09","isExpired":false,"timeStart":1595880180,"timeFinish":1595962980,"totalBought":1,"totalShow":8,"totalReceived":1,"_id":"5f1fcde27ea01425c46a2d05","__v":0},"totalUser":1,"_id":"5f1fd5cc7ea01425c46a2d09","channelPayment":"IAP","__v":0}]
[2020-07-28 16:31:30] [[32minfo[39m] offset time client vs server: 0
[2020-07-28 16:31:30] [[32minfo[39m] check status offer "5f1fd5cc7ea01425c46a2d09"current time 1595928691| time finish 1595962980
[2020-07-28 16:31:30] [[32minfo[39m] offset time client vs server: 0
[2020-07-28 16:31:37] [[32minfo[39m] checkStatusOfferLive[{"totalGame":{"from":0,"to":100},"totalCost":{"from":0,"to":1000},"numberPay":{"from":0,"to":10},"lastPaidPack":{"from":0,"to":100},"age":{"from":0,"to":7464960000},"timeLastOnline":{"from":0,"to":7464960000},"channelGame":{"from":0,"to":7},"nameObject":"testing 3","offerLive":{"groupOffer":"5f1fa416c175a812f8392848","groupObject":"5f1fd5cc7ea01425c46a2d09","isExpired":false,"timeStart":1595880180,"timeFinish":1595962980,"totalBought":1,"totalShow":8,"totalReceived":1,"_id":"5f1fcde27ea01425c46a2d05","__v":0},"totalUser":1,"_id":"5f1fd5cc7ea01425c46a2d09","channelPayment":"IAP","__v":0}]
[2020-07-28 16:31:37] [[32minfo[39m] offset time client vs server: 0
[2020-07-28 16:31:37] [[32minfo[39m] check status offer "5f1fd5cc7ea01425c46a2d09"current time 1595928698| time finish 1595962980
[2020-07-28 16:31:37] [[32minfo[39m] offset time client vs server: 0
[2020-07-28 16:43:07] [[32minfo[39m] checkStatusOfferLive[{"totalGame":{"from":0,"to":100},"totalCost":{"from":0,"to":1000},"numberPay":{"from":0,"to":10},"lastPaidPack":{"from":0,"to":100},"age":{"from":0,"to":7464960000},"timeLastOnline":{"from":0,"to":7464960000},"channelGame":{"from":0,"to":7},"nameObject":"testing 3","offerLive":{"groupOffer":"5f1fa416c175a812f8392848","groupObject":"5f1fd5cc7ea01425c46a2d09","isExpired":false,"timeStart":1595880180,"timeFinish":1595962980,"totalBought":1,"totalShow":8,"totalReceived":1,"_id":"5f1fcde27ea01425c46a2d05","__v":0},"totalUser":1,"_id":"5f1fd5cc7ea01425c46a2d09","channelPayment":"IAP","__v":0}]
[2020-07-28 16:43:07] [[32minfo[39m] offset time client vs server: 0
[2020-07-28 16:43:07] [[32minfo[39m] check status offer "5f1fd5cc7ea01425c46a2d09"current time 1595929387| time finish 1595962980
[2020-07-28 16:43:07] [[32minfo[39m] offset time client vs server: 0
[2020-07-28 16:43:14] [[32minfo[39m] checkStatusOfferLive[]
[2020-07-28 16:43:16] [[32minfo[39m] checkStatusOfferLive[]
[2020-07-28 16:43:16] [[32minfo[39m] checkStatusOfferLive[]
[2020-07-28 16:43:21] [[32minfo[39m] checkStatusOfferLive[]
[2020-07-28 16:43:23] [[32minfo[39m] checkStatusOfferLive[]
[2020-07-28 16:43:24] [[32minfo[39m] checkStatusOfferLive[]
[2020-07-28 16:43:24] [[32minfo[39m] checkStatusOfferLive[]
[2020-07-28 16:43:48] [[32minfo[39m] receive message from kafka: {"topic":"p13_action_2","value":"106219743|1595908706|1595929428|3|1595929428","offset":22,"partition":0,"highWaterOffset":23,"key":"p13|user_login"}
[2020-07-28 16:43:48] [[32minfo[39m] tracking user login gameId: p13 | message:106219743|1595908706|1595929428|3|1595929428
[2020-07-28 16:43:48] [[32minfo[39m] set current time server 1595929428
[2020-07-28 16:45:16] [[32minfo[39m] receive message from kafka: {"topic":"p13_action_2","value":"106219743|1595908706|1595929516|3|1595929516","offset":23,"partition":0,"highWaterOffset":24,"key":"p13|user_login"}
[2020-07-28 16:45:16] [[32minfo[39m] tracking user login gameId: p13 | message:106219743|1595908706|1595929516|3|1595929516
[2020-07-28 16:45:16] [[32minfo[39m] set current time server 1595929516
[2020-07-28 16:48:50] [[32minfo[39m] checkStatusOfferLive[]
[2020-07-28 16:49:29] [[32minfo[39m] checkStatusOfferLive[]
[2020-07-28 16:51:37] [[32minfo[39m] checkStatusOfferLive[]
[2020-07-28 16:51:37] [[32minfo[39m] checkStatusOfferLive[]
[2020-07-28 16:51:59] [[32minfo[39m] checkStatusOfferLive[]
[2020-07-28 16:52:01] [[32minfo[39m] checkStatusOfferLive[]
[2020-07-28 16:52:01] [[32minfo[39m] checkStatusOfferLive[]
[2020-07-28 16:52:02] [[32minfo[39m] checkStatusOfferLive[]
[2020-07-28 16:52:04] [[32minfo[39m] checkStatusOfferLive[]
[2020-07-28 16:52:04] [[32minfo[39m] checkStatusOfferLive[]
[2020-07-28 16:52:15] [[32minfo[39m] checkStatusOfferLive[]
[2020-07-28 16:52:15] [[32minfo[39m] checkStatusOfferLive[]
[2020-07-28 16:59:15] [[32minfo[39m] checkStatusOfferLive[]
[2020-07-28 16:59:25] [[32minfo[39m] checkStatusOfferLive[]
[2020-07-28 16:59:29] [[32minfo[39m] offset time client vs server: 0
[2020-07-28 16:59:29] [[32minfo[39m] offset time client vs server: 0
[2020-07-28 16:59:29] [[32minfo[39m] offset time client vs server: 0
[2020-07-28 16:59:29] [[32minfo[39m] offset time client vs server: 0
[2020-07-28 16:59:29] [[32minfo[39m] offset time client vs server: 0
[2020-07-28 16:59:29] [[32minfo[39m] offset time client vs server: 0
